#
# There is insufficient memory for the Java Runtime Environment to continue.
# Native memory allocation (mmap) failed to map 95420416 bytes for Failed to commit area from 0x0000000096800000 to 0x000000009c300000 of length 95420416.
# Possible reasons:
#   The system is out of physical RAM or swap space
#   The process is running with CompressedOops enabled, and the Java Heap may be blocking the growth of the native heap
# Possible solutions:
#   Reduce memory load on the system
#   Increase physical memory or swap space
#   Check if swap backing store is full
#   Decrease Java heap size (-Xmx/-Xms)
#   Decrease number of Java threads
#   Decrease Java thread stack sizes (-Xss)
#   Set larger code cache with -XX:ReservedCodeCacheSize=
#   JVM is running with Unscaled Compressed Oops mode in which the Java heap is
#     placed in the first 4GB address space. The Java Heap base address is the
#     maximum limit for the native heap growth. Please use -XX:HeapBaseMinAddress
#     to set the Java Heap base and to place the Java Heap above 4GB virtual address.
# This output file may be truncated or incomplete.
#
#  Out of Memory Error (./src/hotspot/os/windows/os_windows.cpp:3301), pid=19296, tid=15488
#
# JRE version: OpenJDK Runtime Environment (11.0.10) (build 11.0.10+0-b96-7249189)
# Java VM: OpenJDK 64-Bit Server VM (11.0.10+0-b96-7249189, mixed mode, tiered, compressed oops, g1 gc, windows-amd64)
# No core dump will be written. Minidumps are not enabled by default on client versions of Windows
#

---------------  S U M M A R Y ------------

Command Line: --add-opens=java.base/java.util=ALL-UNNAMED --add-opens=java.base/java.lang=ALL-UNNAMED --add-opens=java.base/java.lang.invoke=ALL-UNNAMED --add-opens=java.base/java.util=ALL-UNNAMED --add-opens=java.prefs/java.util.prefs=ALL-UNNAMED --add-opens=java.prefs/java.util.prefs=ALL-UNNAMED --add-opens=java.base/java.nio.charset=ALL-UNNAMED --add-opens=java.base/java.net=ALL-UNNAMED --add-opens=java.base/java.util.concurrent.atomic=ALL-UNNAMED -Xmx2048m -Dfile.encoding=UTF-8 -Duser.country=US -Duser.language=en -Duser.variant org.gradle.launcher.daemon.bootstrap.GradleDaemon 7.0.2

Host: Intel(R) Core(TM) i7-1065G7 CPU @ 1.30GHz, 8 cores, 15G,  Windows 10 , 64 bit Build 19041 (10.0.19041.1466)
Time: Fri Jan 28 13:08:04 2022 Pacific Standard Time elapsed time: 12.743697 seconds (0d 0h 0m 12s)

---------------  T H R E A D  ---------------

Current thread (0x000001667fbe8000):  VMThread "VM Thread" [stack: 0x000000187cf00000,0x000000187d000000] [id=15488]

Stack: [0x000000187cf00000,0x000000187d000000]
[error occurred during error reporting (printing stack bounds), id 0xc0000005, EXCEPTION_ACCESS_VIOLATION (0xc0000005) at pc=0x00000166000010e7]

Native frames: (J=compiled Java code, j=interpreted, Vv=VM code, C=native code)
V  [jvm.dll+0x5ecfaa]
V  [jvm.dll+0x722bd5]
V  [jvm.dll+0x72412d]
V  [jvm.dll+0x724745]
V  [jvm.dll+0x7246fb]
V  [jvm.dll+0x5ec348]
V  [jvm.dll+0x5ecad8]
C  [ntdll.dll+0xa20cf]
C  [ntdll.dll+0x51454]
C  [ntdll.dll+0xa0bfe]
C  0x00000166000010e7

VM_Operation (0x00000018002f93d0): G1CollectForAllocation, mode: safepoint, requested by thread 0x000001661669c000


---------------  P R O C E S S  ---------------

Threads class SMR info:
_java_thread_list=0x00000166206af600, length=65, elements={
0x0000016675edd800, 0x000001667fbea000, 0x000001667fbf7800, 0x000001667fc49000,
0x000001667fc4a000, 0x000001667fc4b000, 0x000001667fc4f800, 0x000001667fc50800,
0x000001667fc57000, 0x000001667fdd4000, 0x000001667fea6800, 0x0000016612f6c000,
0x00000166115f5000, 0x0000016613356800, 0x00000166131ae000, 0x0000016612c38000,
0x0000016613081800, 0x0000016612e46000, 0x0000016613651000, 0x0000016612f95800,
0x00000166130e0800, 0x00000166130e1000, 0x00000166130de800, 0x00000166130dd000,
0x00000166130de000, 0x00000166130e2000, 0x00000166130df800, 0x00000166130dc800,
0x00000166130e3000, 0x0000016616694800, 0x0000016614ae3800, 0x0000016616690800,
0x0000016616691000, 0x0000016616693000, 0x000001661668f800, 0x000001661668e800,
0x0000016616698800, 0x000001661669b000, 0x0000016616699800, 0x0000016616697000,
0x0000016616695000, 0x000001661669a000, 0x000001661669c000, 0x0000016616696000,
0x000001661669c800, 0x000001661669d800, 0x0000016616697800, 0x000001661442e800,
0x000001661442d000, 0x000001661442d800, 0x000001661442f800, 0x0000016614431000,
0x0000016614432000, 0x0000016614433800, 0x0000016613381800, 0x0000016613382800,
0x0000016613380000, 0x0000016613381000, 0x0000016613384000, 0x0000016613383000,
0x0000016613385000, 0x000001661337f000, 0x0000016613385800, 0x0000016613389800,
0x000001661338a800
}

Java Threads: ( => current thread )
  0x0000016675edd800 JavaThread "main" [_thread_blocked, id=13752, stack(0x000000187c900000,0x000000187ca00000)]
  0x000001667fbea000 JavaThread "Reference Handler" daemon [_thread_blocked, id=7160, stack(0x000000187d000000,0x000000187d100000)]
  0x000001667fbf7800 JavaThread "Finalizer" daemon [_thread_blocked, id=6656, stack(0x000000187d100000,0x000000187d200000)]
  0x000001667fc49000 JavaThread "Signal Dispatcher" daemon [_thread_blocked, id=20284, stack(0x000000187d200000,0x000000187d300000)]
  0x000001667fc4a000 JavaThread "Attach Listener" daemon [_thread_blocked, id=14700, stack(0x000000187d300000,0x000000187d400000)]
  0x000001667fc4b000 JavaThread "Service Thread" daemon [_thread_blocked, id=15132, stack(0x000000187d400000,0x000000187d500000)]
  0x000001667fc4f800 JavaThread "C2 CompilerThread0" daemon [_thread_in_native, id=2848, stack(0x000000187d500000,0x000000187d600000)]
  0x000001667fc50800 JavaThread "C1 CompilerThread0" daemon [_thread_blocked, id=3780, stack(0x000000187d600000,0x000000187d700000)]
  0x000001667fc57000 JavaThread "Sweeper thread" daemon [_thread_blocked, id=688, stack(0x000000187d700000,0x000000187d800000)]
  0x000001667fdd4000 JavaThread "Common-Cleaner" daemon [_thread_blocked, id=22328, stack(0x000000187d800000,0x000000187d900000)]
  0x000001667fea6800 JavaThread "C2 CompilerThread1" daemon [_thread_in_native, id=18988, stack(0x000000187da00000,0x000000187db00000)]
  0x0000016612f6c000 JavaThread "Daemon health stats" [_thread_blocked, id=22424, stack(0x000000187e100000,0x000000187e200000)]
  0x00000166115f5000 JavaThread "Incoming local TCP Connector on port 60471" [_thread_in_native, id=21588, stack(0x000000187db00000,0x000000187dc00000)]
  0x0000016613356800 JavaThread "Daemon periodic checks" [_thread_blocked, id=17388, stack(0x000000187e200000,0x000000187e300000)]
  0x00000166131ae000 JavaThread "Daemon" [_thread_blocked, id=11548, stack(0x000000187e300000,0x000000187e400000)]
  0x0000016612c38000 JavaThread "Handler for socket connection from /127.0.0.1:60471 to /127.0.0.1:60472" [_thread_in_native, id=20016, stack(0x000000187e400000,0x000000187e500000)]
  0x0000016613081800 JavaThread "Cancel handler" [_thread_blocked, id=17000, stack(0x000000187e500000,0x000000187e600000)]
  0x0000016612e46000 JavaThread "Daemon worker" [_thread_blocked, id=18772, stack(0x000000187e600000,0x000000187e700000)]
  0x0000016613651000 JavaThread "Asynchronous log dispatcher for DefaultDaemonConnection: socket connection from /127.0.0.1:60471 to /127.0.0.1:60472" [_thread_blocked, id=13480, stack(0x000000187e700000,0x000000187e800000)]
  0x0000016612f95800 JavaThread "Stdin handler" [_thread_blocked, id=16308, stack(0x000000187e800000,0x000000187e900000)]
  0x00000166130e0800 JavaThread "Daemon client event forwarder" [_thread_blocked, id=19876, stack(0x000000187e900000,0x000000187ea00000)]
  0x00000166130e1000 JavaThread "Cache worker for file hash cache (C:\Users\Halcyon\.gradle\caches\7.0.2\fileHashes)" [_thread_blocked, id=21324, stack(0x000000187ea00000,0x000000187eb00000)]
  0x00000166130de800 JavaThread "File lock request listener" [_thread_in_native, id=17340, stack(0x000000187eb00000,0x000000187ec00000)]
  0x00000166130dd000 JavaThread "Cache worker for journal cache (C:\Users\Halcyon\.gradle\caches\journal-1)" [_thread_blocked, id=20700, stack(0x000000187ef00000,0x000000187f000000)]
  0x00000166130de000 JavaThread "Cache worker for file hash cache (C:\Users\Halcyon\Desktop\SP22\CS301\CrazyEights_lis24_millemal22_sakata24_uyechi23\.gradle\7.0.2\fileHashes)" [_thread_blocked, id=3484, stack(0x000000187f000000,0x000000187f100000)]
  0x00000166130e2000 JavaThread "File watcher server" daemon [_thread_blocked, id=9444, stack(0x000000187f100000,0x000000187f200000)]
  0x00000166130df800 JavaThread "File watcher consumer" daemon [_thread_blocked, id=22244, stack(0x000000187f200000,0x000000187f300000)]
  0x00000166130dc800 JavaThread "Cache worker for checksums cache (C:\Users\Halcyon\Desktop\SP22\CS301\CrazyEights_lis24_millemal22_sakata24_uyechi23\.gradle\checksums)" [_thread_blocked, id=11436, stack(0x000000187f300000,0x000000187f400000)]
  0x00000166130e3000 JavaThread "Cache worker for cache directory md-supplier (C:\Users\Halcyon\.gradle\caches\7.0.2\md-supplier)" [_thread_blocked, id=14808, stack(0x000000187f400000,0x000000187f500000)]
  0x0000016616694800 JavaThread "Cache worker for cache directory md-rule (C:\Users\Halcyon\.gradle\caches\7.0.2\md-rule)" [_thread_blocked, id=21204, stack(0x000000187f500000,0x000000187f600000)]
  0x0000016614ae3800 JavaThread "C2 CompilerThread2" daemon [_thread_blocked, id=18476, stack(0x000000187f600000,0x000000187f700000)]
  0x0000016616690800 JavaThread "Cache worker for execution history cache (C:\Users\Halcyon\.gradle\caches\7.0.2\executionHistory)" [_thread_blocked, id=18248, stack(0x000000187f700000,0x000000187f800000)]
  0x0000016616691000 JavaThread "jar transforms" [_thread_blocked, id=21436, stack(0x000000187f800000,0x000000187f900000)]
  0x0000016616693000 JavaThread "jar transforms Thread 2" [_thread_blocked, id=16912, stack(0x000000187f900000,0x000000187fa00000)]
  0x000001661668f800 JavaThread "Cache worker for file content cache (C:\Users\Halcyon\.gradle\caches\7.0.2\fileContent)" [_thread_blocked, id=21180, stack(0x000000187fa00000,0x000000187fb00000)]
  0x000001661668e800 JavaThread "Cache worker for dependencies-accessors (C:\Users\Halcyon\Desktop\SP22\CS301\CrazyEights_lis24_millemal22_sakata24_uyechi23\.gradle\7.0.2\dependencies-accessors)" [_thread_blocked, id=428, stack(0x000000187fb00000,0x000000187fc00000)]
  0x0000016616698800 JavaThread "jar transforms Thread 3" [_thread_blocked, id=21672, stack(0x000000187fc00000,0x000000187fd00000)]
  0x000001661669b000 JavaThread "Cache worker for Build Output Cleanup Cache (C:\Users\Halcyon\Desktop\SP22\CS301\CrazyEights_lis24_millemal22_sakata24_uyechi23\.gradle\buildOutputCleanup)" [_thread_blocked, id=20688, stack(0x000000187fd00000,0x000000187fe00000)]
  0x0000016616699800 JavaThread "Build operations" [_thread_blocked, id=20432, stack(0x000000187fe00000,0x000000187ff00000)]
  0x0000016616697000 JavaThread "Build operations Thread 2" [_thread_blocked, id=22312, stack(0x000000187ff00000,0x0000001880000000)]
  0x0000016616695000 JavaThread "Build operations Thread 3" [_thread_blocked, id=18112, stack(0x0000001800000000,0x0000001800100000)]
  0x000001661669a000 JavaThread "Build operations Thread 4" [_thread_blocked, id=18708, stack(0x0000001800100000,0x0000001800200000)]
  0x000001661669c000 JavaThread "Build operations Thread 5" [_thread_blocked, id=18840, stack(0x0000001800200000,0x0000001800300000)]
  0x0000016616696000 JavaThread "Build operations Thread 6" [_thread_blocked, id=20936, stack(0x0000001800300000,0x0000001800400000)]
  0x000001661669c800 JavaThread "Build operations Thread 7" [_thread_blocked, id=8312, stack(0x0000001800400000,0x0000001800500000)]
  0x000001661669d800 JavaThread "Build operations Thread 8" [_thread_blocked, id=15484, stack(0x0000001800500000,0x0000001800600000)]
  0x0000016616697800 JavaThread "jar transforms Thread 4" [_thread_blocked, id=19024, stack(0x0000001800600000,0x0000001800700000)]
  0x000001661442e800 JavaThread "jar transforms Thread 5" [_thread_blocked, id=18320, stack(0x0000001800700000,0x0000001800800000)]
  0x000001661442d000 JavaThread "jar transforms Thread 6" [_thread_blocked, id=21048, stack(0x0000001800800000,0x0000001800900000)]
  0x000001661442d800 JavaThread "jar transforms Thread 7" [_thread_blocked, id=20804, stack(0x0000001800900000,0x0000001800a00000)]
  0x000001661442f800 JavaThread "jar transforms Thread 8" [_thread_blocked, id=1952, stack(0x0000001800a00000,0x0000001800b00000)]
  0x0000016614431000 JavaThread "Memory manager" [_thread_blocked, id=21752, stack(0x0000001800b00000,0x0000001800c00000)]
  0x0000016614432000 JavaThread "build event listener" [_thread_blocked, id=17888, stack(0x0000001800c00000,0x0000001800d00000)]
  0x0000016614433800 JavaThread "pool-3-thread-1" [_thread_blocked, id=6072, stack(0x0000001800d00000,0x0000001800e00000)]
  0x0000016613381800 JavaThread "build event listener" [_thread_blocked, id=20000, stack(0x0000001800e00000,0x0000001800f00000)]
  0x0000016613382800 JavaThread "Execution worker for ':'" [_thread_blocked, id=19740, stack(0x0000001800f00000,0x0000001801000000)]
  0x0000016613380000 JavaThread "Execution worker for ':' Thread 2" [_thread_blocked, id=8580, stack(0x0000001801000000,0x0000001801100000)]
  0x0000016613381000 JavaThread "Execution worker for ':' Thread 3" [_thread_blocked, id=16680, stack(0x0000001801100000,0x0000001801200000)]
  0x0000016613384000 JavaThread "Execution worker for ':' Thread 4" [_thread_blocked, id=13020, stack(0x0000001801200000,0x0000001801300000)]
  0x0000016613383000 JavaThread "Execution worker for ':' Thread 5" [_thread_blocked, id=10672, stack(0x0000001801300000,0x0000001801400000)]
  0x0000016613385000 JavaThread "Execution worker for ':' Thread 6" [_thread_blocked, id=21776, stack(0x0000001801400000,0x0000001801500000)]
  0x000001661337f000 JavaThread "Execution worker for ':' Thread 7" [_thread_blocked, id=7496, stack(0x0000001801500000,0x0000001801600000)]
  0x0000016613385800 JavaThread "Cache worker for execution history cache (C:\Users\Halcyon\Desktop\SP22\CS301\CrazyEights_lis24_millemal22_sakata24_uyechi23\.gradle\7.0.2\executionHistory)" [_thread_blocked, id=20084, stack(0x0000001801600000,0x0000001801700000)]
  0x0000016613389800 JavaThread "WorkerExecutor Queue Thread 2" [_thread_blocked, id=22076, stack(0x0000001801800000,0x0000001801900000)]
  0x000001661338a800 JavaThread "WorkerExecutor Queue Thread 3" [_thread_blocked, id=16472, stack(0x0000001801900000,0x0000001801a00000)]

Other Threads:
=>0x000001667fbe8000 VMThread "VM Thread" [stack: 0x000000187cf00000,0x000000187d000000] [id=15488]
  0x000001667fdfc800 WatcherThread [stack: 0x000000187d900000,0x000000187da00000] [id=16964]
  0x0000016675ef5800 GCTaskThread "GC Thread#0" [stack: 0x000000187ca00000,0x000000187cb00000] [id=17840]
  0x0000016611a23000 GCTaskThread "GC Thread#1" [stack: 0x000000187dc00000,0x000000187dd00000] [id=16032]
  0x000001661134c000 GCTaskThread "GC Thread#2" [stack: 0x000000187dd00000,0x000000187de00000] [id=17648]
  0x0000016611e48800 GCTaskThread "GC Thread#3" [stack: 0x000000187de00000,0x000000187df00000] [id=22084]
  0x0000016611df4800 GCTaskThread "GC Thread#4" [stack: 0x000000187df00000,0x000000187e000000] [id=18504]
  0x0000016611213000 GCTaskThread "GC Thread#5" [stack: 0x000000187e000000,0x000000187e100000] [id=16628]
  0x000001661302b000 GCTaskThread "GC Thread#6" [stack: 0x000000187ec00000,0x000000187ed00000] [id=18028]
  0x0000016611e7c000 GCTaskThread "GC Thread#7" [stack: 0x000000187ed00000,0x000000187ee00000] [id=10588]
  0x0000016675f2a000 ConcurrentGCThread "G1 Main Marker" [stack: 0x000000187cb00000,0x000000187cc00000] [id=20532]
  0x0000016675f2b000 ConcurrentGCThread "G1 Conc#0" [stack: 0x000000187cc00000,0x000000187cd00000] [id=19364]
  0x0000016611b26000 ConcurrentGCThread "G1 Conc#1" [stack: 0x000000187ee00000,0x000000187ef00000] [id=4768]
  0x000001667f233800 ConcurrentGCThread "G1 Refine#0" [stack: 0x000000187cd00000,0x000000187ce00000] [id=17700]
  0x0000016620de2000 ConcurrentGCThread "G1 Refine#1" [stack: 0x0000001801a00000,0x0000001801b00000] [id=6748]
  0x0000016614bfb000 ConcurrentGCThread "G1 Refine#2" [stack: 0x0000001801b00000,0x0000001801c00000] [id=21444]
  0x0000016614c00800 ConcurrentGCThread "G1 Refine#3" [stack: 0x0000001801c00000,0x0000001801d00000] [id=7944]
  0x0000016614c01800 ConcurrentGCThread "G1 Refine#4" [stack: 0x0000001801d00000,0x0000001801e00000] [id=8656]
  0x000001667f234800 ConcurrentGCThread "G1 Young RemSet Sampling" [stack: 0x000000187ce00000,0x000000187cf00000] [id=1872]

Threads with active compile tasks:
C2 CompilerThread0  12750 14384 %     4       com.android.tools.r8.ir.regalloc.a::a @ 1262 (1824 bytes)
C2 CompilerThread1  12750 14512 %     4       com.android.tools.r8.internal.Me::a @ 1941 (3140 bytes)
C2 CompilerThread2  12750 14914       4       com.android.tools.r8.internal.X4::a (370 bytes)

VM state:at safepoint (normal execution)

VM Mutex/Monitor currently owned by a thread:  ([mutex/lock_event])
[0x0000016675edad50] Threads_lock - owner thread: 0x000001667fbe8000
[0x0000016675edacc0] Heap_lock - owner thread: 0x000001661669c000

Heap address: 0x0000000080000000, size: 2048 MB, Compressed Oops mode: 32-bit
Narrow klass base: 0x0000000000000000, Narrow klass shift: 3
Compressed class space size: 1073741824 Address: 0x0000000100000000

Heap:
 garbage-first heap   total 461824K, used 148755K [0x0000000080000000, 0x0000000100000000)
  region size 1024K, 21 young (21504K), 21 survivors (21504K)
 Metaspace       used 102163K, capacity 104824K, committed 105124K, reserved 1140736K
  class space    used 13129K, capacity 14118K, committed 14284K, reserved 1048576K
Heap Regions: E=young(eden), S=young(survivor), O=old, HS=humongous(starts), HC=humongous(continues), CS=collection set, F=free, A=archive, TAMS=top-at-mark-start (previous, next)
|   0|0x0000000080000000, 0x0000000080100000, 0x0000000080100000|100%| O|  |TAMS 0x0000000080100000, 0x0000000080000000| Untracked 
|   1|0x0000000080100000, 0x0000000080200000, 0x0000000080200000|100%| O|  |TAMS 0x0000000080200000, 0x0000000080100000| Untracked 
|   2|0x0000000080200000, 0x0000000080300000, 0x0000000080300000|100%| O|  |TAMS 0x0000000080300000, 0x0000000080200000| Untracked 
|   3|0x0000000080300000, 0x0000000080400000, 0x0000000080400000|100%|HS|  |TAMS 0x0000000080400000, 0x0000000080300000| Complete 
|   4|0x0000000080400000, 0x0000000080500000, 0x0000000080500000|100%|HC|  |TAMS 0x0000000080500000, 0x0000000080400000| Complete 
|   5|0x0000000080500000, 0x0000000080600000, 0x0000000080600000|100%|HC|  |TAMS 0x0000000080600000, 0x0000000080500000| Complete 
|   6|0x0000000080600000, 0x0000000080700000, 0x0000000080700000|100%| O|  |TAMS 0x0000000080700000, 0x0000000080600000| Untracked 
|   7|0x0000000080700000, 0x0000000080800000, 0x0000000080800000|100%| O|  |TAMS 0x0000000080800000, 0x0000000080700000| Untracked 
|   8|0x0000000080800000, 0x0000000080900000, 0x0000000080900000|100%| O|  |TAMS 0x0000000080900000, 0x0000000080800000| Untracked 
|   9|0x0000000080900000, 0x0000000080a00000, 0x0000000080a00000|100%| O|  |TAMS 0x0000000080a00000, 0x0000000080900000| Untracked 
|  10|0x0000000080a00000, 0x0000000080b00000, 0x0000000080b00000|100%| O|  |TAMS 0x0000000080b00000, 0x0000000080a00000| Untracked 
|  11|0x0000000080b00000, 0x0000000080c00000, 0x0000000080c00000|100%| O|  |TAMS 0x0000000080c00000, 0x0000000080b00000| Untracked 
|  12|0x0000000080c00000, 0x0000000080d00000, 0x0000000080d00000|100%| O|  |TAMS 0x0000000080d00000, 0x0000000080c00000| Untracked 
|  13|0x0000000080d00000, 0x0000000080e00000, 0x0000000080e00000|100%| O|  |TAMS 0x0000000080e00000, 0x0000000080d00000| Untracked 
|  14|0x0000000080e00000, 0x0000000080f00000, 0x0000000080f00000|100%| O|  |TAMS 0x0000000080f00000, 0x0000000080e00000| Untracked 
|  15|0x0000000080f00000, 0x0000000081000000, 0x0000000081000000|100%| O|  |TAMS 0x0000000081000000, 0x0000000080f00000| Untracked 
|  16|0x0000000081000000, 0x0000000081100000, 0x0000000081100000|100%|HS|  |TAMS 0x0000000081100000, 0x0000000081000000| Complete 
|  17|0x0000000081100000, 0x0000000081200000, 0x0000000081200000|100%|HS|  |TAMS 0x0000000081200000, 0x0000000081100000| Complete 
|  18|0x0000000081200000, 0x0000000081300000, 0x0000000081300000|100%|HS|  |TAMS 0x0000000081300000, 0x0000000081200000| Complete 
|  19|0x0000000081300000, 0x0000000081400000, 0x0000000081400000|100%|HC|  |TAMS 0x0000000081400000, 0x0000000081300000| Complete 
|  20|0x0000000081400000, 0x0000000081500000, 0x0000000081500000|100%| O|  |TAMS 0x0000000081500000, 0x0000000081400000| Untracked 
|  21|0x0000000081500000, 0x0000000081600000, 0x0000000081600000|100%| O|  |TAMS 0x0000000081600000, 0x0000000081500000| Untracked 
|  22|0x0000000081600000, 0x0000000081700000, 0x0000000081700000|100%| O|  |TAMS 0x0000000081700000, 0x0000000081600000| Untracked 
|  23|0x0000000081700000, 0x0000000081800000, 0x0000000081800000|100%| O|  |TAMS 0x0000000081800000, 0x0000000081700000| Untracked 
|  24|0x0000000081800000, 0x0000000081900000, 0x0000000081900000|100%| O|  |TAMS 0x0000000081900000, 0x0000000081800000| Untracked 
|  25|0x0000000081900000, 0x0000000081a00000, 0x0000000081a00000|100%| O|  |TAMS 0x0000000081a00000, 0x0000000081900000| Untracked 
|  26|0x0000000081a00000, 0x0000000081b00000, 0x0000000081b00000|100%| O|  |TAMS 0x0000000081b00000, 0x0000000081a00000| Untracked 
|  27|0x0000000081b00000, 0x0000000081c00000, 0x0000000081c00000|100%| O|  |TAMS 0x0000000081c00000, 0x0000000081b00000| Untracked 
|  28|0x0000000081c00000, 0x0000000081d00000, 0x0000000081d00000|100%| O|  |TAMS 0x0000000081d00000, 0x0000000081c00000| Untracked 
|  29|0x0000000081d00000, 0x0000000081e00000, 0x0000000081e00000|100%| O|  |TAMS 0x0000000081e00000, 0x0000000081d00000| Untracked 
|  30|0x0000000081e00000, 0x0000000081f00000, 0x0000000081f00000|100%| O|  |TAMS 0x0000000081f00000, 0x0000000081e00000| Untracked 
|  31|0x0000000081f00000, 0x0000000082000000, 0x0000000082000000|100%| O|  |TAMS 0x0000000082000000, 0x0000000081f00000| Untracked 
|  32|0x0000000082000000, 0x0000000082100000, 0x0000000082100000|100%| O|  |TAMS 0x0000000082100000, 0x0000000082000000| Untracked 
|  33|0x0000000082100000, 0x0000000082200000, 0x0000000082200000|100%| O|  |TAMS 0x0000000082200000, 0x0000000082100000| Untracked 
|  34|0x0000000082200000, 0x0000000082300000, 0x0000000082300000|100%| O|  |TAMS 0x0000000082300000, 0x0000000082200000| Untracked 
|  35|0x0000000082300000, 0x0000000082400000, 0x0000000082400000|100%| O|  |TAMS 0x0000000082400000, 0x0000000082300000| Untracked 
|  36|0x0000000082400000, 0x0000000082500000, 0x0000000082500000|100%| O|  |TAMS 0x0000000082500000, 0x0000000082400000| Untracked 
|  37|0x0000000082500000, 0x0000000082600000, 0x0000000082600000|100%| O|  |TAMS 0x0000000082600000, 0x0000000082500000| Untracked 
|  38|0x0000000082600000, 0x0000000082700000, 0x0000000082700000|100%| O|  |TAMS 0x0000000082700000, 0x0000000082600000| Untracked 
|  39|0x0000000082700000, 0x0000000082800000, 0x0000000082800000|100%| O|  |TAMS 0x0000000082800000, 0x0000000082700000| Untracked 
|  40|0x0000000082800000, 0x0000000082900000, 0x0000000082900000|100%| O|  |TAMS 0x0000000082900000, 0x0000000082800000| Untracked 
|  41|0x0000000082900000, 0x0000000082a00000, 0x0000000082a00000|100%| O|  |TAMS 0x0000000082a00000, 0x0000000082900000| Untracked 
|  42|0x0000000082a00000, 0x0000000082b00000, 0x0000000082b00000|100%| O|  |TAMS 0x0000000082b00000, 0x0000000082a00000| Untracked 
|  43|0x0000000082b00000, 0x0000000082c00000, 0x0000000082c00000|100%| O|  |TAMS 0x0000000082c00000, 0x0000000082b00000| Untracked 
|  44|0x0000000082c00000, 0x0000000082d00000, 0x0000000082d00000|100%| O|  |TAMS 0x0000000082d00000, 0x0000000082c00000| Untracked 
|  45|0x0000000082d00000, 0x0000000082e00000, 0x0000000082e00000|100%| O|  |TAMS 0x0000000082e00000, 0x0000000082d00000| Untracked 
|  46|0x0000000082e00000, 0x0000000082f00000, 0x0000000082f00000|100%| O|  |TAMS 0x0000000082f00000, 0x0000000082e00000| Untracked 
|  47|0x0000000082f00000, 0x0000000083000000, 0x0000000083000000|100%| O|  |TAMS 0x0000000083000000, 0x0000000082f00000| Untracked 
|  48|0x0000000083000000, 0x0000000083100000, 0x0000000083100000|100%| O|  |TAMS 0x0000000083100000, 0x0000000083000000| Untracked 
|  49|0x0000000083100000, 0x0000000083200000, 0x0000000083200000|100%| O|  |TAMS 0x0000000083200000, 0x0000000083100000| Untracked 
|  50|0x0000000083200000, 0x0000000083300000, 0x0000000083300000|100%| O|  |TAMS 0x0000000083300000, 0x0000000083200000| Untracked 
|  51|0x0000000083300000, 0x0000000083400000, 0x0000000083400000|100%| O|  |TAMS 0x0000000083400000, 0x0000000083300000| Untracked 
|  52|0x0000000083400000, 0x0000000083500000, 0x0000000083500000|100%| O|  |TAMS 0x0000000083500000, 0x0000000083400000| Untracked 
|  53|0x0000000083500000, 0x0000000083600000, 0x0000000083600000|100%| O|  |TAMS 0x0000000083600000, 0x0000000083500000| Untracked 
|  54|0x0000000083600000, 0x0000000083700000, 0x0000000083700000|100%| O|  |TAMS 0x0000000083700000, 0x0000000083600000| Untracked 
|  55|0x0000000083700000, 0x0000000083800000, 0x0000000083800000|100%| O|  |TAMS 0x0000000083800000, 0x0000000083700000| Untracked 
|  56|0x0000000083800000, 0x0000000083900000, 0x0000000083900000|100%| O|  |TAMS 0x0000000083900000, 0x0000000083800000| Untracked 
|  57|0x0000000083900000, 0x0000000083a00000, 0x0000000083a00000|100%| O|  |TAMS 0x0000000083a00000, 0x0000000083900000| Untracked 
|  58|0x0000000083a00000, 0x0000000083b00000, 0x0000000083b00000|100%| O|  |TAMS 0x0000000083b00000, 0x0000000083a00000| Untracked 
|  59|0x0000000083b00000, 0x0000000083c00000, 0x0000000083c00000|100%| O|  |TAMS 0x0000000083c00000, 0x0000000083b00000| Untracked 
|  60|0x0000000083c00000, 0x0000000083d00000, 0x0000000083d00000|100%| O|  |TAMS 0x0000000083d00000, 0x0000000083c00000| Untracked 
|  61|0x0000000083d00000, 0x0000000083e00000, 0x0000000083e00000|100%| O|  |TAMS 0x0000000083e00000, 0x0000000083d00000| Untracked 
|  62|0x0000000083e00000, 0x0000000083f00000, 0x0000000083f00000|100%| O|  |TAMS 0x0000000083f00000, 0x0000000083e00000| Untracked 
|  63|0x0000000083f00000, 0x0000000084000000, 0x0000000084000000|100%| O|  |TAMS 0x0000000084000000, 0x0000000083f00000| Untracked 
|  64|0x0000000084000000, 0x0000000084100000, 0x0000000084100000|100%| O|  |TAMS 0x0000000084100000, 0x0000000084000000| Untracked 
|  65|0x0000000084100000, 0x0000000084200000, 0x0000000084200000|100%| O|  |TAMS 0x0000000084200000, 0x0000000084100000| Untracked 
|  66|0x0000000084200000, 0x0000000084300000, 0x0000000084300000|100%| O|  |TAMS 0x0000000084300000, 0x0000000084200000| Untracked 
|  67|0x0000000084300000, 0x0000000084400000, 0x0000000084400000|100%| O|  |TAMS 0x0000000084400000, 0x0000000084300000| Untracked 
|  68|0x0000000084400000, 0x0000000084500000, 0x0000000084500000|100%| O|  |TAMS 0x0000000084500000, 0x0000000084400000| Untracked 
|  69|0x0000000084500000, 0x0000000084600000, 0x0000000084600000|100%| O|  |TAMS 0x0000000084600000, 0x0000000084500000| Untracked 
|  70|0x0000000084600000, 0x0000000084700000, 0x0000000084700000|100%| O|  |TAMS 0x0000000084700000, 0x0000000084600000| Untracked 
|  71|0x0000000084700000, 0x0000000084800000, 0x0000000084800000|100%| O|  |TAMS 0x0000000084800000, 0x0000000084700000| Untracked 
|  72|0x0000000084800000, 0x0000000084900000, 0x0000000084900000|100%| O|  |TAMS 0x0000000084900000, 0x0000000084800000| Untracked 
|  73|0x0000000084900000, 0x0000000084a00000, 0x0000000084a00000|100%| O|  |TAMS 0x0000000084a00000, 0x0000000084900000| Untracked 
|  74|0x0000000084a00000, 0x0000000084b00000, 0x0000000084b00000|100%| O|  |TAMS 0x0000000084b00000, 0x0000000084a00000| Untracked 
|  75|0x0000000084b00000, 0x0000000084c00000, 0x0000000084c00000|100%| O|  |TAMS 0x0000000084c00000, 0x0000000084b00000| Untracked 
|  76|0x0000000084c00000, 0x0000000084d00000, 0x0000000084d00000|100%| O|  |TAMS 0x0000000084d00000, 0x0000000084c00000| Untracked 
|  77|0x0000000084d00000, 0x0000000084e00000, 0x0000000084e00000|100%| O|  |TAMS 0x0000000084e00000, 0x0000000084d00000| Untracked 
|  78|0x0000000084e00000, 0x0000000084f00000, 0x0000000084f00000|100%| O|  |TAMS 0x0000000084f00000, 0x0000000084e00000| Untracked 
|  79|0x0000000084f00000, 0x0000000085000000, 0x0000000085000000|100%| O|  |TAMS 0x0000000085000000, 0x0000000084f00000| Untracked 
|  80|0x0000000085000000, 0x0000000085100000, 0x0000000085100000|100%| O|  |TAMS 0x0000000085100000, 0x0000000085000000| Untracked 
|  81|0x0000000085100000, 0x0000000085200000, 0x0000000085200000|100%| O|  |TAMS 0x0000000085200000, 0x0000000085100000| Untracked 
|  82|0x0000000085200000, 0x0000000085300000, 0x0000000085300000|100%| O|  |TAMS 0x0000000085300000, 0x0000000085200000| Untracked 
|  83|0x0000000085300000, 0x0000000085400000, 0x0000000085400000|100%| O|  |TAMS 0x0000000085400000, 0x0000000085300000| Untracked 
|  84|0x0000000085400000, 0x0000000085500000, 0x0000000085500000|100%| O|  |TAMS 0x0000000085500000, 0x0000000085400000| Untracked 
|  85|0x0000000085500000, 0x0000000085600000, 0x0000000085600000|100%| O|  |TAMS 0x0000000085600000, 0x0000000085500000| Untracked 
|  86|0x0000000085600000, 0x0000000085700000, 0x0000000085700000|100%| O|  |TAMS 0x0000000085700000, 0x0000000085600000| Untracked 
|  87|0x0000000085700000, 0x0000000085800000, 0x0000000085800000|100%| O|  |TAMS 0x0000000085800000, 0x0000000085700000| Untracked 
|  88|0x0000000085800000, 0x0000000085900000, 0x0000000085900000|100%| O|  |TAMS 0x0000000085900000, 0x0000000085800000| Untracked 
|  89|0x0000000085900000, 0x0000000085a00000, 0x0000000085a00000|100%| O|  |TAMS 0x0000000085a00000, 0x0000000085900000| Untracked 
|  90|0x0000000085a00000, 0x0000000085b00000, 0x0000000085b00000|100%| O|  |TAMS 0x0000000085b00000, 0x0000000085a00000| Untracked 
|  91|0x0000000085b00000, 0x0000000085c00000, 0x0000000085c00000|100%| O|  |TAMS 0x0000000085c00000, 0x0000000085b00000| Untracked 
|  92|0x0000000085c00000, 0x0000000085d00000, 0x0000000085d00000|100%| O|  |TAMS 0x0000000085d00000, 0x0000000085c00000| Untracked 
|  93|0x0000000085d00000, 0x0000000085e00000, 0x0000000085e00000|100%| O|  |TAMS 0x0000000085e00000, 0x0000000085d00000| Untracked 
|  94|0x0000000085e00000, 0x0000000085f00000, 0x0000000085f00000|100%| O|  |TAMS 0x0000000085f00000, 0x0000000085e00000| Untracked 
|  95|0x0000000085f00000, 0x0000000086000000, 0x0000000086000000|100%| O|  |TAMS 0x0000000086000000, 0x0000000085f00000| Untracked 
|  96|0x0000000086000000, 0x0000000086100000, 0x0000000086100000|100%| O|  |TAMS 0x0000000086100000, 0x0000000086000000| Untracked 
|  97|0x0000000086100000, 0x0000000086200000, 0x0000000086200000|100%| O|  |TAMS 0x0000000086200000, 0x0000000086100000| Untracked 
|  98|0x0000000086200000, 0x0000000086300000, 0x0000000086300000|100%| O|  |TAMS 0x0000000086300000, 0x0000000086200000| Untracked 
|  99|0x0000000086300000, 0x0000000086400000, 0x0000000086400000|100%| O|  |TAMS 0x0000000086400000, 0x0000000086300000| Untracked 
| 100|0x0000000086400000, 0x0000000086500000, 0x0000000086500000|100%| O|  |TAMS 0x0000000086500000, 0x0000000086400000| Untracked 
| 101|0x0000000086500000, 0x0000000086600000, 0x0000000086600000|100%| O|  |TAMS 0x0000000086600000, 0x0000000086500000| Untracked 
| 102|0x0000000086600000, 0x0000000086700000, 0x0000000086700000|100%| O|  |TAMS 0x0000000086700000, 0x0000000086600000| Untracked 
| 103|0x0000000086700000, 0x0000000086800000, 0x0000000086800000|100%| O|  |TAMS 0x0000000086800000, 0x0000000086700000| Untracked 
| 104|0x0000000086800000, 0x0000000086900000, 0x0000000086900000|100%| O|  |TAMS 0x0000000086900000, 0x0000000086800000| Untracked 
| 105|0x0000000086900000, 0x0000000086a00000, 0x0000000086a00000|100%| O|  |TAMS 0x0000000086a00000, 0x0000000086900000| Untracked 
| 106|0x0000000086a00000, 0x0000000086b00000, 0x0000000086b00000|100%| O|  |TAMS 0x0000000086b00000, 0x0000000086a00000| Untracked 
| 107|0x0000000086b00000, 0x0000000086c00000, 0x0000000086c00000|100%| O|  |TAMS 0x0000000086c00000, 0x0000000086b00000| Untracked 
| 108|0x0000000086c00000, 0x0000000086d00000, 0x0000000086d00000|100%| O|  |TAMS 0x0000000086d00000, 0x0000000086c00000| Untracked 
| 109|0x0000000086d00000, 0x0000000086e00000, 0x0000000086e00000|100%| O|  |TAMS 0x0000000086e00000, 0x0000000086d00000| Untracked 
| 110|0x0000000086e00000, 0x0000000086f00000, 0x0000000086f00000|100%| O|  |TAMS 0x0000000086f00000, 0x0000000086e00000| Untracked 
| 111|0x0000000086f00000, 0x0000000087000000, 0x0000000087000000|100%| O|  |TAMS 0x0000000087000000, 0x0000000086f00000| Untracked 
| 112|0x0000000087000000, 0x0000000087100000, 0x0000000087100000|100%| O|  |TAMS 0x0000000087100000, 0x0000000087000000| Untracked 
| 113|0x0000000087100000, 0x0000000087200000, 0x0000000087200000|100%| O|  |TAMS 0x0000000087200000, 0x0000000087100000| Untracked 
| 114|0x0000000087200000, 0x0000000087300000, 0x0000000087300000|100%| O|  |TAMS 0x0000000087300000, 0x0000000087200000| Untracked 
| 115|0x0000000087300000, 0x0000000087400000, 0x0000000087400000|100%| O|  |TAMS 0x0000000087400000, 0x0000000087300000| Untracked 
| 116|0x0000000087400000, 0x0000000087500000, 0x0000000087500000|100%| O|  |TAMS 0x0000000087500000, 0x0000000087400000| Untracked 
| 117|0x0000000087500000, 0x0000000087600000, 0x0000000087600000|100%| O|  |TAMS 0x0000000087600000, 0x0000000087500000| Untracked 
| 118|0x0000000087600000, 0x0000000087700000, 0x0000000087700000|100%| O|  |TAMS 0x0000000087700000, 0x0000000087600000| Untracked 
| 119|0x0000000087700000, 0x0000000087800000, 0x0000000087800000|100%| O|  |TAMS 0x0000000087800000, 0x0000000087700000| Untracked 
| 120|0x0000000087800000, 0x0000000087900000, 0x0000000087900000|100%| O|  |TAMS 0x0000000087900000, 0x0000000087800000| Untracked 
| 121|0x0000000087900000, 0x0000000087a00000, 0x0000000087a00000|100%| O|  |TAMS 0x0000000087a00000, 0x0000000087900000| Untracked 
| 122|0x0000000087a00000, 0x0000000087b00000, 0x0000000087b00000|100%| O|  |TAMS 0x0000000087b00000, 0x0000000087a00000| Untracked 
| 123|0x0000000087b00000, 0x0000000087c00000, 0x0000000087c00000|100%| O|  |TAMS 0x0000000087b4ce00, 0x0000000087b00000| Untracked 
| 124|0x0000000087c00000, 0x0000000087c00000, 0x0000000087d00000|  0%| F|  |TAMS 0x0000000087c00000, 0x0000000087c00000| Untracked 
| 125|0x0000000087d00000, 0x0000000087d73a00, 0x0000000087e00000| 45%| O|  |TAMS 0x0000000087d00000, 0x0000000087d00000| Untracked 
| 126|0x0000000087e00000, 0x0000000087e00000, 0x0000000087f00000|  0%| F|  |TAMS 0x0000000087e00000, 0x0000000087e00000| Untracked 
| 127|0x0000000087f00000, 0x0000000087f00000, 0x0000000088000000|  0%| F|  |TAMS 0x0000000087f00000, 0x0000000087f00000| Untracked 
| 128|0x0000000088000000, 0x0000000088000000, 0x0000000088100000|  0%| F|  |TAMS 0x0000000088000000, 0x0000000088000000| Untracked 
| 129|0x0000000088100000, 0x0000000088100000, 0x0000000088200000|  0%| F|  |TAMS 0x0000000088100000, 0x0000000088100000| Untracked 
| 130|0x0000000088200000, 0x0000000088200000, 0x0000000088300000|  0%| F|  |TAMS 0x0000000088200000, 0x0000000088200000| Untracked 
| 131|0x0000000088300000, 0x0000000088300000, 0x0000000088400000|  0%| F|  |TAMS 0x0000000088300000, 0x0000000088300000| Untracked 
| 132|0x0000000088400000, 0x0000000088400000, 0x0000000088500000|  0%| F|  |TAMS 0x0000000088400000, 0x0000000088400000| Untracked 
| 133|0x0000000088500000, 0x0000000088500000, 0x0000000088600000|  0%| F|  |TAMS 0x0000000088500000, 0x0000000088500000| Untracked 
| 134|0x0000000088600000, 0x0000000088600000, 0x0000000088700000|  0%| F|  |TAMS 0x0000000088600000, 0x0000000088600000| Untracked 
| 135|0x0000000088700000, 0x0000000088700000, 0x0000000088800000|  0%| F|  |TAMS 0x0000000088700000, 0x0000000088700000| Untracked 
| 136|0x0000000088800000, 0x0000000088800000, 0x0000000088900000|  0%| F|  |TAMS 0x0000000088800000, 0x0000000088800000| Untracked 
| 137|0x0000000088900000, 0x0000000088900000, 0x0000000088a00000|  0%| F|  |TAMS 0x0000000088900000, 0x0000000088900000| Untracked 
| 138|0x0000000088a00000, 0x0000000088a00000, 0x0000000088b00000|  0%| F|  |TAMS 0x0000000088a00000, 0x0000000088a00000| Untracked 
| 139|0x0000000088b00000, 0x0000000088b00000, 0x0000000088c00000|  0%| F|  |TAMS 0x0000000088b00000, 0x0000000088b00000| Untracked 
| 140|0x0000000088c00000, 0x0000000088c00000, 0x0000000088d00000|  0%| F|  |TAMS 0x0000000088c00000, 0x0000000088c00000| Untracked 
| 141|0x0000000088d00000, 0x0000000088d00000, 0x0000000088e00000|  0%| F|  |TAMS 0x0000000088d00000, 0x0000000088d00000| Untracked 
| 142|0x0000000088e00000, 0x0000000088e00000, 0x0000000088f00000|  0%| F|  |TAMS 0x0000000088e00000, 0x0000000088e00000| Untracked 
| 143|0x0000000088f00000, 0x0000000088f00000, 0x0000000089000000|  0%| F|  |TAMS 0x0000000088f00000, 0x0000000088f00000| Untracked 
| 144|0x0000000089000000, 0x0000000089000000, 0x0000000089100000|  0%| F|  |TAMS 0x0000000089000000, 0x0000000089000000| Untracked 
| 145|0x0000000089100000, 0x0000000089100000, 0x0000000089200000|  0%| F|  |TAMS 0x0000000089100000, 0x0000000089100000| Untracked 
| 146|0x0000000089200000, 0x0000000089200000, 0x0000000089300000|  0%| F|  |TAMS 0x0000000089200000, 0x0000000089200000| Untracked 
| 147|0x0000000089300000, 0x0000000089300000, 0x0000000089400000|  0%| F|  |TAMS 0x0000000089300000, 0x0000000089300000| Untracked 
| 148|0x0000000089400000, 0x0000000089400000, 0x0000000089500000|  0%| F|  |TAMS 0x0000000089400000, 0x0000000089400000| Untracked 
| 149|0x0000000089500000, 0x0000000089500000, 0x0000000089600000|  0%| F|  |TAMS 0x0000000089500000, 0x0000000089500000| Untracked 
| 150|0x0000000089600000, 0x0000000089600000, 0x0000000089700000|  0%| F|  |TAMS 0x0000000089600000, 0x0000000089600000| Untracked 
| 151|0x0000000089700000, 0x0000000089700000, 0x0000000089800000|  0%| F|  |TAMS 0x0000000089700000, 0x0000000089700000| Untracked 
| 152|0x0000000089800000, 0x0000000089800000, 0x0000000089900000|  0%| F|  |TAMS 0x0000000089800000, 0x0000000089800000| Untracked 
| 153|0x0000000089900000, 0x0000000089900000, 0x0000000089a00000|  0%| F|  |TAMS 0x0000000089900000, 0x0000000089900000| Untracked 
| 154|0x0000000089a00000, 0x0000000089a00000, 0x0000000089b00000|  0%| F|  |TAMS 0x0000000089a00000, 0x0000000089a00000| Untracked 
| 155|0x0000000089b00000, 0x0000000089b00000, 0x0000000089c00000|  0%| F|  |TAMS 0x0000000089b00000, 0x0000000089b00000| Untracked 
| 156|0x0000000089c00000, 0x0000000089cd1450, 0x0000000089d00000| 81%| S|CS|TAMS 0x0000000089c00000, 0x0000000089c00000| Complete 
| 157|0x0000000089d00000, 0x0000000089e00000, 0x0000000089e00000|100%| S|CS|TAMS 0x0000000089d00000, 0x0000000089d00000| Complete 
| 158|0x0000000089e00000, 0x0000000089f00000, 0x0000000089f00000|100%| S|CS|TAMS 0x0000000089e00000, 0x0000000089e00000| Complete 
| 159|0x0000000089f00000, 0x000000008a000000, 0x000000008a000000|100%| S|CS|TAMS 0x0000000089f00000, 0x0000000089f00000| Complete 
| 160|0x000000008a000000, 0x000000008a100000, 0x000000008a100000|100%| S|CS|TAMS 0x000000008a000000, 0x000000008a000000| Complete 
| 161|0x000000008a100000, 0x000000008a200000, 0x000000008a200000|100%| S|CS|TAMS 0x000000008a100000, 0x000000008a100000| Complete 
| 162|0x000000008a200000, 0x000000008a200000, 0x000000008a300000|  0%| F|  |TAMS 0x000000008a200000, 0x000000008a200000| Untracked 
| 163|0x000000008a300000, 0x000000008a300000, 0x000000008a400000|  0%| F|  |TAMS 0x000000008a300000, 0x000000008a300000| Untracked 
| 164|0x000000008a400000, 0x000000008a400000, 0x000000008a500000|  0%| F|  |TAMS 0x000000008a400000, 0x000000008a400000| Untracked 
| 165|0x000000008a500000, 0x000000008a500000, 0x000000008a600000|  0%| F|  |TAMS 0x000000008a500000, 0x000000008a500000| Untracked 
| 166|0x000000008a600000, 0x000000008a600000, 0x000000008a700000|  0%| F|  |TAMS 0x000000008a600000, 0x000000008a600000| Untracked 
| 167|0x000000008a700000, 0x000000008a700000, 0x000000008a800000|  0%| F|  |TAMS 0x000000008a700000, 0x000000008a700000| Untracked 
| 168|0x000000008a800000, 0x000000008a800000, 0x000000008a900000|  0%| F|  |TAMS 0x000000008a800000, 0x000000008a800000| Untracked 
| 169|0x000000008a900000, 0x000000008a900000, 0x000000008aa00000|  0%| F|  |TAMS 0x000000008a900000, 0x000000008a900000| Untracked 
| 170|0x000000008aa00000, 0x000000008aa00000, 0x000000008ab00000|  0%| F|  |TAMS 0x000000008aa00000, 0x000000008aa00000| Untracked 
| 171|0x000000008ab00000, 0x000000008ab00000, 0x000000008ac00000|  0%| F|  |TAMS 0x000000008ab00000, 0x000000008ab00000| Untracked 
| 172|0x000000008ac00000, 0x000000008ac00000, 0x000000008ad00000|  0%| F|  |TAMS 0x000000008ac00000, 0x000000008ac00000| Untracked 
| 173|0x000000008ad00000, 0x000000008ad00000, 0x000000008ae00000|  0%| F|  |TAMS 0x000000008ad00000, 0x000000008ad00000| Untracked 
| 174|0x000000008ae00000, 0x000000008af00000, 0x000000008af00000|100%| S|CS|TAMS 0x000000008ae00000, 0x000000008ae00000| Complete 
| 175|0x000000008af00000, 0x000000008b000000, 0x000000008b000000|100%| S|CS|TAMS 0x000000008af00000, 0x000000008af00000| Complete 
| 176|0x000000008b000000, 0x000000008b100000, 0x000000008b100000|100%| S|CS|TAMS 0x000000008b000000, 0x000000008b000000| Complete 
| 177|0x000000008b100000, 0x000000008b200000, 0x000000008b200000|100%| S|CS|TAMS 0x000000008b100000, 0x000000008b100000| Complete 
| 178|0x000000008b200000, 0x000000008b300000, 0x000000008b300000|100%| S|CS|TAMS 0x000000008b200000, 0x000000008b200000| Complete 
| 179|0x000000008b300000, 0x000000008b400000, 0x000000008b400000|100%| S|CS|TAMS 0x000000008b300000, 0x000000008b300000| Complete 
| 180|0x000000008b400000, 0x000000008b500000, 0x000000008b500000|100%| S|CS|TAMS 0x000000008b400000, 0x000000008b400000| Complete 
| 181|0x000000008b500000, 0x000000008b600000, 0x000000008b600000|100%| S|CS|TAMS 0x000000008b500000, 0x000000008b500000| Complete 
| 182|0x000000008b600000, 0x000000008b700000, 0x000000008b700000|100%| S|CS|TAMS 0x000000008b600000, 0x000000008b600000| Complete 
| 183|0x000000008b700000, 0x000000008b800000, 0x000000008b800000|100%| S|CS|TAMS 0x000000008b700000, 0x000000008b700000| Complete 
| 184|0x000000008b800000, 0x000000008b900000, 0x000000008b900000|100%| S|CS|TAMS 0x000000008b800000, 0x000000008b800000| Complete 
| 185|0x000000008b900000, 0x000000008ba00000, 0x000000008ba00000|100%| S|CS|TAMS 0x000000008b900000, 0x000000008b900000| Complete 
| 186|0x000000008ba00000, 0x000000008bb00000, 0x000000008bb00000|100%| S|CS|TAMS 0x000000008ba00000, 0x000000008ba00000| Complete 
| 187|0x000000008bb00000, 0x000000008bc00000, 0x000000008bc00000|100%| S|CS|TAMS 0x000000008bb00000, 0x000000008bb00000| Complete 
| 188|0x000000008bc00000, 0x000000008bd00000, 0x000000008bd00000|100%| S|CS|TAMS 0x000000008bc00000, 0x000000008bc00000| Complete 
| 189|0x000000008bd00000, 0x000000008bd00000, 0x000000008be00000|  0%| F|  |TAMS 0x000000008bd00000, 0x000000008bd00000| Untracked 
| 190|0x000000008be00000, 0x000000008be00000, 0x000000008bf00000|  0%| F|  |TAMS 0x000000008be00000, 0x000000008be00000| Untracked 
| 191|0x000000008bf00000, 0x000000008bf00000, 0x000000008c000000|  0%| F|  |TAMS 0x000000008bf00000, 0x000000008bf00000| Untracked 
| 192|0x000000008c000000, 0x000000008c000000, 0x000000008c100000|  0%| F|  |TAMS 0x000000008c000000, 0x000000008c000000| Untracked 
| 193|0x000000008c100000, 0x000000008c100000, 0x000000008c200000|  0%| F|  |TAMS 0x000000008c100000, 0x000000008c100000| Untracked 
| 194|0x000000008c200000, 0x000000008c200000, 0x000000008c300000|  0%| F|  |TAMS 0x000000008c200000, 0x000000008c200000| Untracked 
| 195|0x000000008c300000, 0x000000008c300000, 0x000000008c400000|  0%| F|  |TAMS 0x000000008c300000, 0x000000008c300000| Untracked 
| 196|0x000000008c400000, 0x000000008c400000, 0x000000008c500000|  0%| F|  |TAMS 0x000000008c400000, 0x000000008c400000| Untracked 
| 197|0x000000008c500000, 0x000000008c500000, 0x000000008c600000|  0%| F|  |TAMS 0x000000008c500000, 0x000000008c500000| Untracked 
| 198|0x000000008c600000, 0x000000008c600000, 0x000000008c700000|  0%| F|  |TAMS 0x000000008c600000, 0x000000008c600000| Untracked 
| 199|0x000000008c700000, 0x000000008c700000, 0x000000008c800000|  0%| F|  |TAMS 0x000000008c700000, 0x000000008c700000| Untracked 
| 200|0x000000008c800000, 0x000000008c800000, 0x000000008c900000|  0%| F|  |TAMS 0x000000008c800000, 0x000000008c800000| Untracked 
| 201|0x000000008c900000, 0x000000008c900000, 0x000000008ca00000|  0%| F|  |TAMS 0x000000008c900000, 0x000000008c900000| Untracked 
| 202|0x000000008ca00000, 0x000000008ca00000, 0x000000008cb00000|  0%| F|  |TAMS 0x000000008ca00000, 0x000000008ca00000| Untracked 
| 203|0x000000008cb00000, 0x000000008cb00000, 0x000000008cc00000|  0%| F|  |TAMS 0x000000008cb00000, 0x000000008cb00000| Untracked 
| 204|0x000000008cc00000, 0x000000008cc00000, 0x000000008cd00000|  0%| F|  |TAMS 0x000000008cc00000, 0x000000008cc00000| Untracked 
| 205|0x000000008cd00000, 0x000000008cd00000, 0x000000008ce00000|  0%| F|  |TAMS 0x000000008cd00000, 0x000000008cd00000| Untracked 
| 206|0x000000008ce00000, 0x000000008ce00000, 0x000000008cf00000|  0%| F|  |TAMS 0x000000008ce00000, 0x000000008ce00000| Untracked 
| 207|0x000000008cf00000, 0x000000008cf00000, 0x000000008d000000|  0%| F|  |TAMS 0x000000008cf00000, 0x000000008cf00000| Untracked 
| 208|0x000000008d000000, 0x000000008d000000, 0x000000008d100000|  0%| F|  |TAMS 0x000000008d000000, 0x000000008d000000| Untracked 
| 209|0x000000008d100000, 0x000000008d100000, 0x000000008d200000|  0%| F|  |TAMS 0x000000008d100000, 0x000000008d100000| Untracked 
| 210|0x000000008d200000, 0x000000008d200000, 0x000000008d300000|  0%| F|  |TAMS 0x000000008d200000, 0x000000008d200000| Untracked 
| 211|0x000000008d300000, 0x000000008d300000, 0x000000008d400000|  0%| F|  |TAMS 0x000000008d300000, 0x000000008d300000| Untracked 
| 212|0x000000008d400000, 0x000000008d400000, 0x000000008d500000|  0%| F|  |TAMS 0x000000008d400000, 0x000000008d400000| Untracked 
| 213|0x000000008d500000, 0x000000008d500000, 0x000000008d600000|  0%| F|  |TAMS 0x000000008d500000, 0x000000008d500000| Untracked 
| 214|0x000000008d600000, 0x000000008d600000, 0x000000008d700000|  0%| F|  |TAMS 0x000000008d600000, 0x000000008d600000| Untracked 
| 215|0x000000008d700000, 0x000000008d700000, 0x000000008d800000|  0%| F|  |TAMS 0x000000008d700000, 0x000000008d700000| Untracked 
| 216|0x000000008d800000, 0x000000008d800000, 0x000000008d900000|  0%| F|  |TAMS 0x000000008d800000, 0x000000008d800000| Untracked 
| 217|0x000000008d900000, 0x000000008d900000, 0x000000008da00000|  0%| F|  |TAMS 0x000000008d900000, 0x000000008d900000| Untracked 
| 218|0x000000008da00000, 0x000000008da00000, 0x000000008db00000|  0%| F|  |TAMS 0x000000008da00000, 0x000000008da00000| Untracked 
| 219|0x000000008db00000, 0x000000008db00000, 0x000000008dc00000|  0%| F|  |TAMS 0x000000008db00000, 0x000000008db00000| Untracked 
| 220|0x000000008dc00000, 0x000000008dc00000, 0x000000008dd00000|  0%| F|  |TAMS 0x000000008dc00000, 0x000000008dc00000| Untracked 
| 221|0x000000008dd00000, 0x000000008dd00000, 0x000000008de00000|  0%| F|  |TAMS 0x000000008dd00000, 0x000000008dd00000| Untracked 
| 222|0x000000008de00000, 0x000000008de00000, 0x000000008df00000|  0%| F|  |TAMS 0x000000008de00000, 0x000000008de00000| Untracked 
| 223|0x000000008df00000, 0x000000008df00000, 0x000000008e000000|  0%| F|  |TAMS 0x000000008df00000, 0x000000008df00000| Untracked 
| 224|0x000000008e000000, 0x000000008e000000, 0x000000008e100000|  0%| F|  |TAMS 0x000000008e000000, 0x000000008e000000| Untracked 
| 225|0x000000008e100000, 0x000000008e100000, 0x000000008e200000|  0%| F|  |TAMS 0x000000008e100000, 0x000000008e100000| Untracked 
| 226|0x000000008e200000, 0x000000008e200000, 0x000000008e300000|  0%| F|  |TAMS 0x000000008e200000, 0x000000008e200000| Untracked 
| 227|0x000000008e300000, 0x000000008e300000, 0x000000008e400000|  0%| F|  |TAMS 0x000000008e300000, 0x000000008e300000| Untracked 
| 228|0x000000008e400000, 0x000000008e400000, 0x000000008e500000|  0%| F|  |TAMS 0x000000008e400000, 0x000000008e400000| Untracked 
| 229|0x000000008e500000, 0x000000008e500000, 0x000000008e600000|  0%| F|  |TAMS 0x000000008e500000, 0x000000008e500000| Untracked 
| 230|0x000000008e600000, 0x000000008e600000, 0x000000008e700000|  0%| F|  |TAMS 0x000000008e600000, 0x000000008e600000| Untracked 
| 231|0x000000008e700000, 0x000000008e700000, 0x000000008e800000|  0%| F|  |TAMS 0x000000008e700000, 0x000000008e700000| Untracked 
| 232|0x000000008e800000, 0x000000008e800000, 0x000000008e900000|  0%| F|  |TAMS 0x000000008e800000, 0x000000008e800000| Untracked 
| 233|0x000000008e900000, 0x000000008e900000, 0x000000008ea00000|  0%| F|  |TAMS 0x000000008e900000, 0x000000008e900000| Untracked 
| 234|0x000000008ea00000, 0x000000008ea00000, 0x000000008eb00000|  0%| F|  |TAMS 0x000000008ea00000, 0x000000008ea00000| Untracked 
| 235|0x000000008eb00000, 0x000000008eb00000, 0x000000008ec00000|  0%| F|  |TAMS 0x000000008eb00000, 0x000000008eb00000| Untracked 
| 236|0x000000008ec00000, 0x000000008ec00000, 0x000000008ed00000|  0%| F|  |TAMS 0x000000008ec00000, 0x000000008ec00000| Untracked 
| 237|0x000000008ed00000, 0x000000008ed00000, 0x000000008ee00000|  0%| F|  |TAMS 0x000000008ed00000, 0x000000008ed00000| Untracked 
| 238|0x000000008ee00000, 0x000000008ee00000, 0x000000008ef00000|  0%| F|  |TAMS 0x000000008ee00000, 0x000000008ee00000| Untracked 
| 239|0x000000008ef00000, 0x000000008ef00000, 0x000000008f000000|  0%| F|  |TAMS 0x000000008ef00000, 0x000000008ef00000| Untracked 
| 240|0x000000008f000000, 0x000000008f000000, 0x000000008f100000|  0%| F|  |TAMS 0x000000008f000000, 0x000000008f000000| Untracked 
| 241|0x000000008f100000, 0x000000008f100000, 0x000000008f200000|  0%| F|  |TAMS 0x000000008f100000, 0x000000008f100000| Untracked 
| 242|0x000000008f200000, 0x000000008f200000, 0x000000008f300000|  0%| F|  |TAMS 0x000000008f200000, 0x000000008f200000| Untracked 
| 243|0x000000008f300000, 0x000000008f300000, 0x000000008f400000|  0%| F|  |TAMS 0x000000008f300000, 0x000000008f300000| Untracked 
| 244|0x000000008f400000, 0x000000008f400000, 0x000000008f500000|  0%| F|  |TAMS 0x000000008f400000, 0x000000008f400000| Untracked 
| 245|0x000000008f500000, 0x000000008f500000, 0x000000008f600000|  0%| F|  |TAMS 0x000000008f500000, 0x000000008f500000| Untracked 
| 246|0x000000008f600000, 0x000000008f600000, 0x000000008f700000|  0%| F|  |TAMS 0x000000008f600000, 0x000000008f600000| Untracked 
| 247|0x000000008f700000, 0x000000008f700000, 0x000000008f800000|  0%| F|  |TAMS 0x000000008f700000, 0x000000008f700000| Untracked 
| 248|0x000000008f800000, 0x000000008f800000, 0x000000008f900000|  0%| F|  |TAMS 0x000000008f800000, 0x000000008f800000| Untracked 
| 249|0x000000008f900000, 0x000000008f900000, 0x000000008fa00000|  0%| F|  |TAMS 0x000000008f900000, 0x000000008f900000| Untracked 
| 250|0x000000008fa00000, 0x000000008fa00000, 0x000000008fb00000|  0%| F|  |TAMS 0x000000008fa00000, 0x000000008fa00000| Untracked 
| 251|0x000000008fb00000, 0x000000008fb00000, 0x000000008fc00000|  0%| F|  |TAMS 0x000000008fb00000, 0x000000008fb00000| Untracked 
| 252|0x000000008fc00000, 0x000000008fc00000, 0x000000008fd00000|  0%| F|  |TAMS 0x000000008fc00000, 0x000000008fc00000| Untracked 
| 253|0x000000008fd00000, 0x000000008fd00000, 0x000000008fe00000|  0%| F|  |TAMS 0x000000008fd00000, 0x000000008fd00000| Untracked 
| 254|0x000000008fe00000, 0x000000008fe00000, 0x000000008ff00000|  0%| F|  |TAMS 0x000000008fe00000, 0x000000008fe00000| Untracked 
| 255|0x000000008ff00000, 0x000000008ff00000, 0x0000000090000000|  0%| F|  |TAMS 0x000000008ff00000, 0x000000008ff00000| Untracked 
| 256|0x0000000090000000, 0x0000000090000000, 0x0000000090100000|  0%| F|  |TAMS 0x0000000090000000, 0x0000000090000000| Untracked 
| 257|0x0000000090100000, 0x0000000090100000, 0x0000000090200000|  0%| F|  |TAMS 0x0000000090100000, 0x0000000090100000| Untracked 
| 258|0x0000000090200000, 0x0000000090200000, 0x0000000090300000|  0%| F|  |TAMS 0x0000000090200000, 0x0000000090200000| Untracked 
| 259|0x0000000090300000, 0x0000000090300000, 0x0000000090400000|  0%| F|  |TAMS 0x0000000090300000, 0x0000000090300000| Untracked 
| 260|0x0000000090400000, 0x0000000090400000, 0x0000000090500000|  0%| F|  |TAMS 0x0000000090400000, 0x0000000090400000| Untracked 
| 261|0x0000000090500000, 0x0000000090500000, 0x0000000090600000|  0%| F|  |TAMS 0x0000000090500000, 0x0000000090500000| Untracked 
| 262|0x0000000090600000, 0x0000000090600000, 0x0000000090700000|  0%| F|  |TAMS 0x0000000090600000, 0x0000000090600000| Untracked 
| 263|0x0000000090700000, 0x0000000090700000, 0x0000000090800000|  0%| F|  |TAMS 0x0000000090700000, 0x0000000090700000| Untracked 
| 264|0x0000000090800000, 0x0000000090800000, 0x0000000090900000|  0%| F|  |TAMS 0x0000000090800000, 0x0000000090800000| Untracked 
| 265|0x0000000090900000, 0x0000000090900000, 0x0000000090a00000|  0%| F|  |TAMS 0x0000000090900000, 0x0000000090900000| Untracked 
| 266|0x0000000090a00000, 0x0000000090a00000, 0x0000000090b00000|  0%| F|  |TAMS 0x0000000090a00000, 0x0000000090a00000| Untracked 
| 267|0x0000000090b00000, 0x0000000090b00000, 0x0000000090c00000|  0%| F|  |TAMS 0x0000000090b00000, 0x0000000090b00000| Untracked 
| 268|0x0000000090c00000, 0x0000000090c00000, 0x0000000090d00000|  0%| F|  |TAMS 0x0000000090c00000, 0x0000000090c00000| Untracked 
| 269|0x0000000090d00000, 0x0000000090d00000, 0x0000000090e00000|  0%| F|  |TAMS 0x0000000090d00000, 0x0000000090d00000| Untracked 
| 270|0x0000000090e00000, 0x0000000090e00000, 0x0000000090f00000|  0%| F|  |TAMS 0x0000000090e00000, 0x0000000090e00000| Untracked 
| 271|0x0000000090f00000, 0x0000000090f00000, 0x0000000091000000|  0%| F|  |TAMS 0x0000000090f00000, 0x0000000090f00000| Untracked 
| 272|0x0000000091000000, 0x0000000091000000, 0x0000000091100000|  0%| F|  |TAMS 0x0000000091000000, 0x0000000091000000| Untracked 
| 273|0x0000000091100000, 0x0000000091100000, 0x0000000091200000|  0%| F|  |TAMS 0x0000000091100000, 0x0000000091100000| Untracked 
| 274|0x0000000091200000, 0x0000000091200000, 0x0000000091300000|  0%| F|  |TAMS 0x0000000091200000, 0x0000000091200000| Untracked 
| 275|0x0000000091300000, 0x0000000091300000, 0x0000000091400000|  0%| F|  |TAMS 0x0000000091300000, 0x0000000091300000| Untracked 
| 276|0x0000000091400000, 0x0000000091400000, 0x0000000091500000|  0%| F|  |TAMS 0x0000000091400000, 0x0000000091400000| Untracked 
| 277|0x0000000091500000, 0x0000000091500000, 0x0000000091600000|  0%| F|  |TAMS 0x0000000091500000, 0x0000000091500000| Untracked 
| 278|0x0000000091600000, 0x0000000091600000, 0x0000000091700000|  0%| F|  |TAMS 0x0000000091600000, 0x0000000091600000| Untracked 
| 279|0x0000000091700000, 0x0000000091700000, 0x0000000091800000|  0%| F|  |TAMS 0x0000000091700000, 0x0000000091700000| Untracked 
| 280|0x0000000091800000, 0x0000000091800000, 0x0000000091900000|  0%| F|  |TAMS 0x0000000091800000, 0x0000000091800000| Untracked 
| 281|0x0000000091900000, 0x0000000091900000, 0x0000000091a00000|  0%| F|  |TAMS 0x0000000091900000, 0x0000000091900000| Untracked 
| 282|0x0000000091a00000, 0x0000000091a00000, 0x0000000091b00000|  0%| F|  |TAMS 0x0000000091a00000, 0x0000000091a00000| Untracked 
| 283|0x0000000091b00000, 0x0000000091b00000, 0x0000000091c00000|  0%| F|  |TAMS 0x0000000091b00000, 0x0000000091b00000| Untracked 
| 284|0x0000000091c00000, 0x0000000091c00000, 0x0000000091d00000|  0%| F|  |TAMS 0x0000000091c00000, 0x0000000091c00000| Untracked 
| 285|0x0000000091d00000, 0x0000000091d00000, 0x0000000091e00000|  0%| F|  |TAMS 0x0000000091d00000, 0x0000000091d00000| Untracked 
| 286|0x0000000091e00000, 0x0000000091e00000, 0x0000000091f00000|  0%| F|  |TAMS 0x0000000091e00000, 0x0000000091e00000| Untracked 
| 287|0x0000000091f00000, 0x0000000091f00000, 0x0000000092000000|  0%| F|  |TAMS 0x0000000091f00000, 0x0000000091f00000| Untracked 
| 288|0x0000000092000000, 0x0000000092000000, 0x0000000092100000|  0%| F|  |TAMS 0x0000000092000000, 0x0000000092000000| Untracked 
| 289|0x0000000092100000, 0x0000000092100000, 0x0000000092200000|  0%| F|  |TAMS 0x0000000092100000, 0x0000000092100000| Untracked 
| 290|0x0000000092200000, 0x0000000092200000, 0x0000000092300000|  0%| F|  |TAMS 0x0000000092200000, 0x0000000092200000| Untracked 
| 291|0x0000000092300000, 0x0000000092300000, 0x0000000092400000|  0%| F|  |TAMS 0x0000000092300000, 0x0000000092300000| Untracked 
| 292|0x0000000092400000, 0x0000000092400000, 0x0000000092500000|  0%| F|  |TAMS 0x0000000092400000, 0x0000000092400000| Untracked 
| 293|0x0000000092500000, 0x0000000092500000, 0x0000000092600000|  0%| F|  |TAMS 0x0000000092500000, 0x0000000092500000| Untracked 
| 294|0x0000000092600000, 0x0000000092600000, 0x0000000092700000|  0%| F|  |TAMS 0x0000000092600000, 0x0000000092600000| Untracked 
| 295|0x0000000092700000, 0x0000000092700000, 0x0000000092800000|  0%| F|  |TAMS 0x0000000092700000, 0x0000000092700000| Untracked 
| 296|0x0000000092800000, 0x0000000092800000, 0x0000000092900000|  0%| F|  |TAMS 0x0000000092800000, 0x0000000092800000| Untracked 
| 297|0x0000000092900000, 0x0000000092900000, 0x0000000092a00000|  0%| F|  |TAMS 0x0000000092900000, 0x0000000092900000| Untracked 
| 298|0x0000000092a00000, 0x0000000092a00000, 0x0000000092b00000|  0%| F|  |TAMS 0x0000000092a00000, 0x0000000092a00000| Untracked 
| 299|0x0000000092b00000, 0x0000000092b00000, 0x0000000092c00000|  0%| F|  |TAMS 0x0000000092b00000, 0x0000000092b00000| Untracked 
| 300|0x0000000092c00000, 0x0000000092c00000, 0x0000000092d00000|  0%| F|  |TAMS 0x0000000092c00000, 0x0000000092c00000| Untracked 
| 301|0x0000000092d00000, 0x0000000092d00000, 0x0000000092e00000|  0%| F|  |TAMS 0x0000000092d00000, 0x0000000092d00000| Untracked 
| 302|0x0000000092e00000, 0x0000000092e00000, 0x0000000092f00000|  0%| F|  |TAMS 0x0000000092e00000, 0x0000000092e00000| Untracked 
| 303|0x0000000092f00000, 0x0000000092f00000, 0x0000000093000000|  0%| F|  |TAMS 0x0000000092f00000, 0x0000000092f00000| Untracked 
| 304|0x0000000093000000, 0x0000000093000000, 0x0000000093100000|  0%| F|  |TAMS 0x0000000093000000, 0x0000000093000000| Untracked 
| 305|0x0000000093100000, 0x0000000093100000, 0x0000000093200000|  0%| F|  |TAMS 0x0000000093100000, 0x0000000093100000| Untracked 
| 306|0x0000000093200000, 0x0000000093200000, 0x0000000093300000|  0%| F|  |TAMS 0x0000000093200000, 0x0000000093200000| Untracked 
| 307|0x0000000093300000, 0x0000000093300000, 0x0000000093400000|  0%| F|  |TAMS 0x0000000093300000, 0x0000000093300000| Untracked 
| 308|0x0000000093400000, 0x0000000093400000, 0x0000000093500000|  0%| F|  |TAMS 0x0000000093400000, 0x0000000093400000| Untracked 
| 309|0x0000000093500000, 0x0000000093500000, 0x0000000093600000|  0%| F|  |TAMS 0x0000000093500000, 0x0000000093500000| Untracked 
| 310|0x0000000093600000, 0x0000000093600000, 0x0000000093700000|  0%| F|  |TAMS 0x0000000093600000, 0x0000000093600000| Untracked 
| 311|0x0000000093700000, 0x0000000093700000, 0x0000000093800000|  0%| F|  |TAMS 0x0000000093700000, 0x0000000093700000| Untracked 
| 312|0x0000000093800000, 0x0000000093800000, 0x0000000093900000|  0%| F|  |TAMS 0x0000000093800000, 0x0000000093800000| Untracked 
| 313|0x0000000093900000, 0x0000000093900000, 0x0000000093a00000|  0%| F|  |TAMS 0x0000000093900000, 0x0000000093900000| Untracked 
| 314|0x0000000093a00000, 0x0000000093a00000, 0x0000000093b00000|  0%| F|  |TAMS 0x0000000093a00000, 0x0000000093a00000| Untracked 
| 315|0x0000000093b00000, 0x0000000093b00000, 0x0000000093c00000|  0%| F|  |TAMS 0x0000000093b00000, 0x0000000093b00000| Untracked 
| 316|0x0000000093c00000, 0x0000000093c00000, 0x0000000093d00000|  0%| F|  |TAMS 0x0000000093c00000, 0x0000000093c00000| Untracked 
| 317|0x0000000093d00000, 0x0000000093d00000, 0x0000000093e00000|  0%| F|  |TAMS 0x0000000093d00000, 0x0000000093d00000| Untracked 
| 318|0x0000000093e00000, 0x0000000093e00000, 0x0000000093f00000|  0%| F|  |TAMS 0x0000000093e00000, 0x0000000093e00000| Untracked 
| 319|0x0000000093f00000, 0x0000000093f00000, 0x0000000094000000|  0%| F|  |TAMS 0x0000000093f00000, 0x0000000093f00000| Untracked 
| 320|0x0000000094000000, 0x0000000094000000, 0x0000000094100000|  0%| F|  |TAMS 0x0000000094000000, 0x0000000094000000| Untracked 
| 321|0x0000000094100000, 0x0000000094100000, 0x0000000094200000|  0%| F|  |TAMS 0x0000000094100000, 0x0000000094100000| Untracked 
| 322|0x0000000094200000, 0x0000000094200000, 0x0000000094300000|  0%| F|  |TAMS 0x0000000094200000, 0x0000000094200000| Untracked 
| 323|0x0000000094300000, 0x0000000094300000, 0x0000000094400000|  0%| F|  |TAMS 0x0000000094300000, 0x0000000094300000| Untracked 
| 324|0x0000000094400000, 0x0000000094400000, 0x0000000094500000|  0%| F|  |TAMS 0x0000000094400000, 0x0000000094400000| Untracked 
| 325|0x0000000094500000, 0x0000000094500000, 0x0000000094600000|  0%| F|  |TAMS 0x0000000094500000, 0x0000000094500000| Untracked 
| 326|0x0000000094600000, 0x0000000094600000, 0x0000000094700000|  0%| F|  |TAMS 0x0000000094600000, 0x0000000094600000| Untracked 
| 327|0x0000000094700000, 0x0000000094700000, 0x0000000094800000|  0%| F|  |TAMS 0x0000000094700000, 0x0000000094700000| Untracked 
| 328|0x0000000094800000, 0x0000000094800000, 0x0000000094900000|  0%| F|  |TAMS 0x0000000094800000, 0x0000000094800000| Untracked 
| 329|0x0000000094900000, 0x0000000094900000, 0x0000000094a00000|  0%| F|  |TAMS 0x0000000094900000, 0x0000000094900000| Untracked 
| 330|0x0000000094a00000, 0x0000000094a00000, 0x0000000094b00000|  0%| F|  |TAMS 0x0000000094a00000, 0x0000000094a00000| Untracked 
| 331|0x0000000094b00000, 0x0000000094b00000, 0x0000000094c00000|  0%| F|  |TAMS 0x0000000094b00000, 0x0000000094b00000| Untracked 
| 332|0x0000000094c00000, 0x0000000094c00000, 0x0000000094d00000|  0%| F|  |TAMS 0x0000000094c00000, 0x0000000094c00000| Untracked 
| 333|0x0000000094d00000, 0x0000000094d00000, 0x0000000094e00000|  0%| F|  |TAMS 0x0000000094d00000, 0x0000000094d00000| Untracked 
| 334|0x0000000094e00000, 0x0000000094e00000, 0x0000000094f00000|  0%| F|  |TAMS 0x0000000094e00000, 0x0000000094e00000| Untracked 
| 335|0x0000000094f00000, 0x0000000094f00000, 0x0000000095000000|  0%| F|  |TAMS 0x0000000094f00000, 0x0000000094f00000| Untracked 
| 336|0x0000000095000000, 0x0000000095000000, 0x0000000095100000|  0%| F|  |TAMS 0x0000000095000000, 0x0000000095000000| Untracked 
| 337|0x0000000095100000, 0x0000000095100000, 0x0000000095200000|  0%| F|  |TAMS 0x0000000095100000, 0x0000000095100000| Untracked 
| 338|0x0000000095200000, 0x0000000095200000, 0x0000000095300000|  0%| F|  |TAMS 0x0000000095200000, 0x0000000095200000| Untracked 
| 339|0x0000000095300000, 0x0000000095300000, 0x0000000095400000|  0%| F|  |TAMS 0x0000000095300000, 0x0000000095300000| Untracked 
| 340|0x0000000095400000, 0x0000000095400000, 0x0000000095500000|  0%| F|  |TAMS 0x0000000095400000, 0x0000000095400000| Untracked 
| 341|0x0000000095500000, 0x0000000095500000, 0x0000000095600000|  0%| F|  |TAMS 0x0000000095500000, 0x0000000095500000| Untracked 
| 342|0x0000000095600000, 0x0000000095600000, 0x0000000095700000|  0%| F|  |TAMS 0x0000000095600000, 0x0000000095600000| Untracked 
| 343|0x0000000095700000, 0x0000000095700000, 0x0000000095800000|  0%| F|  |TAMS 0x0000000095700000, 0x0000000095700000| Untracked 
| 344|0x0000000095800000, 0x0000000095800000, 0x0000000095900000|  0%| F|  |TAMS 0x0000000095800000, 0x0000000095800000| Untracked 
| 345|0x0000000095900000, 0x0000000095900000, 0x0000000095a00000|  0%| F|  |TAMS 0x0000000095900000, 0x0000000095900000| Untracked 
| 346|0x0000000095a00000, 0x0000000095a00000, 0x0000000095b00000|  0%| F|  |TAMS 0x0000000095a00000, 0x0000000095a00000| Untracked 
| 347|0x0000000095b00000, 0x0000000095b00000, 0x0000000095c00000|  0%| F|  |TAMS 0x0000000095b00000, 0x0000000095b00000| Untracked 
| 348|0x0000000095c00000, 0x0000000095c00000, 0x0000000095d00000|  0%| F|  |TAMS 0x0000000095c00000, 0x0000000095c00000| Untracked 
| 349|0x0000000095d00000, 0x0000000095d00000, 0x0000000095e00000|  0%| F|  |TAMS 0x0000000095d00000, 0x0000000095d00000| Untracked 
| 350|0x0000000095e00000, 0x0000000095e00000, 0x0000000095f00000|  0%| F|  |TAMS 0x0000000095e00000, 0x0000000095e00000| Untracked 
| 351|0x0000000095f00000, 0x0000000095f00000, 0x0000000096000000|  0%| F|  |TAMS 0x0000000095f00000, 0x0000000095f00000| Untracked 
| 352|0x0000000096000000, 0x0000000096000000, 0x0000000096100000|  0%| F|  |TAMS 0x0000000096000000, 0x0000000096000000| Untracked 
| 353|0x0000000096100000, 0x0000000096100000, 0x0000000096200000|  0%| F|  |TAMS 0x0000000096100000, 0x0000000096100000| Untracked 
| 354|0x0000000096200000, 0x0000000096200000, 0x0000000096300000|  0%| F|  |TAMS 0x0000000096200000, 0x0000000096200000| Untracked 
| 355|0x0000000096300000, 0x0000000096300000, 0x0000000096400000|  0%| F|  |TAMS 0x0000000096300000, 0x0000000096300000| Untracked 
| 356|0x0000000096400000, 0x0000000096400000, 0x0000000096500000|  0%| F|  |TAMS 0x0000000096400000, 0x0000000096400000| Untracked 
| 357|0x0000000096500000, 0x0000000096500000, 0x0000000096600000|  0%| F|  |TAMS 0x0000000096500000, 0x0000000096500000| Untracked 
| 358|0x0000000096600000, 0x0000000096600000, 0x0000000096700000|  0%| F|  |TAMS 0x0000000096600000, 0x0000000096600000| Untracked 
| 359|0x0000000096700000, 0x0000000096700000, 0x0000000096800000|  0%| F|  |TAMS 0x0000000096700000, 0x0000000096700000| Untracked 

Card table byte_map: [0x000001667a100000,0x000001667a500000] _byte_map_base: 0x0000016679d00000

Marking Bits (Prev, Next): (CMBitMap*) 0x0000016675f21168, (CMBitMap*) 0x0000016675f211a0
 Prev Bits: [0x000001667a900000, 0x000001667c900000)
 Next Bits: [0x000001667c900000, 0x000001667e900000)

Polling page: 0x0000016673e60000

Metaspace:

Usage:
  Non-class:     88.58 MB capacity,    86.95 MB ( 98%) used,     1.32 MB (  1%) free+waste,   320.69 KB ( <1%) overhead. 
      Class:     13.79 MB capacity,    12.82 MB ( 93%) used,   846.33 KB (  6%) free+waste,   142.50 KB (  1%) overhead. 
       Both:    102.37 MB capacity,    99.77 MB ( 97%) used,     2.15 MB (  2%) free+waste,   463.19 KB ( <1%) overhead. 

Virtual space:
  Non-class space:       90.00 MB reserved,      88.71 MB ( 99%) committed 
      Class space:        1.00 GB reserved,      13.95 MB (  1%) committed 
             Both:        1.09 GB reserved,     102.66 MB (  9%) committed 

Chunk freelists:
   Non-Class:  134.00 KB
       Class:  154.00 KB
        Both:  288.00 KB

MaxMetaspaceSize: 17179869184.00 GB
CompressedClassSpaceSize: 1.00 GB

CodeHeap 'non-profiled nmethods': size=120000Kb used=8764Kb max_used=8764Kb free=111235Kb
 bounds [0x0000016607ad0000, 0x0000016608360000, 0x000001660f000000]
CodeHeap 'profiled nmethods': size=120000Kb used=33936Kb max_used=33936Kb free=86063Kb
 bounds [0x00000166005a0000, 0x00000166026d0000, 0x0000016607ad0000]
CodeHeap 'non-nmethods': size=5760Kb used=2323Kb max_used=2412Kb free=3436Kb
 bounds [0x0000016600000000, 0x0000016600270000, 0x00000166005a0000]
 total_blobs=15718 nmethods=14797 adapters=831
 compilation: enabled
              stopped_count=0, restarted_count=0
 full_count=0

Compilation events (20 events):
Event: 12.641 Thread 0x000001667fc50800 15140       2       com.android.tools.r8.internal.l4$g::<init> (7 bytes)
Event: 12.641 Thread 0x000001667fc50800 nmethod 15140 0x00000166026bfc10 code [0x00000166026bfdc0, 0x00000166026bff78]
Event: 12.641 Thread 0x000001667fc50800 15141       2       com.android.tools.r8.internal.l4$g::<init> (16 bytes)
Event: 12.641 Thread 0x000001667fc50800 nmethod 15141 0x00000166026c0010 code [0x00000166026c01c0, 0x00000166026c0358]
Event: 12.655 Thread 0x0000016614ae3800 nmethod 14746% 0x000001660835e110 code [0x000001660835e300, 0x000001660835ec18]
Event: 12.655 Thread 0x0000016614ae3800 14914       4       com.android.tools.r8.internal.X4::a (370 bytes)
Event: 12.665 Thread 0x000001667fc50800 15143       2       com.android.tools.r8.internal.lu::iterator (12 bytes)
Event: 12.665 Thread 0x000001667fc50800 nmethod 15143 0x00000166026c0410 code [0x00000166026c05c0, 0x00000166026c07a8]
Event: 12.665 Thread 0x000001667fc50800 15144       2       com.android.tools.r8.internal.mu$g::<init> (12 bytes)
Event: 12.665 Thread 0x000001667fc50800 nmethod 15144 0x00000166026c0890 code [0x00000166026c0a40, 0x00000166026c0ba8]
Event: 12.666 Thread 0x000001667fc50800 15145 %     3       com.android.tools.r8.internal.gr::a @ 10 (39 bytes)
Event: 12.667 Thread 0x000001667fc50800 nmethod 15145% 0x00000166026c0c90 code [0x00000166026c0e80, 0x00000166026c1418]
Event: 12.667 Thread 0x000001667fc50800 15146       2       com.android.tools.r8.internal.mu::values (26 bytes)
Event: 12.667 Thread 0x000001667fc50800 nmethod 15146 0x00000166026c1690 code [0x00000166026c1840, 0x00000166026c1a58]
Event: 12.670 Thread 0x000001667fc50800 15147       2       com.android.tools.r8.internal.ND::a (213 bytes)
Event: 12.671 Thread 0x000001667fc50800 nmethod 15147 0x00000166026c1b10 code [0x00000166026c1e00, 0x00000166026c2898]
Event: 12.676 Thread 0x000001667fc50800 15148       2       com.android.tools.r8.internal.g7::a (18 bytes)
Event: 12.676 Thread 0x000001667fc50800 nmethod 15148 0x00000166026c2f90 code [0x00000166026c3140, 0x00000166026c3288]
Event: 12.677 Thread 0x000001667fc50800 15149       3       com.android.tools.r8.internal.XF::a (138 bytes)
Event: 12.677 Thread 0x000001667fc50800 nmethod 15149 0x00000166026c3310 code [0x00000166026c3560, 0x00000166026c3df8]

GC Heap History (20 events):
Event: 11.104 GC heap after
{Heap after GC invocations=27 (full 0):
 garbage-first heap   total 307200K, used 129842K [0x0000000080000000, 0x0000000100000000)
  region size 1024K, 4 young (4096K), 4 survivors (4096K)
 Metaspace       used 100417K, capacity 102910K, committed 103844K, reserved 1138688K
  class space    used 12922K, capacity 13861K, committed 14284K, reserved 1048576K
}
Event: 11.282 GC heap before
{Heap before GC invocations=27 (full 0):
 garbage-first heap   total 307200K, used 248626K [0x0000000080000000, 0x0000000100000000)
  region size 1024K, 120 young (122880K), 4 survivors (4096K)
 Metaspace       used 100524K, capacity 103064K, committed 104100K, reserved 1138688K
  class space    used 12930K, capacity 13867K, committed 14284K, reserved 1048576K
}
Event: 11.287 GC heap after
{Heap after GC invocations=28 (full 0):
 garbage-first heap   total 307200K, used 130664K [0x0000000080000000, 0x0000000100000000)
  region size 1024K, 5 young (5120K), 5 survivors (5120K)
 Metaspace       used 100524K, capacity 103064K, committed 104100K, reserved 1138688K
  class space    used 12930K, capacity 13867K, committed 14284K, reserved 1048576K
}
Event: 11.428 GC heap before
{Heap before GC invocations=28 (full 0):
 garbage-first heap   total 307200K, used 251496K [0x0000000080000000, 0x0000000100000000)
  region size 1024K, 123 young (125952K), 5 survivors (5120K)
 Metaspace       used 100548K, capacity 103064K, committed 104100K, reserved 1138688K
  class space    used 12933K, capacity 13867K, committed 14284K, reserved 1048576K
}
Event: 11.432 GC heap after
{Heap after GC invocations=29 (full 0):
 garbage-first heap   total 307200K, used 131373K [0x0000000080000000, 0x0000000100000000)
  region size 1024K, 5 young (5120K), 5 survivors (5120K)
 Metaspace       used 100548K, capacity 103064K, committed 104100K, reserved 1138688K
  class space    used 12933K, capacity 13867K, committed 14284K, reserved 1048576K
}
Event: 11.577 GC heap before
{Heap before GC invocations=29 (full 0):
 garbage-first heap   total 307200K, used 255277K [0x0000000080000000, 0x0000000100000000)
  region size 1024K, 126 young (129024K), 5 survivors (5120K)
 Metaspace       used 100568K, capacity 103064K, committed 104100K, reserved 1138688K
  class space    used 12933K, capacity 13867K, committed 14284K, reserved 1048576K
}
Event: 11.582 GC heap after
{Heap after GC invocations=30 (full 0):
 garbage-first heap   total 307200K, used 131489K [0x0000000080000000, 0x0000000100000000)
  region size 1024K, 6 young (6144K), 6 survivors (6144K)
 Metaspace       used 100568K, capacity 103064K, committed 104100K, reserved 1138688K
  class space    used 12933K, capacity 13867K, committed 14284K, reserved 1048576K
}
Event: 11.703 GC heap before
{Heap before GC invocations=30 (full 0):
 garbage-first heap   total 307200K, used 256417K [0x0000000080000000, 0x0000000100000000)
  region size 1024K, 128 young (131072K), 6 survivors (6144K)
 Metaspace       used 100582K, capacity 103064K, committed 104100K, reserved 1138688K
  class space    used 12933K, capacity 13867K, committed 14284K, reserved 1048576K
}
Event: 11.708 GC heap after
{Heap after GC invocations=31 (full 0):
 garbage-first heap   total 307200K, used 132329K [0x0000000080000000, 0x0000000100000000)
  region size 1024K, 6 young (6144K), 6 survivors (6144K)
 Metaspace       used 100582K, capacity 103064K, committed 104100K, reserved 1138688K
  class space    used 12933K, capacity 13867K, committed 14284K, reserved 1048576K
}
Event: 11.831 GC heap before
{Heap before GC invocations=31 (full 0):
 garbage-first heap   total 307200K, used 259305K [0x0000000080000000, 0x0000000100000000)
  region size 1024K, 130 young (133120K), 6 survivors (6144K)
 Metaspace       used 100604K, capacity 103128K, committed 104100K, reserved 1138688K
  class space    used 12933K, capacity 13867K, committed 14284K, reserved 1048576K
}
Event: 11.837 GC heap after
{Heap after GC invocations=32 (full 0):
 garbage-first heap   total 307200K, used 132663K [0x0000000080000000, 0x0000000100000000)
  region size 1024K, 7 young (7168K), 7 survivors (7168K)
 Metaspace       used 100604K, capacity 103128K, committed 104100K, reserved 1138688K
  class space    used 12933K, capacity 13867K, committed 14284K, reserved 1048576K
}
Event: 11.958 GC heap before
{Heap before GC invocations=32 (full 0):
 garbage-first heap   total 307200K, used 260663K [0x0000000080000000, 0x0000000100000000)
  region size 1024K, 132 young (135168K), 7 survivors (7168K)
 Metaspace       used 100611K, capacity 103128K, committed 104100K, reserved 1138688K
  class space    used 12933K, capacity 13867K, committed 14284K, reserved 1048576K
}
Event: 11.966 GC heap after
{Heap after GC invocations=33 (full 0):
 garbage-first heap   total 368640K, used 133403K [0x0000000080000000, 0x0000000100000000)
  region size 1024K, 7 young (7168K), 7 survivors (7168K)
 Metaspace       used 100611K, capacity 103128K, committed 104100K, reserved 1138688K
  class space    used 12933K, capacity 13867K, committed 14284K, reserved 1048576K
}
Event: 12.118 GC heap before
{Heap before GC invocations=33 (full 0):
 garbage-first heap   total 368640K, used 298267K [0x0000000080000000, 0x0000000100000000)
  region size 1024K, 168 young (172032K), 7 survivors (7168K)
 Metaspace       used 100627K, capacity 103142K, committed 104100K, reserved 1138688K
  class space    used 12935K, capacity 13871K, committed 14284K, reserved 1048576K
}
Event: 12.125 GC heap after
{Heap after GC invocations=34 (full 0):
 garbage-first heap   total 368640K, used 134930K [0x0000000080000000, 0x0000000100000000)
  region size 1024K, 9 young (9216K), 9 survivors (9216K)
 Metaspace       used 100627K, capacity 103142K, committed 104100K, reserved 1138688K
  class space    used 12935K, capacity 13871K, committed 14284K, reserved 1048576K
}
Event: 12.311 GC heap before
{Heap before GC invocations=34 (full 0):
 garbage-first heap   total 368640K, used 304914K [0x0000000080000000, 0x0000000100000000)
  region size 1024K, 175 young (179200K), 9 survivors (9216K)
 Metaspace       used 101446K, capacity 104009K, committed 104612K, reserved 1140736K
  class space    used 13046K, capacity 14007K, committed 14284K, reserved 1048576K
}
Event: 12.319 GC heap after
{Heap after GC invocations=35 (full 0):
 garbage-first heap   total 368640K, used 135131K [0x0000000080000000, 0x0000000100000000)
  region size 1024K, 8 young (8192K), 8 survivors (8192K)
 Metaspace       used 101446K, capacity 104009K, committed 104612K, reserved 1140736K
  class space    used 13046K, capacity 14007K, committed 14284K, reserved 1048576K
}
Event: 12.548 GC heap before
{Heap before GC invocations=35 (full 0):
 garbage-first heap   total 368640K, used 318427K [0x0000000080000000, 0x0000000100000000)
  region size 1024K, 186 young (190464K), 8 survivors (8192K)
 Metaspace       used 102140K, capacity 104756K, committed 105124K, reserved 1140736K
  class space    used 13129K, capacity 14118K, committed 14284K, reserved 1048576K
}
Event: 12.555 GC heap after
{Heap after GC invocations=36 (full 0):
 garbage-first heap   total 368640K, used 139423K [0x0000000080000000, 0x0000000100000000)
  region size 1024K, 12 young (12288K), 12 survivors (12288K)
 Metaspace       used 102140K, capacity 104756K, committed 105124K, reserved 1140736K
  class space    used 13129K, capacity 14118K, committed 14284K, reserved 1048576K
}
Event: 12.729 GC heap before
{Heap before GC invocations=36 (full 0):
 garbage-first heap   total 368640K, used 314527K [0x0000000080000000, 0x0000000100000000)
  region size 1024K, 183 young (187392K), 12 survivors (12288K)
 Metaspace       used 102163K, capacity 104824K, committed 105124K, reserved 1140736K
  class space    used 13129K, capacity 14118K, committed 14284K, reserved 1048576K
}

Deoptimization events (20 events):
Event: 12.547 Thread 0x0000016616699800 Uncommon trap: trap_request=0xffffff4d fr.pc=0x000001660819c300 relative=0x00000000000001c0
Event: 12.547 Thread 0x0000016616699800 Uncommon trap: reason=unstable_if action=reinterpret pc=0x000001660819c300 method=com.android.tools.r8.graph.Q.g(Ljava/lang/Object;)Z @ 23 c2
Event: 12.547 Thread 0x0000016616699800 DEOPT PACKING pc=0x000001660819c300 sp=0x000000187fefa650
Event: 12.547 Thread 0x0000016616699800 DEOPT UNPACKING pc=0x00000166000083af sp=0x000000187fefa5e0 mode 2
Event: 12.567 Thread 0x0000016616699800 DEOPT PACKING pc=0x0000016601b9d9a4 sp=0x000000187fefa0a0
Event: 12.567 Thread 0x0000016616699800 DEOPT UNPACKING pc=0x0000016600028ede sp=0x000000187fef9988 mode 0
Event: 12.570 Thread 0x000001661669a000 DEOPT PACKING pc=0x000001660212db7a sp=0x00000018001f9390
Event: 12.570 Thread 0x000001661669a000 DEOPT UNPACKING pc=0x0000016600028ede sp=0x00000018001f8b60 mode 0
Event: 12.616 Thread 0x000001661669a000 DEOPT PACKING pc=0x000001660212db7a sp=0x00000018001f9390
Event: 12.616 Thread 0x000001661669a000 DEOPT UNPACKING pc=0x0000016600028ede sp=0x00000018001f8b60 mode 0
Event: 12.645 Thread 0x000001661669c000 DEOPT PACKING pc=0x000001660212db7a sp=0x00000018002f9330
Event: 12.646 Thread 0x000001661669c000 DEOPT UNPACKING pc=0x0000016600028ede sp=0x00000018002f8b00 mode 0
Event: 12.709 Thread 0x000001661669d800 DEOPT PACKING pc=0x000001660212db7a sp=0x00000018005f9260
Event: 12.709 Thread 0x000001661669d800 DEOPT UNPACKING pc=0x0000016600028ede sp=0x00000018005f8a30 mode 0
Event: 12.710 Thread 0x000001661669d800 DEOPT PACKING pc=0x000001660212db7a sp=0x00000018005f9180
Event: 12.710 Thread 0x000001661669d800 DEOPT UNPACKING pc=0x0000016600028ede sp=0x00000018005f8968 mode 0
Event: 12.714 Thread 0x0000016616699800 DEOPT PACKING pc=0x0000016601b9d9a4 sp=0x000000187fef97d0
Event: 12.714 Thread 0x0000016616699800 DEOPT UNPACKING pc=0x0000016600028ede sp=0x000000187fef90b8 mode 0
Event: 12.727 Thread 0x000001661669d800 DEOPT PACKING pc=0x000001660212db7a sp=0x00000018005f9260
Event: 12.727 Thread 0x000001661669d800 DEOPT UNPACKING pc=0x0000016600028ede sp=0x00000018005f8a30 mode 0

Classes redefined (0 events):
No events

Internal exceptions (20 events):
Event: 9.276 Thread 0x0000016616699800 Exception <a 'java/lang/NoSuchMethodError'{0x000000008f824500}: 'java.lang.Object java.lang.invoke.DirectMethodHandle$Holder.invokeVirtual(java.lang.Object, java.lang.Object, int, java.lang.Object)'> (0x000000008f824500) thrown at [./src/hotspot/share/interpreter/linkResolver.cpp, line 773]
Event: 9.276 Thread 0x000001661669c000 Exception <a 'java/lang/NoSuchMethodError'{0x000000008f0a6098}: 'java.lang.Object java.lang.invoke.DirectMethodHandle$Holder.invokeVirtual(java.lang.Object, java.lang.Object, int, java.lang.Object)'> (0x000000008f0a6098) thrown at [./src/hotspot/share/interpreter/linkResolver.cpp, line 773]
Event: 9.276 Thread 0x000001661669d800 Exception <a 'java/lang/NoSuchMethodError'{0x000000008f1c0830}: 'java.lang.Object java.lang.invoke.DirectMethodHandle$Holder.invokeVirtual(java.lang.Object, java.lang.Object, int, java.lang.Object)'> (0x000000008f1c0830) thrown at [./src/hotspot/share/interpreter/linkResolver.cpp, line 773]
Event: 9.279 Thread 0x0000016616699800 Exception <a 'java/lang/IncompatibleClassChangeError'{0x000000008ecb92e0}: Found class java.lang.Object, but interface was expected> (0x000000008ecb92e0) thrown at [./src/hotspot/share/interpreter/linkResolver.cpp, line 839]
Event: 9.279 Thread 0x0000016616699800 Exception <a 'java/lang/IncompatibleClassChangeError'{0x000000008ecc3b78}: Found class java.lang.Object, but interface was expected> (0x000000008ecc3b78) thrown at [./src/hotspot/share/interpreter/linkResolver.cpp, line 839]
Event: 9.293 Thread 0x000001661669d800 Exception <a 'java/lang/NoSuchMethodError'{0x000000008e6c0640}: 'void java.lang.invoke.DirectMethodHandle$Holder.invokeVirtual(java.lang.Object, java.lang.Object, int, java.lang.Object)'> (0x000000008e6c0640) thrown at [./src/hotspot/share/interpreter/linkResolver.cpp, line 773]
Event: 9.335 Thread 0x0000016616699800 Exception <a 'java/lang/NoSuchMethodError'{0x000000008dd12510}: 'java.lang.Object java.lang.invoke.DirectMethodHandle$Holder.newInvokeSpecial(java.lang.Object, int)'> (0x000000008dd12510) thrown at [./src/hotspot/share/interpreter/linkResolver.cpp, line 773]
Event: 9.335 Thread 0x000001661669c000 Exception <a 'java/lang/NoSuchMethodError'{0x000000008dd78f48}: 'java.lang.Object java.lang.invoke.DirectMethodHandle$Holder.newInvokeSpecial(java.lang.Object, int)'> (0x000000008dd78f48) thrown at [./src/hotspot/share/interpreter/linkResolver.cpp, line 773]
Event: 9.335 Thread 0x000001661669a000 Exception <a 'java/lang/NoSuchMethodError'{0x000000008dffc0d8}: 'java.lang.Object java.lang.invoke.DirectMethodHandle$Holder.newInvokeSpecial(java.lang.Object, int)'> (0x000000008dffc0d8) thrown at [./src/hotspot/share/interpreter/linkResolver.cpp, line 773]
Event: 9.335 Thread 0x000001661669d800 Exception <a 'java/lang/NoSuchMethodError'{0x000000008debfdc0}: 'java.lang.Object java.lang.invoke.DirectMethodHandle$Holder.newInvokeSpecial(java.lang.Object, int)'> (0x000000008debfdc0) thrown at [./src/hotspot/share/interpreter/linkResolver.cpp, line 773]
Event: 9.436 Thread 0x000001661669d800 Exception <a 'java/lang/NoSuchMethodError'{0x000000008f432ce0}: 'java.lang.Object java.lang.invoke.DirectMethodHandle$Holder.invokeInterface(java.lang.Object, java.lang.Object, int)'> (0x000000008f432ce0) thrown at [./src/hotspot/share/interpreter/linkResolver.cpp, line 773]
Event: 9.949 Thread 0x000001661669d800 Exception <a 'java/lang/NoSuchMethodError'{0x000000008d578068}: 'int java.lang.invoke.DirectMethodHandle$Holder.invokeInterface(java.lang.Object, java.lang.Object, int)'> (0x000000008d578068) thrown at [./src/hotspot/share/interpreter/linkResolver.cpp, line 773]
Event: 12.227 Thread 0x0000016616699800 Exception <a 'java/lang/NoSuchMethodError'{0x000000009084ea00}: 'void java.lang.invoke.DirectMethodHandle$Holder.invokeSpecial(java.lang.Object, java.lang.Object, int, java.lang.Object, java.lang.Object, java.lang.Object, java.lang.Object)'> (0x000000009084ea00) thrown at [./src/hotspot/share/interpreter/linkResolver.cpp, line 773]
Event: 12.227 Thread 0x0000016616699800 Exception <a 'java/lang/NoSuchMethodError'{0x000000009085a600}: 'java.lang.Object java.lang.invoke.Invokers$Holder.linkToTargetMethod(java.lang.Object, int, java.lang.Object, java.lang.Object, java.lang.Object, java.lang.Object)'> (0x000000009085a600) thrown at [./src/hotspot/share/interpreter/linkResolver.cpp, line 773]
Event: 12.228 Thread 0x0000016616699800 Exception <a 'java/lang/NoSuchMethodError'{0x000000009085eab0}: 'void java.lang.invoke.DirectMethodHandle$Holder.invokeSpecial(java.lang.Object, java.lang.Object, java.lang.Object, java.lang.Object, java.lang.Object, java.lang.Object, java.lang.Object, java.lang.Object, java.lang.Object)'> (0x000000009085eab0) thrown at [./src/hotspot/share/interpreter/linkResolver.cpp, line 773]
Event: 12.229 Thread 0x0000016616699800 Exception <a 'java/lang/NoSuchMethodError'{0x00000000908796f0}: 'void java.lang.invoke.DirectMethodHandle$Holder.invokeStatic(java.lang.Object, java.lang.Object, java.lang.Object, java.lang.Object, java.lang.Object, java.lang.Object, java.lang.Object, java.lang.Object)'> (0x00000000908796f0) thrown at [./src/hotspot/share/interpreter/linkResolver.cpp, line 773]
Event: 12.310 Thread 0x0000016616699800 Exception <a 'java/lang/IncompatibleClassChangeError'{0x000000008bd38bd8}: Found class java.lang.Object, but interface was expected> (0x000000008bd38bd8) thrown at [./src/hotspot/share/interpreter/linkResolver.cpp, line 839]
Event: 12.424 Thread 0x0000016616699800 Exception <a 'java/lang/NoSuchMethodError'{0x0000000091d4e5d8}: 'void java.lang.invoke.DirectMethodHandle$Holder.invokeVirtual(java.lang.Object, java.lang.Object, int)'> (0x0000000091d4e5d8) thrown at [./src/hotspot/share/interpreter/linkResolver.cpp, line 773]
Event: 12.477 Thread 0x0000016616699800 Exception <a 'sun/nio/fs/WindowsException'{0x000000008feb0548}> (0x000000008feb0548) thrown at [./src/hotspot/share/prims/jni.cpp, line 615]
Event: 12.547 Thread 0x0000016616699800 Exception <a 'sun/nio/fs/WindowsException'{0x000000008b0df9d0}> (0x000000008b0df9d0) thrown at [./src/hotspot/share/prims/jni.cpp, line 615]

Events (20 events):
Event: 12.476 loading class com/android/tools/r8/ByteDataView
Event: 12.476 loading class com/android/tools/r8/ByteDataView done
Event: 12.477 loading class com/android/tools/r8/internal/ya
Event: 12.477 loading class com/android/tools/r8/internal/ya done
Event: 12.478 loading class com/android/tools/r8/internal/B7
Event: 12.478 loading class com/android/tools/r8/internal/B7 done
Event: 12.478 loading class com/android/tools/r8/internal/A7
Event: 12.478 loading class com/android/tools/r8/internal/A7 done
Event: 12.478 loading class com/android/tools/r8/internal/z7
Event: 12.478 loading class com/android/tools/r8/internal/z7 done
Event: 12.480 Loaded shared library C:\Program Files\Android\Android Studio\jre\bin\zip.dll
Event: 12.481 loading class org/gradle/api/internal/artifacts/transform/DefaultTransformerInvocationFactory$TransformerExecution
Event: 12.481 loading class org/gradle/api/internal/artifacts/transform/DefaultTransformerInvocationFactory$TransformerExecution done
Event: 12.484 loading class org/gradle/api/internal/artifacts/transform/DefaultTransformerInvocationFactory$TransformerExecution$2
Event: 12.484 loading class org/gradle/api/internal/artifacts/transform/DefaultTransformerInvocationFactory$TransformerExecution$2 done
Event: 12.498 Executing VM operation: ICBufferFull
Event: 12.499 Executing VM operation: ICBufferFull done
Event: 12.548 Executing VM operation: G1CollectForAllocation
Event: 12.555 Executing VM operation: G1CollectForAllocation done
Event: 12.729 Executing VM operation: G1CollectForAllocation


Dynamic libraries:
0x00007ff61a110000 - 0x00007ff61a11a000 	C:\Program Files\Android\Android Studio\jre\bin\java.exe
0x00007ffcffcf0000 - 0x00007ffcffee5000 	C:\WINDOWS\SYSTEM32\ntdll.dll
0x00007ffcfdd30000 - 0x00007ffcfddee000 	C:\WINDOWS\System32\KERNEL32.DLL
0x00007ffcfd400000 - 0x00007ffcfd6c8000 	C:\WINDOWS\System32\KERNELBASE.dll
0x00007ffcfd7e0000 - 0x00007ffcfd8e0000 	C:\WINDOWS\System32\ucrtbase.dll
0x00007ffcd9da0000 - 0x00007ffcd9db7000 	C:\Program Files\Android\Android Studio\jre\bin\VCRUNTIME140.dll
0x00007ffce2ef0000 - 0x00007ffce2f09000 	C:\Program Files\Android\Android Studio\jre\bin\jli.dll
0x00007ffcfe650000 - 0x00007ffcfe7f1000 	C:\WINDOWS\System32\USER32.dll
0x00007ffcfda00000 - 0x00007ffcfda22000 	C:\WINDOWS\System32\win32u.dll
0x00007ffcdf4a0000 - 0x00007ffcdf73a000 	C:\WINDOWS\WinSxS\amd64_microsoft.windows.common-controls_6595b64144ccf1df_6.0.19041.1110_none_60b5254171f9507e\COMCTL32.dll
0x00007ffcffb30000 - 0x00007ffcffb5b000 	C:\WINDOWS\System32\GDI32.dll
0x00007ffcfd6d0000 - 0x00007ffcfd7dd000 	C:\WINDOWS\System32\gdi32full.dll
0x00007ffcfe3f0000 - 0x00007ffcfe48e000 	C:\WINDOWS\System32\msvcrt.dll
0x00007ffcfd910000 - 0x00007ffcfd9ad000 	C:\WINDOWS\System32\msvcp_win.dll
0x00007ffcfe2e0000 - 0x00007ffcfe310000 	C:\WINDOWS\System32\IMM32.DLL
0x00007ffcd4f60000 - 0x00007ffcd4ffd000 	C:\Program Files\Android\Android Studio\jre\bin\msvcp140.dll
0x00007ffc94440000 - 0x00007ffc94f0f000 	C:\Program Files\Android\Android Studio\jre\bin\server\jvm.dll
0x00007ffcffa80000 - 0x00007ffcffb2e000 	C:\WINDOWS\System32\ADVAPI32.dll
0x00007ffcff1e0000 - 0x00007ffcff27c000 	C:\WINDOWS\System32\sechost.dll
0x00007ffcfe520000 - 0x00007ffcfe645000 	C:\WINDOWS\System32\RPCRT4.dll
0x00007ffcfe120000 - 0x00007ffcfe128000 	C:\WINDOWS\System32\PSAPI.DLL
0x00007ffcf8e70000 - 0x00007ffcf8e79000 	C:\WINDOWS\SYSTEM32\WSOCK32.dll
0x00007ffcd24e0000 - 0x00007ffcd2507000 	C:\WINDOWS\SYSTEM32\WINMM.dll
0x00007ffcfc1f0000 - 0x00007ffcfc1fa000 	C:\WINDOWS\SYSTEM32\VERSION.dll
0x00007ffcfe4b0000 - 0x00007ffcfe51b000 	C:\WINDOWS\System32\WS2_32.dll
0x00007ffcfc1a0000 - 0x00007ffcfc1b2000 	C:\WINDOWS\SYSTEM32\kernel.appcore.dll
0x00007ffcd9a80000 - 0x00007ffcd9a91000 	C:\Program Files\Android\Android Studio\jre\bin\verify.dll
0x00007ffcf63d0000 - 0x00007ffcf65b4000 	C:\WINDOWS\SYSTEM32\DBGHELP.DLL
0x00007ffce2d70000 - 0x00007ffce2d9c000 	C:\WINDOWS\SYSTEM32\dbgcore.DLL
0x00007ffcfdca0000 - 0x00007ffcfdd22000 	C:\WINDOWS\System32\bcryptPrimitives.dll
0x00007ffcd54a0000 - 0x00007ffcd54c9000 	C:\Program Files\Android\Android Studio\jre\bin\java.dll
0x00007ffcf6000000 - 0x00007ffcf600b000 	C:\Program Files\Android\Android Studio\jre\bin\jimage.dll
0x00007ffcd9a60000 - 0x00007ffcd9a78000 	C:\Program Files\Android\Android Studio\jre\bin\zip.dll
0x00007ffcff280000 - 0x00007ffcff9c4000 	C:\WINDOWS\System32\SHELL32.dll
0x00007ffcfb310000 - 0x00007ffcfbaa5000 	C:\WINDOWS\SYSTEM32\windows.storage.dll
0x00007ffcfe980000 - 0x00007ffcfecd5000 	C:\WINDOWS\System32\combase.dll
0x00007ffcfcd80000 - 0x00007ffcfcdae000 	C:\WINDOWS\SYSTEM32\Wldp.dll
0x00007ffcff9d0000 - 0x00007ffcffa7d000 	C:\WINDOWS\System32\SHCORE.dll
0x00007ffcfe1f0000 - 0x00007ffcfe245000 	C:\WINDOWS\System32\shlwapi.dll
0x00007ffcfd340000 - 0x00007ffcfd35f000 	C:\WINDOWS\SYSTEM32\profapi.dll
0x00007ffcd5480000 - 0x00007ffcd549a000 	C:\Program Files\Android\Android Studio\jre\bin\net.dll
0x00007ffcf7d70000 - 0x00007ffcf7e7c000 	C:\WINDOWS\SYSTEM32\WINHTTP.dll
0x00007ffcfcae0000 - 0x00007ffcfcb4a000 	C:\WINDOWS\system32\mswsock.dll
0x00007ffcd51b0000 - 0x00007ffcd51c4000 	C:\Program Files\Android\Android Studio\jre\bin\nio.dll
0x00007ffcd4ad0000 - 0x00007ffcd4af7000 	C:\Users\Halcyon\.gradle\native\8bec1ad78214c89d9ad589b4d07fe93259594b29d510b10fafb7a158f7737e5d\windows-amd64\native-platform.dll
0x00007ffcc5af0000 - 0x00007ffcc5c2d000 	C:\Users\Halcyon\.gradle\native\53dbd7edfb1c66fb8903c78663c9afc45aea4f116125fa6feffd364cf09443e8\windows-amd64\native-platform-file-events.dll
0x00007ffce9530000 - 0x00007ffce953a000 	C:\Program Files\Android\Android Studio\jre\bin\management.dll
0x00007ffce8e90000 - 0x00007ffce8e9c000 	C:\Program Files\Android\Android Studio\jre\bin\management_ext.dll
0x00007ffcfccd0000 - 0x00007ffcfcce8000 	C:\WINDOWS\SYSTEM32\CRYPTSP.dll
0x00007ffcfc460000 - 0x00007ffcfc494000 	C:\WINDOWS\system32\rsaenh.dll
0x00007ffcfd8e0000 - 0x00007ffcfd907000 	C:\WINDOWS\System32\bcrypt.dll
0x00007ffcfd300000 - 0x00007ffcfd32e000 	C:\WINDOWS\SYSTEM32\USERENV.dll
0x00007ffcfccf0000 - 0x00007ffcfccfc000 	C:\WINDOWS\SYSTEM32\CRYPTBASE.dll
0x00007ffcfc7d0000 - 0x00007ffcfc80b000 	C:\WINDOWS\SYSTEM32\IPHLPAPI.DLL
0x00007ffcfe490000 - 0x00007ffcfe498000 	C:\WINDOWS\System32\NSI.dll
0x00007ffcf45a0000 - 0x00007ffcf45b7000 	C:\WINDOWS\SYSTEM32\dhcpcsvc6.DLL
0x00007ffcf51e0000 - 0x00007ffcf51fd000 	C:\WINDOWS\SYSTEM32\dhcpcsvc.DLL
0x00007ffcfc810000 - 0x00007ffcfc8db000 	C:\WINDOWS\SYSTEM32\DNSAPI.dll

dbghelp: loaded successfully - version: 4.0.5 - missing functions: none
symbol engine: initialized successfully - sym options: 0x614 - pdb path: .;C:\Program Files\Android\Android Studio\jre\bin;C:\WINDOWS\SYSTEM32;C:\WINDOWS\WinSxS\amd64_microsoft.windows.common-controls_6595b64144ccf1df_6.0.19041.1110_none_60b5254171f9507e;C:\Program Files\Android\Android Studio\jre\bin\server;C:\Users\Halcyon\.gradle\native\8bec1ad78214c89d9ad589b4d07fe93259594b29d510b10fafb7a158f7737e5d\windows-amd64;C:\Users\Halcyon\.gradle\native\53dbd7edfb1c66fb8903c78663c9afc45aea4f116125fa6feffd364cf09443e8\windows-amd64

VM Arguments:
jvm_args: --add-opens=java.base/java.util=ALL-UNNAMED --add-opens=java.base/java.lang=ALL-UNNAMED --add-opens=java.base/java.lang.invoke=ALL-UNNAMED --add-opens=java.base/java.util=ALL-UNNAMED --add-opens=java.prefs/java.util.prefs=ALL-UNNAMED --add-opens=java.prefs/java.util.prefs=ALL-UNNAMED --add-opens=java.base/java.nio.charset=ALL-UNNAMED --add-opens=java.base/java.net=ALL-UNNAMED --add-opens=java.base/java.util.concurrent.atomic=ALL-UNNAMED -Xmx2048m -Dfile.encoding=UTF-8 -Duser.country=US -Duser.language=en -Duser.variant 
java_command: org.gradle.launcher.daemon.bootstrap.GradleDaemon 7.0.2
java_class_path (initial): C:\Users\Halcyon\.gradle\wrapper\dists\gradle-7.0.2-bin\857tjihv64xamwrf0h14cai3r\gradle-7.0.2\lib\gradle-launcher-7.0.2.jar
Launcher Type: SUN_STANDARD

[Global flags]
     intx CICompilerCount                          = 4                                         {product} {ergonomic}
     uint ConcGCThreads                            = 2                                         {product} {ergonomic}
     uint G1ConcRefinementThreads                  = 8                                         {product} {ergonomic}
   size_t G1HeapRegionSize                         = 1048576                                   {product} {ergonomic}
    uintx GCDrainStackTargetSize                   = 64                                        {product} {ergonomic}
   size_t InitialHeapSize                          = 262144000                                 {product} {ergonomic}
   size_t MarkStackSize                            = 4194304                                   {product} {ergonomic}
   size_t MaxHeapSize                              = 2147483648                                {product} {command line}
   size_t MaxNewSize                               = 1287651328                                {product} {ergonomic}
   size_t MinHeapDeltaBytes                        = 1048576                                   {product} {ergonomic}
    uintx NonNMethodCodeHeapSize                   = 5836300                                {pd product} {ergonomic}
    uintx NonProfiledCodeHeapSize                  = 122910970                              {pd product} {ergonomic}
    uintx ProfiledCodeHeapSize                     = 122910970                              {pd product} {ergonomic}
    uintx ReservedCodeCacheSize                    = 251658240                              {pd product} {ergonomic}
     bool SegmentedCodeCache                       = true                                      {product} {ergonomic}
     bool UseCompressedClassPointers               = true                                 {lp64_product} {ergonomic}
     bool UseCompressedOops                        = true                                 {lp64_product} {ergonomic}
     bool UseG1GC                                  = true                                      {product} {ergonomic}
     bool UseLargePagesIndividualAllocation        = false                                  {pd product} {ergonomic}

Logging:
Log output configuration:
 #0: stdout all=warning uptime,level,tags
 #1: stderr all=off uptime,level,tags

Environment Variables:
PATH=C:\Program Files\Common Files\Oracle\Java\javapath;C:\Program Files\Eclipse Adoptium\jdk-17.0.1.12-hotspot\bin;C:\Program Files (x86)\Common Files\Oracle\Java\javapath;C:\WINDOWS\system32;C:\WINDOWS;C:\WINDOWS\System32\Wbem;C:\WINDOWS\System32\WindowsPowerShell\v1.0\;C:\WINDOWS\System32\OpenSSH\;C:\Program Files (x86)\IVI Foundation\VISA\WinNT\Bin\;C:\Program Files\IVI Foundation\VISA\Win64\Bin\;C:\Program Files\nodejs\;C:\Program Files (x86)\dotnet\;C:\Users\Halcyon\AppData\Local\Microsoft\WindowsApps;C:\Users\Halcyon\AppData\Local\Programs\Microsoft VS Code\bin;C:\Users\Halcyon\AppData\Local\Programs\Git\cmd;C:\Users\Halcyon\AppData\Roaming\npm
USERNAME=Halcyon
OS=Windows_NT
PROCESSOR_IDENTIFIER=Intel64 Family 6 Model 126 Stepping 5, GenuineIntel



---------------  S Y S T E M  ---------------

OS: Windows 10 , 64 bit Build 19041 (10.0.19041.1466)
OS uptime: 3 days 0:48 hours

CPU:total 8 (initial active 8) (4 cores per cpu, 2 threads per core) family 6 model 126 stepping 5 microcode 0xa6, cmov, cx8, fxsr, mmx, sse, sse2, sse3, ssse3, sse4.1, sse4.2, popcnt, avx, avx2, aes, clmul, erms, 3dnowpref, lzcnt, ht, tsc, tscinvbit, bmi1, bmi2, adx, evex, sha, fma

Memory: 4k page, system-wide physical 15970M (1596M free)
TotalPageFile size 20066M (AvailPageFile size 25M)
current process WorkingSet (physical memory assigned to process): 753M, peak: 753M
current process commit charge ("private bytes"): 832M, peak: 923M

vm_info: OpenJDK 64-Bit Server VM (11.0.10+0-b96-7249189) for windows-amd64 JRE (11.0.10+0-b96-7249189), built on Mar 31 2021 21:44:00 by "builder" with MS VC++ 14.0 (VS2015)

END.
