#
# There is insufficient memory for the Java Runtime Environment to continue.
# Native memory allocation (malloc) failed to allocate 1501616 bytes for Chunk::new
# Possible reasons:
#   The system is out of physical RAM or swap space
#   The process is running with CompressedOops enabled, and the Java Heap may be blocking the growth of the native heap
# Possible solutions:
#   Reduce memory load on the system
#   Increase physical memory or swap space
#   Check if swap backing store is full
#   Decrease Java heap size (-Xmx/-Xms)
#   Decrease number of Java threads
#   Decrease Java thread stack sizes (-Xss)
#   Set larger code cache with -XX:ReservedCodeCacheSize=
#   JVM is running with Unscaled Compressed Oops mode in which the Java heap is
#     placed in the first 4GB address space. The Java Heap base address is the
#     maximum limit for the native heap growth. Please use -XX:HeapBaseMinAddress
#     to set the Java Heap base and to place the Java Heap above 4GB virtual address.
# This output file may be truncated or incomplete.
#
#  Out of Memory Error (./src/hotspot/share/memory/arena.cpp:197), pid=14408, tid=21544
#
# JRE version: OpenJDK Runtime Environment (11.0.10) (build 11.0.10+0-b96-7249189)
# Java VM: OpenJDK 64-Bit Server VM (11.0.10+0-b96-7249189, mixed mode, tiered, compressed oops, g1 gc, windows-amd64)
# No core dump will be written. Minidumps are not enabled by default on client versions of Windows
#

---------------  S U M M A R Y ------------

Command Line: --add-opens=java.base/java.util=ALL-UNNAMED --add-opens=java.base/java.lang=ALL-UNNAMED --add-opens=java.base/java.lang.invoke=ALL-UNNAMED --add-opens=java.base/java.util=ALL-UNNAMED --add-opens=java.prefs/java.util.prefs=ALL-UNNAMED --add-opens=java.prefs/java.util.prefs=ALL-UNNAMED --add-opens=java.base/java.nio.charset=ALL-UNNAMED --add-opens=java.base/java.net=ALL-UNNAMED --add-opens=java.base/java.util.concurrent.atomic=ALL-UNNAMED -Xmx2048m -Dfile.encoding=UTF-8 -Duser.country=US -Duser.language=en -Duser.variant org.gradle.launcher.daemon.bootstrap.GradleDaemon 7.0.2

Host: Intel(R) Core(TM) i7-1065G7 CPU @ 1.30GHz, 8 cores, 15G,  Windows 10 , 64 bit Build 19041 (10.0.19041.1466)
Time: Fri Jan 28 13:08:28 2022 Pacific Standard Time elapsed time: 12.195587 seconds (0d 0h 0m 12s)

---------------  T H R E A D  ---------------

Current thread (0x000001d3ff0b0800):  JavaThread "C2 CompilerThread2" daemon [_thread_in_native, id=21544, stack(0x000000018d300000,0x000000018d400000)]


Current CompileTask:
C2:  12195 14236 %     4       com.android.tools.r8.ir.regalloc.a::a @ 16 (1824 bytes)

Stack: [0x000000018d300000,0x000000018d400000]
Native frames: (J=compiled Java code, j=interpreted, Vv=VM code, C=native code)
V  [jvm.dll+0x5ecfaa]
V  [jvm.dll+0x722bd5]
V  [jvm.dll+0x72412d]
V  [jvm.dll+0x7247e3]
V  [jvm.dll+0x242928]
V  [jvm.dll+0xbc4fc]
V  [jvm.dll+0xbca0c]
V  [jvm.dll+0x2b4fd4]
V  [jvm.dll+0x506028]
V  [jvm.dll+0x1fcdfd]
V  [jvm.dll+0x1fa77f]
V  [jvm.dll+0x18354c]
V  [jvm.dll+0x208ee7]
V  [jvm.dll+0x207731]
V  [jvm.dll+0x6eb1cf]
V  [jvm.dll+0x6e3d45]
V  [jvm.dll+0x5ebe96]
C  [ucrtbase.dll+0x21bb2]
C  [KERNEL32.DLL+0x17034]
C  [ntdll.dll+0x52651]


---------------  P R O C E S S  ---------------

Threads class SMR info:
_java_thread_list=0x000001d380df4b90, length=65, elements={
0x000001d3dfec3800, 0x000001d3fab91800, 0x000001d3fab9a000, 0x000001d3fabed000,
0x000001d3fabee000, 0x000001d3fabef800, 0x000001d3fabf3800, 0x000001d3fabf5000,
0x000001d3fabf6000, 0x000001d3fad6b000, 0x000001d3fd18b000, 0x000001d3fd0f8000,
0x000001d3fcf09000, 0x000001d3fce53000, 0x000001d3fd545800, 0x000001d3fc03f800,
0x000001d3fcce9800, 0x000001d3fccea800, 0x000001d3fd082000, 0x000001d3fe807800,
0x000001d3fccbb800, 0x000001d3fccbf800, 0x000001d3fccc0000, 0x000001d3fccc1000,
0x000001d3fccbe800, 0x000001d3fccbd800, 0x000001d3fccc2000, 0x000001d3fccbc000,
0x000001d3fccbd000, 0x000001d380aa1000, 0x000001d3ff0b0800, 0x000001d380aa0800,
0x000001d380a9b800, 0x000001d380aa2000, 0x000001d380a9d000, 0x000001d380aa3800,
0x000001d380a9e000, 0x000001d380aa8000, 0x000001d380aa4800, 0x000001d380aa8800,
0x000001d380aa6000, 0x000001d380aa9800, 0x000001d380aa5800, 0x000001d380aa7000,
0x000001d380aaa000, 0x000001d380351000, 0x000001d38034f000, 0x000001d38034e800,
0x000001d380350000, 0x000001d380351800, 0x000001d38034c000, 0x000001d38034c800,
0x000001d38034d800, 0x000001d380357800, 0x000001d380358000, 0x000001d380359000,
0x000001d380356800, 0x000001d38035a000, 0x000001d380354000, 0x000001d380355800,
0x000001d38035a800, 0x000001d380355000, 0x000001d3fb0c4000, 0x000001d3fb0ca800,
0x000001d3fb0c6000
}

Java Threads: ( => current thread )
  0x000001d3dfec3800 JavaThread "main" [_thread_blocked, id=19720, stack(0x000000018a600000,0x000000018a700000)]
  0x000001d3fab91800 JavaThread "Reference Handler" daemon [_thread_blocked, id=22400, stack(0x000000018ad00000,0x000000018ae00000)]
  0x000001d3fab9a000 JavaThread "Finalizer" daemon [_thread_blocked, id=21528, stack(0x000000018ae00000,0x000000018af00000)]
  0x000001d3fabed000 JavaThread "Signal Dispatcher" daemon [_thread_blocked, id=708, stack(0x000000018af00000,0x000000018b000000)]
  0x000001d3fabee000 JavaThread "Attach Listener" daemon [_thread_blocked, id=8880, stack(0x000000018b000000,0x000000018b100000)]
  0x000001d3fabef800 JavaThread "Service Thread" daemon [_thread_blocked, id=19804, stack(0x000000018b100000,0x000000018b200000)]
  0x000001d3fabf3800 JavaThread "C2 CompilerThread0" daemon [_thread_in_native, id=6532, stack(0x000000018b200000,0x000000018b300000)]
  0x000001d3fabf5000 JavaThread "C1 CompilerThread0" daemon [_thread_blocked, id=19940, stack(0x000000018b300000,0x000000018b400000)]
  0x000001d3fabf6000 JavaThread "Sweeper thread" daemon [_thread_blocked, id=9520, stack(0x000000018b400000,0x000000018b500000)]
  0x000001d3fad6b000 JavaThread "Common-Cleaner" daemon [_thread_blocked, id=20844, stack(0x000000018b500000,0x000000018b600000)]
  0x000001d3fd18b000 JavaThread "Daemon health stats" [_thread_blocked, id=9912, stack(0x000000018bd00000,0x000000018be00000)]
  0x000001d3fd0f8000 JavaThread "Incoming local TCP Connector on port 60484" [_thread_in_native, id=20196, stack(0x000000018b700000,0x000000018b800000)]
  0x000001d3fcf09000 JavaThread "Daemon periodic checks" [_thread_blocked, id=18956, stack(0x000000018be00000,0x000000018bf00000)]
  0x000001d3fce53000 JavaThread "Daemon" [_thread_blocked, id=6788, stack(0x000000018bf00000,0x000000018c000000)]
  0x000001d3fd545800 JavaThread "Handler for socket connection from /127.0.0.1:60484 to /127.0.0.1:60485" [_thread_in_native, id=14760, stack(0x000000018c000000,0x000000018c100000)]
  0x000001d3fc03f800 JavaThread "Cancel handler" [_thread_blocked, id=17280, stack(0x000000018c100000,0x000000018c200000)]
  0x000001d3fcce9800 JavaThread "C2 CompilerThread1" daemon [_thread_in_native, id=11112, stack(0x000000018c200000,0x000000018c300000)]
  0x000001d3fccea800 JavaThread "Daemon worker" [_thread_blocked, id=9004, stack(0x000000018c300000,0x000000018c400000)]
  0x000001d3fd082000 JavaThread "Asynchronous log dispatcher for DefaultDaemonConnection: socket connection from /127.0.0.1:60484 to /127.0.0.1:60485" [_thread_blocked, id=15452, stack(0x000000018c400000,0x000000018c500000)]
  0x000001d3fe807800 JavaThread "Stdin handler" [_thread_blocked, id=17516, stack(0x000000018c500000,0x000000018c600000)]
  0x000001d3fccbb800 JavaThread "Daemon client event forwarder" [_thread_blocked, id=20728, stack(0x000000018c600000,0x000000018c700000)]
  0x000001d3fccbf800 JavaThread "Cache worker for file hash cache (C:\Users\Halcyon\.gradle\caches\7.0.2\fileHashes)" [_thread_blocked, id=3176, stack(0x000000018c700000,0x000000018c800000)]
  0x000001d3fccc0000 JavaThread "File lock request listener" [_thread_in_native, id=4836, stack(0x000000018c800000,0x000000018c900000)]
  0x000001d3fccc1000 JavaThread "Cache worker for journal cache (C:\Users\Halcyon\.gradle\caches\journal-1)" [_thread_blocked, id=18332, stack(0x000000018cc00000,0x000000018cd00000)]
  0x000001d3fccbe800 JavaThread "Cache worker for file hash cache (C:\Users\Halcyon\Desktop\SP22\CS301\CrazyEights_lis24_millemal22_sakata24_uyechi23\.gradle\7.0.2\fileHashes)" [_thread_blocked, id=17380, stack(0x000000018cd00000,0x000000018ce00000)]
  0x000001d3fccbd800 JavaThread "File watcher server" daemon [_thread_in_native, id=18256, stack(0x000000018ce00000,0x000000018cf00000)]
  0x000001d3fccc2000 JavaThread "File watcher consumer" daemon [_thread_blocked, id=9916, stack(0x000000018cf00000,0x000000018d000000)]
  0x000001d3fccbc000 JavaThread "Cache worker for checksums cache (C:\Users\Halcyon\Desktop\SP22\CS301\CrazyEights_lis24_millemal22_sakata24_uyechi23\.gradle\checksums)" [_thread_blocked, id=16048, stack(0x000000018d000000,0x000000018d100000)]
  0x000001d3fccbd000 JavaThread "Cache worker for cache directory md-supplier (C:\Users\Halcyon\.gradle\caches\7.0.2\md-supplier)" [_thread_blocked, id=12496, stack(0x000000018d100000,0x000000018d200000)]
  0x000001d380aa1000 JavaThread "Cache worker for cache directory md-rule (C:\Users\Halcyon\.gradle\caches\7.0.2\md-rule)" [_thread_blocked, id=9772, stack(0x000000018d200000,0x000000018d300000)]
=>0x000001d3ff0b0800 JavaThread "C2 CompilerThread2" daemon [_thread_in_native, id=21544, stack(0x000000018d300000,0x000000018d400000)]
  0x000001d380aa0800 JavaThread "Cache worker for execution history cache (C:\Users\Halcyon\.gradle\caches\7.0.2\executionHistory)" [_thread_blocked, id=21828, stack(0x000000018d400000,0x000000018d500000)]
  0x000001d380a9b800 JavaThread "jar transforms" [_thread_blocked, id=17712, stack(0x000000018d500000,0x000000018d600000)]
  0x000001d380aa2000 JavaThread "jar transforms Thread 2" [_thread_blocked, id=19928, stack(0x000000018d600000,0x000000018d700000)]
  0x000001d380a9d000 JavaThread "Cache worker for file content cache (C:\Users\Halcyon\.gradle\caches\7.0.2\fileContent)" [_thread_blocked, id=21760, stack(0x000000018d700000,0x000000018d800000)]
  0x000001d380aa3800 JavaThread "Cache worker for dependencies-accessors (C:\Users\Halcyon\Desktop\SP22\CS301\CrazyEights_lis24_millemal22_sakata24_uyechi23\.gradle\7.0.2\dependencies-accessors)" [_thread_blocked, id=20336, stack(0x000000018d800000,0x000000018d900000)]
  0x000001d380a9e000 JavaThread "jar transforms Thread 3" [_thread_blocked, id=13728, stack(0x000000018d900000,0x000000018da00000)]
  0x000001d380aa8000 JavaThread "Cache worker for Build Output Cleanup Cache (C:\Users\Halcyon\Desktop\SP22\CS301\CrazyEights_lis24_millemal22_sakata24_uyechi23\.gradle\buildOutputCleanup)" [_thread_blocked, id=15044, stack(0x000000018da00000,0x000000018db00000)]
  0x000001d380aa4800 JavaThread "Build operations" [_thread_in_Java, id=19636, stack(0x000000018db00000,0x000000018dc00000)]
  0x000001d380aa8800 JavaThread "Build operations Thread 2" [_thread_blocked, id=20860, stack(0x000000018dc00000,0x000000018dd00000)]
  0x000001d380aa6000 JavaThread "Build operations Thread 3" [_thread_blocked, id=12432, stack(0x000000018dd00000,0x000000018de00000)]
  0x000001d380aa9800 JavaThread "Build operations Thread 4" [_thread_blocked, id=13008, stack(0x000000018de00000,0x000000018df00000)]
  0x000001d380aa5800 JavaThread "Build operations Thread 5" [_thread_in_Java, id=5948, stack(0x000000018df00000,0x000000018e000000)]
  0x000001d380aa7000 JavaThread "Build operations Thread 6" [_thread_in_Java, id=20708, stack(0x000000018e000000,0x000000018e100000)]
  0x000001d380aaa000 JavaThread "Build operations Thread 7" [_thread_blocked, id=10048, stack(0x000000018e100000,0x000000018e200000)]
  0x000001d380351000 JavaThread "Build operations Thread 8" [_thread_in_Java, id=16600, stack(0x000000018e200000,0x000000018e300000)]
  0x000001d38034f000 JavaThread "jar transforms Thread 4" [_thread_blocked, id=9260, stack(0x000000018e300000,0x000000018e400000)]
  0x000001d38034e800 JavaThread "jar transforms Thread 5" [_thread_blocked, id=14680, stack(0x000000018e400000,0x000000018e500000)]
  0x000001d380350000 JavaThread "jar transforms Thread 6" [_thread_blocked, id=3516, stack(0x000000018e500000,0x000000018e600000)]
  0x000001d380351800 JavaThread "jar transforms Thread 7" [_thread_blocked, id=692, stack(0x000000018e600000,0x000000018e700000)]
  0x000001d38034c000 JavaThread "jar transforms Thread 8" [_thread_blocked, id=11792, stack(0x000000018e700000,0x000000018e800000)]
  0x000001d38034c800 JavaThread "Memory manager" [_thread_blocked, id=21536, stack(0x000000018e800000,0x000000018e900000)]
  0x000001d38034d800 JavaThread "build event listener" [_thread_blocked, id=10132, stack(0x000000018e900000,0x000000018ea00000)]
  0x000001d380357800 JavaThread "pool-3-thread-1" [_thread_blocked, id=21992, stack(0x000000018ea00000,0x000000018eb00000)]
  0x000001d380358000 JavaThread "build event listener" [_thread_blocked, id=18336, stack(0x000000018eb00000,0x000000018ec00000)]
  0x000001d380359000 JavaThread "Execution worker for ':'" [_thread_blocked, id=20312, stack(0x000000018ec00000,0x000000018ed00000)]
  0x000001d380356800 JavaThread "Execution worker for ':' Thread 2" [_thread_blocked, id=16196, stack(0x000000018ed00000,0x000000018ee00000)]
  0x000001d38035a000 JavaThread "Execution worker for ':' Thread 3" [_thread_blocked, id=22064, stack(0x000000018ee00000,0x000000018ef00000)]
  0x000001d380354000 JavaThread "Execution worker for ':' Thread 4" [_thread_blocked, id=4380, stack(0x000000018ef00000,0x000000018f000000)]
  0x000001d380355800 JavaThread "Execution worker for ':' Thread 5" [_thread_blocked, id=16124, stack(0x000000018f000000,0x000000018f100000)]
  0x000001d38035a800 JavaThread "Execution worker for ':' Thread 6" [_thread_blocked, id=22000, stack(0x000000018f100000,0x000000018f200000)]
  0x000001d380355000 JavaThread "Execution worker for ':' Thread 7" [_thread_blocked, id=6844, stack(0x000000018f200000,0x000000018f300000)]
  0x000001d3fb0c4000 JavaThread "Cache worker for execution history cache (C:\Users\Halcyon\Desktop\SP22\CS301\CrazyEights_lis24_millemal22_sakata24_uyechi23\.gradle\7.0.2\executionHistory)" [_thread_blocked, id=22476, stack(0x000000018f300000,0x000000018f400000)]
  0x000001d3fb0ca800 JavaThread "WorkerExecutor Queue" [_thread_blocked, id=6064, stack(0x000000018f400000,0x000000018f500000)]
  0x000001d3fb0c6000 JavaThread "WorkerExecutor Queue Thread 2" [_thread_blocked, id=17076, stack(0x000000018f500000,0x000000018f600000)]

Other Threads:
  0x000001d3fab8d800 VMThread "VM Thread" [stack: 0x000000018ac00000,0x000000018ad00000] [id=18004]
  0x000001d3fad79800 WatcherThread [stack: 0x000000018b600000,0x000000018b700000] [id=20280]
  0x000001d3dfed6800 GCTaskThread "GC Thread#0" [stack: 0x000000018a700000,0x000000018a800000] [id=20248]
  0x000001d3faddb800 GCTaskThread "GC Thread#1" [stack: 0x000000018b800000,0x000000018b900000] [id=2820]
  0x000001d3fadde000 GCTaskThread "GC Thread#2" [stack: 0x000000018b900000,0x000000018ba00000] [id=17680]
  0x000001d3faddd800 GCTaskThread "GC Thread#3" [stack: 0x000000018ba00000,0x000000018bb00000] [id=15880]
  0x000001d3faddf000 GCTaskThread "GC Thread#4" [stack: 0x000000018bb00000,0x000000018bc00000] [id=9084]
  0x000001d3faddf800 GCTaskThread "GC Thread#5" [stack: 0x000000018bc00000,0x000000018bd00000] [id=18636]
  0x000001d3faddc800 GCTaskThread "GC Thread#6" [stack: 0x000000018c900000,0x000000018ca00000] [id=10660]
  0x000001d3fade2800 GCTaskThread "GC Thread#7" [stack: 0x000000018ca00000,0x000000018cb00000] [id=9244]
  0x000001d3dff09800 ConcurrentGCThread "G1 Main Marker" [stack: 0x000000018a800000,0x000000018a900000] [id=19608]
  0x000001d3dff0a800 ConcurrentGCThread "G1 Conc#0" [stack: 0x000000018a900000,0x000000018aa00000] [id=9732]
  0x000001d3fade0800 ConcurrentGCThread "G1 Conc#1" [stack: 0x000000018cb00000,0x000000018cc00000] [id=7980]
  0x000001d3fa1d4800 ConcurrentGCThread "G1 Refine#0" [stack: 0x000000018aa00000,0x000000018ab00000] [id=14652]
  0x000001d3fb5c5000 ConcurrentGCThread "G1 Refine#1" [stack: 0x000000018f600000,0x000000018f700000] [id=21728]
  0x000001d3fb5c1800 ConcurrentGCThread "G1 Refine#2" [stack: 0x000000018f700000,0x000000018f800000] [id=18516]
  0x000001d3fb5be800 ConcurrentGCThread "G1 Refine#3" [stack: 0x000000018f800000,0x000000018f900000] [id=10404]
  0x000001d3fb5c6000 ConcurrentGCThread "G1 Refine#4" [stack: 0x000000018f900000,0x000000018fa00000] [id=16400]
  0x000001d3fb5c4800 ConcurrentGCThread "G1 Refine#5" [stack: 0x000000018fa00000,0x000000018fb00000] [id=7424]
  0x000001d3fa1d5000 ConcurrentGCThread "G1 Young RemSet Sampling" [stack: 0x000000018ab00000,0x000000018ac00000] [id=18284]

Threads with active compile tasks:
C2 CompilerThread0  12216 14246       4       com.android.tools.r8.internal.Mv::a (430 bytes)
C2 CompilerThread1  12216 14305 %     4       com.android.tools.r8.ir.regalloc.a::a @ 1405 (3985 bytes)
C2 CompilerThread2  12216 14236 %     4       com.android.tools.r8.ir.regalloc.a::a @ 16 (1824 bytes)

VM state:not at safepoint (normal execution)

VM Mutex/Monitor currently owned by a thread: None

Heap address: 0x0000000080000000, size: 2048 MB, Compressed Oops mode: 32-bit
Narrow klass base: 0x0000000000000000, Narrow klass shift: 3
Compressed class space size: 1073741824 Address: 0x0000000100000000

Heap:
 garbage-first heap   total 368640K, used 264654K [0x0000000080000000, 0x0000000100000000)
  region size 1024K, 127 young (130048K), 9 survivors (9216K)
 Metaspace       used 101119K, capacity 103723K, committed 104780K, reserved 1140736K
  class space    used 13036K, capacity 14020K, committed 14464K, reserved 1048576K
Heap Regions: E=young(eden), S=young(survivor), O=old, HS=humongous(starts), HC=humongous(continues), CS=collection set, F=free, A=archive, TAMS=top-at-mark-start (previous, next)
|   0|0x0000000080000000, 0x0000000080100000, 0x0000000080100000|100%| O|  |TAMS 0x0000000080100000, 0x0000000080000000| Untracked 
|   1|0x0000000080100000, 0x0000000080200000, 0x0000000080200000|100%| O|  |TAMS 0x0000000080200000, 0x0000000080100000| Untracked 
|   2|0x0000000080200000, 0x0000000080300000, 0x0000000080300000|100%| O|  |TAMS 0x0000000080300000, 0x0000000080200000| Untracked 
|   3|0x0000000080300000, 0x0000000080400000, 0x0000000080400000|100%|HS|  |TAMS 0x0000000080400000, 0x0000000080300000| Complete 
|   4|0x0000000080400000, 0x0000000080500000, 0x0000000080500000|100%|HC|  |TAMS 0x0000000080500000, 0x0000000080400000| Complete 
|   5|0x0000000080500000, 0x0000000080600000, 0x0000000080600000|100%|HC|  |TAMS 0x0000000080600000, 0x0000000080500000| Complete 
|   6|0x0000000080600000, 0x0000000080700000, 0x0000000080700000|100%| O|  |TAMS 0x0000000080700000, 0x0000000080600000| Untracked 
|   7|0x0000000080700000, 0x0000000080800000, 0x0000000080800000|100%| O|  |TAMS 0x0000000080800000, 0x0000000080700000| Untracked 
|   8|0x0000000080800000, 0x0000000080900000, 0x0000000080900000|100%| O|  |TAMS 0x0000000080900000, 0x0000000080800000| Untracked 
|   9|0x0000000080900000, 0x0000000080a00000, 0x0000000080a00000|100%| O|  |TAMS 0x0000000080a00000, 0x0000000080900000| Untracked 
|  10|0x0000000080a00000, 0x0000000080b00000, 0x0000000080b00000|100%| O|  |TAMS 0x0000000080b00000, 0x0000000080a00000| Untracked 
|  11|0x0000000080b00000, 0x0000000080c00000, 0x0000000080c00000|100%| O|  |TAMS 0x0000000080c00000, 0x0000000080b00000| Untracked 
|  12|0x0000000080c00000, 0x0000000080d00000, 0x0000000080d00000|100%| O|  |TAMS 0x0000000080d00000, 0x0000000080c00000| Untracked 
|  13|0x0000000080d00000, 0x0000000080e00000, 0x0000000080e00000|100%| O|  |TAMS 0x0000000080e00000, 0x0000000080d00000| Untracked 
|  14|0x0000000080e00000, 0x0000000080f00000, 0x0000000080f00000|100%| O|  |TAMS 0x0000000080f00000, 0x0000000080e00000| Untracked 
|  15|0x0000000080f00000, 0x0000000081000000, 0x0000000081000000|100%| O|  |TAMS 0x0000000081000000, 0x0000000080f00000| Untracked 
|  16|0x0000000081000000, 0x0000000081100000, 0x0000000081100000|100%|HS|  |TAMS 0x0000000081100000, 0x0000000081000000| Complete 
|  17|0x0000000081100000, 0x0000000081200000, 0x0000000081200000|100%|HS|  |TAMS 0x0000000081200000, 0x0000000081100000| Complete 
|  18|0x0000000081200000, 0x0000000081300000, 0x0000000081300000|100%|HS|  |TAMS 0x0000000081300000, 0x0000000081200000| Complete 
|  19|0x0000000081300000, 0x0000000081400000, 0x0000000081400000|100%|HC|  |TAMS 0x0000000081400000, 0x0000000081300000| Complete 
|  20|0x0000000081400000, 0x0000000081500000, 0x0000000081500000|100%| O|  |TAMS 0x0000000081500000, 0x0000000081400000| Untracked 
|  21|0x0000000081500000, 0x0000000081600000, 0x0000000081600000|100%| O|  |TAMS 0x0000000081600000, 0x0000000081500000| Untracked 
|  22|0x0000000081600000, 0x0000000081700000, 0x0000000081700000|100%| O|  |TAMS 0x0000000081700000, 0x0000000081600000| Untracked 
|  23|0x0000000081700000, 0x0000000081800000, 0x0000000081800000|100%| O|  |TAMS 0x0000000081800000, 0x0000000081700000| Untracked 
|  24|0x0000000081800000, 0x0000000081900000, 0x0000000081900000|100%| O|  |TAMS 0x0000000081900000, 0x0000000081800000| Untracked 
|  25|0x0000000081900000, 0x0000000081a00000, 0x0000000081a00000|100%| O|  |TAMS 0x0000000081a00000, 0x0000000081900000| Untracked 
|  26|0x0000000081a00000, 0x0000000081b00000, 0x0000000081b00000|100%| O|  |TAMS 0x0000000081b00000, 0x0000000081a00000| Untracked 
|  27|0x0000000081b00000, 0x0000000081c00000, 0x0000000081c00000|100%| O|  |TAMS 0x0000000081c00000, 0x0000000081b00000| Untracked 
|  28|0x0000000081c00000, 0x0000000081d00000, 0x0000000081d00000|100%| O|  |TAMS 0x0000000081d00000, 0x0000000081c00000| Untracked 
|  29|0x0000000081d00000, 0x0000000081e00000, 0x0000000081e00000|100%| O|  |TAMS 0x0000000081e00000, 0x0000000081d00000| Untracked 
|  30|0x0000000081e00000, 0x0000000081f00000, 0x0000000081f00000|100%| O|  |TAMS 0x0000000081f00000, 0x0000000081e00000| Untracked 
|  31|0x0000000081f00000, 0x0000000082000000, 0x0000000082000000|100%| O|  |TAMS 0x0000000082000000, 0x0000000081f00000| Untracked 
|  32|0x0000000082000000, 0x0000000082100000, 0x0000000082100000|100%| O|  |TAMS 0x0000000082100000, 0x0000000082000000| Untracked 
|  33|0x0000000082100000, 0x0000000082200000, 0x0000000082200000|100%| O|  |TAMS 0x0000000082200000, 0x0000000082100000| Untracked 
|  34|0x0000000082200000, 0x0000000082300000, 0x0000000082300000|100%| O|  |TAMS 0x0000000082300000, 0x0000000082200000| Untracked 
|  35|0x0000000082300000, 0x0000000082400000, 0x0000000082400000|100%| O|  |TAMS 0x0000000082400000, 0x0000000082300000| Untracked 
|  36|0x0000000082400000, 0x0000000082500000, 0x0000000082500000|100%| O|  |TAMS 0x0000000082500000, 0x0000000082400000| Untracked 
|  37|0x0000000082500000, 0x0000000082600000, 0x0000000082600000|100%| O|  |TAMS 0x0000000082600000, 0x0000000082500000| Untracked 
|  38|0x0000000082600000, 0x0000000082700000, 0x0000000082700000|100%| O|  |TAMS 0x0000000082700000, 0x0000000082600000| Untracked 
|  39|0x0000000082700000, 0x0000000082800000, 0x0000000082800000|100%| O|  |TAMS 0x0000000082800000, 0x0000000082700000| Untracked 
|  40|0x0000000082800000, 0x0000000082900000, 0x0000000082900000|100%| O|  |TAMS 0x0000000082900000, 0x0000000082800000| Untracked 
|  41|0x0000000082900000, 0x0000000082a00000, 0x0000000082a00000|100%| O|  |TAMS 0x0000000082a00000, 0x0000000082900000| Untracked 
|  42|0x0000000082a00000, 0x0000000082b00000, 0x0000000082b00000|100%| O|  |TAMS 0x0000000082b00000, 0x0000000082a00000| Untracked 
|  43|0x0000000082b00000, 0x0000000082c00000, 0x0000000082c00000|100%| O|  |TAMS 0x0000000082c00000, 0x0000000082b00000| Untracked 
|  44|0x0000000082c00000, 0x0000000082d00000, 0x0000000082d00000|100%| O|  |TAMS 0x0000000082d00000, 0x0000000082c00000| Untracked 
|  45|0x0000000082d00000, 0x0000000082e00000, 0x0000000082e00000|100%| O|  |TAMS 0x0000000082e00000, 0x0000000082d00000| Untracked 
|  46|0x0000000082e00000, 0x0000000082f00000, 0x0000000082f00000|100%| O|  |TAMS 0x0000000082f00000, 0x0000000082e00000| Untracked 
|  47|0x0000000082f00000, 0x0000000083000000, 0x0000000083000000|100%| O|  |TAMS 0x0000000083000000, 0x0000000082f00000| Untracked 
|  48|0x0000000083000000, 0x0000000083100000, 0x0000000083100000|100%| O|  |TAMS 0x0000000083100000, 0x0000000083000000| Untracked 
|  49|0x0000000083100000, 0x0000000083200000, 0x0000000083200000|100%| O|  |TAMS 0x0000000083200000, 0x0000000083100000| Untracked 
|  50|0x0000000083200000, 0x0000000083300000, 0x0000000083300000|100%| O|  |TAMS 0x0000000083300000, 0x0000000083200000| Untracked 
|  51|0x0000000083300000, 0x0000000083400000, 0x0000000083400000|100%| O|  |TAMS 0x0000000083400000, 0x0000000083300000| Untracked 
|  52|0x0000000083400000, 0x0000000083500000, 0x0000000083500000|100%| O|  |TAMS 0x0000000083500000, 0x0000000083400000| Untracked 
|  53|0x0000000083500000, 0x0000000083600000, 0x0000000083600000|100%| O|  |TAMS 0x0000000083600000, 0x0000000083500000| Untracked 
|  54|0x0000000083600000, 0x0000000083700000, 0x0000000083700000|100%| O|  |TAMS 0x0000000083700000, 0x0000000083600000| Untracked 
|  55|0x0000000083700000, 0x0000000083800000, 0x0000000083800000|100%| O|  |TAMS 0x0000000083800000, 0x0000000083700000| Untracked 
|  56|0x0000000083800000, 0x0000000083900000, 0x0000000083900000|100%| O|  |TAMS 0x0000000083900000, 0x0000000083800000| Untracked 
|  57|0x0000000083900000, 0x0000000083a00000, 0x0000000083a00000|100%| O|  |TAMS 0x0000000083a00000, 0x0000000083900000| Untracked 
|  58|0x0000000083a00000, 0x0000000083b00000, 0x0000000083b00000|100%| O|  |TAMS 0x0000000083b00000, 0x0000000083a00000| Untracked 
|  59|0x0000000083b00000, 0x0000000083c00000, 0x0000000083c00000|100%| O|  |TAMS 0x0000000083c00000, 0x0000000083b00000| Untracked 
|  60|0x0000000083c00000, 0x0000000083d00000, 0x0000000083d00000|100%| O|  |TAMS 0x0000000083d00000, 0x0000000083c00000| Untracked 
|  61|0x0000000083d00000, 0x0000000083e00000, 0x0000000083e00000|100%| O|  |TAMS 0x0000000083e00000, 0x0000000083d00000| Untracked 
|  62|0x0000000083e00000, 0x0000000083f00000, 0x0000000083f00000|100%| O|  |TAMS 0x0000000083f00000, 0x0000000083e00000| Untracked 
|  63|0x0000000083f00000, 0x0000000084000000, 0x0000000084000000|100%| O|  |TAMS 0x0000000084000000, 0x0000000083f00000| Untracked 
|  64|0x0000000084000000, 0x0000000084100000, 0x0000000084100000|100%| O|  |TAMS 0x0000000084100000, 0x0000000084000000| Untracked 
|  65|0x0000000084100000, 0x0000000084200000, 0x0000000084200000|100%| O|  |TAMS 0x0000000084200000, 0x0000000084100000| Untracked 
|  66|0x0000000084200000, 0x0000000084300000, 0x0000000084300000|100%| O|  |TAMS 0x0000000084300000, 0x0000000084200000| Untracked 
|  67|0x0000000084300000, 0x0000000084400000, 0x0000000084400000|100%| O|  |TAMS 0x0000000084400000, 0x0000000084300000| Untracked 
|  68|0x0000000084400000, 0x0000000084500000, 0x0000000084500000|100%| O|  |TAMS 0x0000000084500000, 0x0000000084400000| Untracked 
|  69|0x0000000084500000, 0x0000000084600000, 0x0000000084600000|100%| O|  |TAMS 0x0000000084600000, 0x0000000084500000| Untracked 
|  70|0x0000000084600000, 0x0000000084700000, 0x0000000084700000|100%| O|  |TAMS 0x0000000084700000, 0x0000000084600000| Untracked 
|  71|0x0000000084700000, 0x0000000084800000, 0x0000000084800000|100%| O|  |TAMS 0x0000000084800000, 0x0000000084700000| Untracked 
|  72|0x0000000084800000, 0x0000000084900000, 0x0000000084900000|100%| O|  |TAMS 0x0000000084900000, 0x0000000084800000| Untracked 
|  73|0x0000000084900000, 0x0000000084a00000, 0x0000000084a00000|100%| O|  |TAMS 0x0000000084a00000, 0x0000000084900000| Untracked 
|  74|0x0000000084a00000, 0x0000000084b00000, 0x0000000084b00000|100%| O|  |TAMS 0x0000000084b00000, 0x0000000084a00000| Untracked 
|  75|0x0000000084b00000, 0x0000000084c00000, 0x0000000084c00000|100%| O|  |TAMS 0x0000000084c00000, 0x0000000084b00000| Untracked 
|  76|0x0000000084c00000, 0x0000000084d00000, 0x0000000084d00000|100%| O|  |TAMS 0x0000000084d00000, 0x0000000084c00000| Untracked 
|  77|0x0000000084d00000, 0x0000000084e00000, 0x0000000084e00000|100%| O|  |TAMS 0x0000000084e00000, 0x0000000084d00000| Untracked 
|  78|0x0000000084e00000, 0x0000000084f00000, 0x0000000084f00000|100%| O|  |TAMS 0x0000000084f00000, 0x0000000084e00000| Untracked 
|  79|0x0000000084f00000, 0x0000000085000000, 0x0000000085000000|100%| O|  |TAMS 0x0000000085000000, 0x0000000084f00000| Untracked 
|  80|0x0000000085000000, 0x0000000085100000, 0x0000000085100000|100%| O|  |TAMS 0x0000000085100000, 0x0000000085000000| Untracked 
|  81|0x0000000085100000, 0x0000000085200000, 0x0000000085200000|100%| O|  |TAMS 0x0000000085200000, 0x0000000085100000| Untracked 
|  82|0x0000000085200000, 0x0000000085300000, 0x0000000085300000|100%| O|  |TAMS 0x0000000085300000, 0x0000000085200000| Untracked 
|  83|0x0000000085300000, 0x0000000085400000, 0x0000000085400000|100%| O|  |TAMS 0x0000000085400000, 0x0000000085300000| Untracked 
|  84|0x0000000085400000, 0x0000000085500000, 0x0000000085500000|100%| O|  |TAMS 0x0000000085500000, 0x0000000085400000| Untracked 
|  85|0x0000000085500000, 0x0000000085600000, 0x0000000085600000|100%| O|  |TAMS 0x0000000085600000, 0x0000000085500000| Untracked 
|  86|0x0000000085600000, 0x0000000085700000, 0x0000000085700000|100%| O|  |TAMS 0x0000000085700000, 0x0000000085600000| Untracked 
|  87|0x0000000085700000, 0x0000000085800000, 0x0000000085800000|100%| O|  |TAMS 0x0000000085800000, 0x0000000085700000| Untracked 
|  88|0x0000000085800000, 0x0000000085900000, 0x0000000085900000|100%| O|  |TAMS 0x0000000085900000, 0x0000000085800000| Untracked 
|  89|0x0000000085900000, 0x0000000085a00000, 0x0000000085a00000|100%| O|  |TAMS 0x0000000085a00000, 0x0000000085900000| Untracked 
|  90|0x0000000085a00000, 0x0000000085b00000, 0x0000000085b00000|100%| O|  |TAMS 0x0000000085b00000, 0x0000000085a00000| Untracked 
|  91|0x0000000085b00000, 0x0000000085c00000, 0x0000000085c00000|100%| O|  |TAMS 0x0000000085c00000, 0x0000000085b00000| Untracked 
|  92|0x0000000085c00000, 0x0000000085d00000, 0x0000000085d00000|100%| O|  |TAMS 0x0000000085d00000, 0x0000000085c00000| Untracked 
|  93|0x0000000085d00000, 0x0000000085e00000, 0x0000000085e00000|100%| O|  |TAMS 0x0000000085e00000, 0x0000000085d00000| Untracked 
|  94|0x0000000085e00000, 0x0000000085f00000, 0x0000000085f00000|100%| O|  |TAMS 0x0000000085f00000, 0x0000000085e00000| Untracked 
|  95|0x0000000085f00000, 0x0000000086000000, 0x0000000086000000|100%| O|  |TAMS 0x0000000086000000, 0x0000000085f00000| Untracked 
|  96|0x0000000086000000, 0x0000000086100000, 0x0000000086100000|100%| O|  |TAMS 0x0000000086100000, 0x0000000086000000| Untracked 
|  97|0x0000000086100000, 0x0000000086200000, 0x0000000086200000|100%| O|  |TAMS 0x0000000086200000, 0x0000000086100000| Untracked 
|  98|0x0000000086200000, 0x0000000086300000, 0x0000000086300000|100%| O|  |TAMS 0x0000000086300000, 0x0000000086200000| Untracked 
|  99|0x0000000086300000, 0x0000000086400000, 0x0000000086400000|100%| O|  |TAMS 0x0000000086400000, 0x0000000086300000| Untracked 
| 100|0x0000000086400000, 0x0000000086500000, 0x0000000086500000|100%| O|  |TAMS 0x0000000086500000, 0x0000000086400000| Untracked 
| 101|0x0000000086500000, 0x0000000086600000, 0x0000000086600000|100%| O|  |TAMS 0x0000000086600000, 0x0000000086500000| Untracked 
| 102|0x0000000086600000, 0x0000000086700000, 0x0000000086700000|100%| O|  |TAMS 0x0000000086700000, 0x0000000086600000| Untracked 
| 103|0x0000000086700000, 0x0000000086800000, 0x0000000086800000|100%| O|  |TAMS 0x0000000086800000, 0x0000000086700000| Untracked 
| 104|0x0000000086800000, 0x0000000086900000, 0x0000000086900000|100%| O|  |TAMS 0x0000000086900000, 0x0000000086800000| Untracked 
| 105|0x0000000086900000, 0x0000000086a00000, 0x0000000086a00000|100%| O|  |TAMS 0x0000000086a00000, 0x0000000086900000| Untracked 
| 106|0x0000000086a00000, 0x0000000086b00000, 0x0000000086b00000|100%| O|  |TAMS 0x0000000086b00000, 0x0000000086a00000| Untracked 
| 107|0x0000000086b00000, 0x0000000086c00000, 0x0000000086c00000|100%| O|  |TAMS 0x0000000086c00000, 0x0000000086b00000| Untracked 
| 108|0x0000000086c00000, 0x0000000086d00000, 0x0000000086d00000|100%| O|  |TAMS 0x0000000086d00000, 0x0000000086c00000| Untracked 
| 109|0x0000000086d00000, 0x0000000086e00000, 0x0000000086e00000|100%| O|  |TAMS 0x0000000086e00000, 0x0000000086d00000| Untracked 
| 110|0x0000000086e00000, 0x0000000086f00000, 0x0000000086f00000|100%| O|  |TAMS 0x0000000086f00000, 0x0000000086e00000| Untracked 
| 111|0x0000000086f00000, 0x0000000087000000, 0x0000000087000000|100%| O|  |TAMS 0x0000000087000000, 0x0000000086f00000| Untracked 
| 112|0x0000000087000000, 0x0000000087100000, 0x0000000087100000|100%| O|  |TAMS 0x0000000087100000, 0x0000000087000000| Untracked 
| 113|0x0000000087100000, 0x0000000087200000, 0x0000000087200000|100%| O|  |TAMS 0x0000000087200000, 0x0000000087100000| Untracked 
| 114|0x0000000087200000, 0x0000000087300000, 0x0000000087300000|100%| O|  |TAMS 0x0000000087300000, 0x0000000087200000| Untracked 
| 115|0x0000000087300000, 0x0000000087400000, 0x0000000087400000|100%| O|  |TAMS 0x0000000087400000, 0x0000000087300000| Untracked 
| 116|0x0000000087400000, 0x0000000087500000, 0x0000000087500000|100%| O|  |TAMS 0x0000000087500000, 0x0000000087400000| Untracked 
| 117|0x0000000087500000, 0x0000000087600000, 0x0000000087600000|100%| O|  |TAMS 0x0000000087600000, 0x0000000087500000| Untracked 
| 118|0x0000000087600000, 0x0000000087700000, 0x0000000087700000|100%| O|  |TAMS 0x0000000087700000, 0x0000000087600000| Untracked 
| 119|0x0000000087700000, 0x0000000087800000, 0x0000000087800000|100%| O|  |TAMS 0x0000000087800000, 0x0000000087700000| Untracked 
| 120|0x0000000087800000, 0x0000000087900000, 0x0000000087900000|100%| O|  |TAMS 0x0000000087900000, 0x0000000087800000| Untracked 
| 121|0x0000000087900000, 0x0000000087a00000, 0x0000000087a00000|100%| O|  |TAMS 0x0000000087a00000, 0x0000000087900000| Untracked 
| 122|0x0000000087a00000, 0x0000000087b00000, 0x0000000087b00000|100%| O|  |TAMS 0x0000000087b00000, 0x0000000087a00000| Untracked 
| 123|0x0000000087b00000, 0x0000000087c00000, 0x0000000087c00000|100%| O|  |TAMS 0x0000000087c00000, 0x0000000087b00000| Untracked 
| 124|0x0000000087c00000, 0x0000000087d00000, 0x0000000087d00000|100%| O|  |TAMS 0x0000000087d00000, 0x0000000087c00000| Untracked 
| 125|0x0000000087d00000, 0x0000000087e00000, 0x0000000087e00000|100%| O|  |TAMS 0x0000000087e00000, 0x0000000087d00000| Untracked 
| 126|0x0000000087e00000, 0x0000000087f00000, 0x0000000087f00000|100%| O|  |TAMS 0x0000000087f00000, 0x0000000087e00000| Untracked 
| 127|0x0000000087f00000, 0x0000000088000000, 0x0000000088000000|100%| O|  |TAMS 0x0000000088000000, 0x0000000087f00000| Untracked 
| 128|0x0000000088000000, 0x0000000088100000, 0x0000000088100000|100%| O|  |TAMS 0x0000000088100000, 0x0000000088000000| Untracked 
| 129|0x0000000088100000, 0x0000000088200000, 0x0000000088200000|100%| O|  |TAMS 0x0000000088200000, 0x0000000088100000| Untracked 
| 130|0x0000000088200000, 0x0000000088300000, 0x0000000088300000|100%| O|  |TAMS 0x0000000088300000, 0x0000000088200000| Untracked 
| 131|0x0000000088300000, 0x0000000088400000, 0x0000000088400000|100%| O|  |TAMS 0x0000000088400000, 0x0000000088300000| Untracked 
| 132|0x0000000088400000, 0x0000000088500000, 0x0000000088500000|100%| O|  |TAMS 0x0000000088454800, 0x0000000088400000| Untracked 
| 133|0x0000000088500000, 0x0000000088511a00, 0x0000000088600000|  6%| O|  |TAMS 0x0000000088500000, 0x0000000088500000| Untracked 
| 134|0x0000000088600000, 0x0000000088600000, 0x0000000088700000|  0%| F|  |TAMS 0x0000000088600000, 0x0000000088600000| Untracked 
| 135|0x0000000088700000, 0x0000000088700000, 0x0000000088800000|  0%| F|  |TAMS 0x0000000088700000, 0x0000000088700000| Untracked 
| 136|0x0000000088800000, 0x0000000088800000, 0x0000000088900000|  0%| F|  |TAMS 0x0000000088800000, 0x0000000088800000| Untracked 
| 137|0x0000000088900000, 0x0000000088900000, 0x0000000088a00000|  0%| F|  |TAMS 0x0000000088900000, 0x0000000088900000| Untracked 
| 138|0x0000000088a00000, 0x0000000088a00000, 0x0000000088b00000|  0%| F|  |TAMS 0x0000000088a00000, 0x0000000088a00000| Untracked 
| 139|0x0000000088b00000, 0x0000000088b00000, 0x0000000088c00000|  0%| F|  |TAMS 0x0000000088b00000, 0x0000000088b00000| Untracked 
| 140|0x0000000088c00000, 0x0000000088c00000, 0x0000000088d00000|  0%| F|  |TAMS 0x0000000088c00000, 0x0000000088c00000| Untracked 
| 141|0x0000000088d00000, 0x0000000088d00000, 0x0000000088e00000|  0%| F|  |TAMS 0x0000000088d00000, 0x0000000088d00000| Untracked 
| 142|0x0000000088e00000, 0x0000000088e00000, 0x0000000088f00000|  0%| F|  |TAMS 0x0000000088e00000, 0x0000000088e00000| Untracked 
| 143|0x0000000088f00000, 0x0000000088f00000, 0x0000000089000000|  0%| F|  |TAMS 0x0000000088f00000, 0x0000000088f00000| Untracked 
| 144|0x0000000089000000, 0x0000000089000000, 0x0000000089100000|  0%| F|  |TAMS 0x0000000089000000, 0x0000000089000000| Untracked 
| 145|0x0000000089100000, 0x0000000089100000, 0x0000000089200000|  0%| F|  |TAMS 0x0000000089100000, 0x0000000089100000| Untracked 
| 146|0x0000000089200000, 0x0000000089200000, 0x0000000089300000|  0%| F|  |TAMS 0x0000000089200000, 0x0000000089200000| Untracked 
| 147|0x0000000089300000, 0x0000000089300000, 0x0000000089400000|  0%| F|  |TAMS 0x0000000089300000, 0x0000000089300000| Untracked 
| 148|0x0000000089400000, 0x0000000089400000, 0x0000000089500000|  0%| F|  |TAMS 0x0000000089400000, 0x0000000089400000| Untracked 
| 149|0x0000000089500000, 0x0000000089500000, 0x0000000089600000|  0%| F|  |TAMS 0x0000000089500000, 0x0000000089500000| Untracked 
| 150|0x0000000089600000, 0x0000000089600000, 0x0000000089700000|  0%| F|  |TAMS 0x0000000089600000, 0x0000000089600000| Untracked 
| 151|0x0000000089700000, 0x0000000089700000, 0x0000000089800000|  0%| F|  |TAMS 0x0000000089700000, 0x0000000089700000| Untracked 
| 152|0x0000000089800000, 0x0000000089800000, 0x0000000089900000|  0%| F|  |TAMS 0x0000000089800000, 0x0000000089800000| Untracked 
| 153|0x0000000089900000, 0x0000000089900000, 0x0000000089a00000|  0%| F|  |TAMS 0x0000000089900000, 0x0000000089900000| Untracked 
| 154|0x0000000089a00000, 0x0000000089a00000, 0x0000000089b00000|  0%| F|  |TAMS 0x0000000089a00000, 0x0000000089a00000| Untracked 
| 155|0x0000000089b00000, 0x0000000089b00000, 0x0000000089c00000|  0%| F|  |TAMS 0x0000000089b00000, 0x0000000089b00000| Untracked 
| 156|0x0000000089c00000, 0x0000000089c00000, 0x0000000089d00000|  0%| F|  |TAMS 0x0000000089c00000, 0x0000000089c00000| Untracked 
| 157|0x0000000089d00000, 0x0000000089d00000, 0x0000000089e00000|  0%| F|  |TAMS 0x0000000089d00000, 0x0000000089d00000| Untracked 
| 158|0x0000000089e00000, 0x0000000089e00000, 0x0000000089f00000|  0%| F|  |TAMS 0x0000000089e00000, 0x0000000089e00000| Untracked 
| 159|0x0000000089f00000, 0x0000000089f00000, 0x000000008a000000|  0%| F|  |TAMS 0x0000000089f00000, 0x0000000089f00000| Untracked 
| 160|0x000000008a000000, 0x000000008a000000, 0x000000008a100000|  0%| F|  |TAMS 0x000000008a000000, 0x000000008a000000| Untracked 
| 161|0x000000008a100000, 0x000000008a100000, 0x000000008a200000|  0%| F|  |TAMS 0x000000008a100000, 0x000000008a100000| Untracked 
| 162|0x000000008a200000, 0x000000008a200000, 0x000000008a300000|  0%| F|  |TAMS 0x000000008a200000, 0x000000008a200000| Untracked 
| 163|0x000000008a300000, 0x000000008a300000, 0x000000008a400000|  0%| F|  |TAMS 0x000000008a300000, 0x000000008a300000| Untracked 
| 164|0x000000008a400000, 0x000000008a400000, 0x000000008a500000|  0%| F|  |TAMS 0x000000008a400000, 0x000000008a400000| Untracked 
| 165|0x000000008a500000, 0x000000008a500000, 0x000000008a600000|  0%| F|  |TAMS 0x000000008a500000, 0x000000008a500000| Untracked 
| 166|0x000000008a600000, 0x000000008a600000, 0x000000008a700000|  0%| F|  |TAMS 0x000000008a600000, 0x000000008a600000| Untracked 
| 167|0x000000008a700000, 0x000000008a700000, 0x000000008a800000|  0%| F|  |TAMS 0x000000008a700000, 0x000000008a700000| Untracked 
| 168|0x000000008a800000, 0x000000008a800000, 0x000000008a900000|  0%| F|  |TAMS 0x000000008a800000, 0x000000008a800000| Untracked 
| 169|0x000000008a900000, 0x000000008a900000, 0x000000008aa00000|  0%| F|  |TAMS 0x000000008a900000, 0x000000008a900000| Untracked 
| 170|0x000000008aa00000, 0x000000008aa00000, 0x000000008ab00000|  0%| F|  |TAMS 0x000000008aa00000, 0x000000008aa00000| Untracked 
| 171|0x000000008ab00000, 0x000000008ab00000, 0x000000008ac00000|  0%| F|  |TAMS 0x000000008ab00000, 0x000000008ab00000| Untracked 
| 172|0x000000008ac00000, 0x000000008ac00000, 0x000000008ad00000|  0%| F|  |TAMS 0x000000008ac00000, 0x000000008ac00000| Untracked 
| 173|0x000000008ad00000, 0x000000008ad00000, 0x000000008ae00000|  0%| F|  |TAMS 0x000000008ad00000, 0x000000008ad00000| Untracked 
| 174|0x000000008ae00000, 0x000000008ae00000, 0x000000008af00000|  0%| F|  |TAMS 0x000000008ae00000, 0x000000008ae00000| Untracked 
| 175|0x000000008af00000, 0x000000008af00000, 0x000000008b000000|  0%| F|  |TAMS 0x000000008af00000, 0x000000008af00000| Untracked 
| 176|0x000000008b000000, 0x000000008b000000, 0x000000008b100000|  0%| F|  |TAMS 0x000000008b000000, 0x000000008b000000| Untracked 
| 177|0x000000008b100000, 0x000000008b100000, 0x000000008b200000|  0%| F|  |TAMS 0x000000008b100000, 0x000000008b100000| Untracked 
| 178|0x000000008b200000, 0x000000008b261e20, 0x000000008b300000| 38%| S|CS|TAMS 0x000000008b200000, 0x000000008b200000| Complete 
| 179|0x000000008b300000, 0x000000008b400000, 0x000000008b400000|100%| S|CS|TAMS 0x000000008b300000, 0x000000008b300000| Complete 
| 180|0x000000008b400000, 0x000000008b500000, 0x000000008b500000|100%| S|CS|TAMS 0x000000008b400000, 0x000000008b400000| Complete 
| 181|0x000000008b500000, 0x000000008b600000, 0x000000008b600000|100%| S|CS|TAMS 0x000000008b500000, 0x000000008b500000| Complete 
| 182|0x000000008b600000, 0x000000008b700000, 0x000000008b700000|100%| S|CS|TAMS 0x000000008b600000, 0x000000008b600000| Complete 
| 183|0x000000008b700000, 0x000000008b800000, 0x000000008b800000|100%| S|CS|TAMS 0x000000008b700000, 0x000000008b700000| Complete 
| 184|0x000000008b800000, 0x000000008b900000, 0x000000008b900000|100%| S|CS|TAMS 0x000000008b800000, 0x000000008b800000| Complete 
| 185|0x000000008b900000, 0x000000008b900000, 0x000000008ba00000|  0%| F|  |TAMS 0x000000008b900000, 0x000000008b900000| Untracked 
| 186|0x000000008ba00000, 0x000000008ba00000, 0x000000008bb00000|  0%| F|  |TAMS 0x000000008ba00000, 0x000000008ba00000| Untracked 
| 187|0x000000008bb00000, 0x000000008bb00000, 0x000000008bc00000|  0%| F|  |TAMS 0x000000008bb00000, 0x000000008bb00000| Untracked 
| 188|0x000000008bc00000, 0x000000008bc00000, 0x000000008bd00000|  0%| F|  |TAMS 0x000000008bc00000, 0x000000008bc00000| Untracked 
| 189|0x000000008bd00000, 0x000000008bd00000, 0x000000008be00000|  0%| F|  |TAMS 0x000000008bd00000, 0x000000008bd00000| Untracked 
| 190|0x000000008be00000, 0x000000008be00000, 0x000000008bf00000|  0%| F|  |TAMS 0x000000008be00000, 0x000000008be00000| Untracked 
| 191|0x000000008bf00000, 0x000000008bf00000, 0x000000008c000000|  0%| F|  |TAMS 0x000000008bf00000, 0x000000008bf00000| Untracked 
| 192|0x000000008c000000, 0x000000008c000000, 0x000000008c100000|  0%| F|  |TAMS 0x000000008c000000, 0x000000008c000000| Untracked 
| 193|0x000000008c100000, 0x000000008c100000, 0x000000008c200000|  0%| F|  |TAMS 0x000000008c100000, 0x000000008c100000| Untracked 
| 194|0x000000008c200000, 0x000000008c300000, 0x000000008c300000|100%| S|CS|TAMS 0x000000008c200000, 0x000000008c200000| Complete 
| 195|0x000000008c300000, 0x000000008c400000, 0x000000008c400000|100%| S|CS|TAMS 0x000000008c300000, 0x000000008c300000| Complete 
| 196|0x000000008c400000, 0x000000008c400000, 0x000000008c500000|  0%| F|  |TAMS 0x000000008c400000, 0x000000008c400000| Untracked 
| 197|0x000000008c500000, 0x000000008c500000, 0x000000008c600000|  0%| F|  |TAMS 0x000000008c500000, 0x000000008c500000| Untracked 
| 198|0x000000008c600000, 0x000000008c600000, 0x000000008c700000|  0%| F|  |TAMS 0x000000008c600000, 0x000000008c600000| Untracked 
| 199|0x000000008c700000, 0x000000008c700000, 0x000000008c800000|  0%| F|  |TAMS 0x000000008c700000, 0x000000008c700000| Untracked 
| 200|0x000000008c800000, 0x000000008c800000, 0x000000008c900000|  0%| F|  |TAMS 0x000000008c800000, 0x000000008c800000| Untracked 
| 201|0x000000008c900000, 0x000000008c900000, 0x000000008ca00000|  0%| F|  |TAMS 0x000000008c900000, 0x000000008c900000| Untracked 
| 202|0x000000008ca00000, 0x000000008ca00000, 0x000000008cb00000|  0%| F|  |TAMS 0x000000008ca00000, 0x000000008ca00000| Untracked 
| 203|0x000000008cb00000, 0x000000008cb00000, 0x000000008cc00000|  0%| F|  |TAMS 0x000000008cb00000, 0x000000008cb00000| Untracked 
| 204|0x000000008cc00000, 0x000000008cc00000, 0x000000008cd00000|  0%| F|  |TAMS 0x000000008cc00000, 0x000000008cc00000| Untracked 
| 205|0x000000008cd00000, 0x000000008cd00000, 0x000000008ce00000|  0%| F|  |TAMS 0x000000008cd00000, 0x000000008cd00000| Untracked 
| 206|0x000000008ce00000, 0x000000008ce00000, 0x000000008cf00000|  0%| F|  |TAMS 0x000000008ce00000, 0x000000008ce00000| Untracked 
| 207|0x000000008cf00000, 0x000000008cf00000, 0x000000008d000000|  0%| F|  |TAMS 0x000000008cf00000, 0x000000008cf00000| Untracked 
| 208|0x000000008d000000, 0x000000008d000000, 0x000000008d100000|  0%| F|  |TAMS 0x000000008d000000, 0x000000008d000000| Untracked 
| 209|0x000000008d100000, 0x000000008d100000, 0x000000008d200000|  0%| F|  |TAMS 0x000000008d100000, 0x000000008d100000| Untracked 
| 210|0x000000008d200000, 0x000000008d200000, 0x000000008d300000|  0%| F|  |TAMS 0x000000008d200000, 0x000000008d200000| Untracked 
| 211|0x000000008d300000, 0x000000008d300000, 0x000000008d400000|  0%| F|  |TAMS 0x000000008d300000, 0x000000008d300000| Untracked 
| 212|0x000000008d400000, 0x000000008d400000, 0x000000008d500000|  0%| F|  |TAMS 0x000000008d400000, 0x000000008d400000| Untracked 
| 213|0x000000008d500000, 0x000000008d500000, 0x000000008d600000|  0%| F|  |TAMS 0x000000008d500000, 0x000000008d500000| Untracked 
| 214|0x000000008d600000, 0x000000008d600000, 0x000000008d700000|  0%| F|  |TAMS 0x000000008d600000, 0x000000008d600000| Untracked 
| 215|0x000000008d700000, 0x000000008d700000, 0x000000008d800000|  0%| F|  |TAMS 0x000000008d700000, 0x000000008d700000| Untracked 
| 216|0x000000008d800000, 0x000000008d800000, 0x000000008d900000|  0%| F|  |TAMS 0x000000008d800000, 0x000000008d800000| Untracked 
| 217|0x000000008d900000, 0x000000008d900000, 0x000000008da00000|  0%| F|  |TAMS 0x000000008d900000, 0x000000008d900000| Untracked 
| 218|0x000000008da00000, 0x000000008da00000, 0x000000008db00000|  0%| F|  |TAMS 0x000000008da00000, 0x000000008da00000| Untracked 
| 219|0x000000008db00000, 0x000000008db00000, 0x000000008dc00000|  0%| F|  |TAMS 0x000000008db00000, 0x000000008db00000| Untracked 
| 220|0x000000008dc00000, 0x000000008dc00000, 0x000000008dd00000|  0%| F|  |TAMS 0x000000008dc00000, 0x000000008dc00000| Untracked 
| 221|0x000000008dd00000, 0x000000008dd00000, 0x000000008de00000|  0%| F|  |TAMS 0x000000008dd00000, 0x000000008dd00000| Untracked 
| 222|0x000000008de00000, 0x000000008de00000, 0x000000008df00000|  0%| F|  |TAMS 0x000000008de00000, 0x000000008de00000| Untracked 
| 223|0x000000008df00000, 0x000000008df00000, 0x000000008e000000|  0%| F|  |TAMS 0x000000008df00000, 0x000000008df00000| Untracked 
| 224|0x000000008e000000, 0x000000008e000000, 0x000000008e100000|  0%| F|  |TAMS 0x000000008e000000, 0x000000008e000000| Untracked 
| 225|0x000000008e100000, 0x000000008e100000, 0x000000008e200000|  0%| F|  |TAMS 0x000000008e100000, 0x000000008e100000| Untracked 
| 226|0x000000008e200000, 0x000000008e200000, 0x000000008e300000|  0%| F|  |TAMS 0x000000008e200000, 0x000000008e200000| Untracked 
| 227|0x000000008e300000, 0x000000008e300000, 0x000000008e400000|  0%| F|  |TAMS 0x000000008e300000, 0x000000008e300000| Untracked 
| 228|0x000000008e400000, 0x000000008e400000, 0x000000008e500000|  0%| F|  |TAMS 0x000000008e400000, 0x000000008e400000| Untracked 
| 229|0x000000008e500000, 0x000000008e500000, 0x000000008e600000|  0%| F|  |TAMS 0x000000008e500000, 0x000000008e500000| Untracked 
| 230|0x000000008e600000, 0x000000008e600000, 0x000000008e700000|  0%| F|  |TAMS 0x000000008e600000, 0x000000008e600000| Untracked 
| 231|0x000000008e700000, 0x000000008e700000, 0x000000008e800000|  0%| F|  |TAMS 0x000000008e700000, 0x000000008e700000| Untracked 
| 232|0x000000008e800000, 0x000000008e800000, 0x000000008e900000|  0%| F|  |TAMS 0x000000008e800000, 0x000000008e800000| Untracked 
| 233|0x000000008e900000, 0x000000008e900000, 0x000000008ea00000|  0%| F|  |TAMS 0x000000008e900000, 0x000000008e900000| Untracked 
| 234|0x000000008ea00000, 0x000000008ea00000, 0x000000008eb00000|  0%| F|  |TAMS 0x000000008ea00000, 0x000000008ea00000| Untracked 
| 235|0x000000008eb00000, 0x000000008eb00000, 0x000000008ec00000|  0%| F|  |TAMS 0x000000008eb00000, 0x000000008eb00000| Untracked 
| 236|0x000000008ec00000, 0x000000008ec00000, 0x000000008ed00000|  0%| F|  |TAMS 0x000000008ec00000, 0x000000008ec00000| Untracked 
| 237|0x000000008ed00000, 0x000000008ee00000, 0x000000008ee00000|100%| E|  |TAMS 0x000000008ed00000, 0x000000008ed00000| Complete 
| 238|0x000000008ee00000, 0x000000008ef00000, 0x000000008ef00000|100%| E|CS|TAMS 0x000000008ee00000, 0x000000008ee00000| Complete 
| 239|0x000000008ef00000, 0x000000008f000000, 0x000000008f000000|100%| E|CS|TAMS 0x000000008ef00000, 0x000000008ef00000| Complete 
| 240|0x000000008f000000, 0x000000008f100000, 0x000000008f100000|100%| E|CS|TAMS 0x000000008f000000, 0x000000008f000000| Complete 
| 241|0x000000008f100000, 0x000000008f200000, 0x000000008f200000|100%| E|CS|TAMS 0x000000008f100000, 0x000000008f100000| Complete 
| 242|0x000000008f200000, 0x000000008f300000, 0x000000008f300000|100%| E|CS|TAMS 0x000000008f200000, 0x000000008f200000| Complete 
| 243|0x000000008f300000, 0x000000008f400000, 0x000000008f400000|100%| E|CS|TAMS 0x000000008f300000, 0x000000008f300000| Complete 
| 244|0x000000008f400000, 0x000000008f500000, 0x000000008f500000|100%| E|CS|TAMS 0x000000008f400000, 0x000000008f400000| Complete 
| 245|0x000000008f500000, 0x000000008f600000, 0x000000008f600000|100%| E|CS|TAMS 0x000000008f500000, 0x000000008f500000| Complete 
| 246|0x000000008f600000, 0x000000008f700000, 0x000000008f700000|100%| E|CS|TAMS 0x000000008f600000, 0x000000008f600000| Complete 
| 247|0x000000008f700000, 0x000000008f800000, 0x000000008f800000|100%| E|CS|TAMS 0x000000008f700000, 0x000000008f700000| Complete 
| 248|0x000000008f800000, 0x000000008f900000, 0x000000008f900000|100%| E|CS|TAMS 0x000000008f800000, 0x000000008f800000| Complete 
| 249|0x000000008f900000, 0x000000008fa00000, 0x000000008fa00000|100%| E|CS|TAMS 0x000000008f900000, 0x000000008f900000| Complete 
| 250|0x000000008fa00000, 0x000000008fb00000, 0x000000008fb00000|100%| E|CS|TAMS 0x000000008fa00000, 0x000000008fa00000| Complete 
| 251|0x000000008fb00000, 0x000000008fc00000, 0x000000008fc00000|100%| E|CS|TAMS 0x000000008fb00000, 0x000000008fb00000| Complete 
| 252|0x000000008fc00000, 0x000000008fd00000, 0x000000008fd00000|100%| E|CS|TAMS 0x000000008fc00000, 0x000000008fc00000| Complete 
| 253|0x000000008fd00000, 0x000000008fe00000, 0x000000008fe00000|100%| E|CS|TAMS 0x000000008fd00000, 0x000000008fd00000| Complete 
| 254|0x000000008fe00000, 0x000000008ff00000, 0x000000008ff00000|100%| E|CS|TAMS 0x000000008fe00000, 0x000000008fe00000| Complete 
| 255|0x000000008ff00000, 0x0000000090000000, 0x0000000090000000|100%| E|CS|TAMS 0x000000008ff00000, 0x000000008ff00000| Complete 
| 256|0x0000000090000000, 0x0000000090100000, 0x0000000090100000|100%| E|CS|TAMS 0x0000000090000000, 0x0000000090000000| Complete 
| 257|0x0000000090100000, 0x0000000090200000, 0x0000000090200000|100%| E|CS|TAMS 0x0000000090100000, 0x0000000090100000| Complete 
| 258|0x0000000090200000, 0x0000000090300000, 0x0000000090300000|100%| E|CS|TAMS 0x0000000090200000, 0x0000000090200000| Complete 
| 259|0x0000000090300000, 0x0000000090400000, 0x0000000090400000|100%| E|CS|TAMS 0x0000000090300000, 0x0000000090300000| Complete 
| 260|0x0000000090400000, 0x0000000090500000, 0x0000000090500000|100%| E|CS|TAMS 0x0000000090400000, 0x0000000090400000| Complete 
| 261|0x0000000090500000, 0x0000000090600000, 0x0000000090600000|100%| E|CS|TAMS 0x0000000090500000, 0x0000000090500000| Complete 
| 262|0x0000000090600000, 0x0000000090700000, 0x0000000090700000|100%| E|CS|TAMS 0x0000000090600000, 0x0000000090600000| Complete 
| 263|0x0000000090700000, 0x0000000090800000, 0x0000000090800000|100%| E|CS|TAMS 0x0000000090700000, 0x0000000090700000| Complete 
| 264|0x0000000090800000, 0x0000000090900000, 0x0000000090900000|100%| E|CS|TAMS 0x0000000090800000, 0x0000000090800000| Complete 
| 265|0x0000000090900000, 0x0000000090a00000, 0x0000000090a00000|100%| E|CS|TAMS 0x0000000090900000, 0x0000000090900000| Complete 
| 266|0x0000000090a00000, 0x0000000090b00000, 0x0000000090b00000|100%| E|CS|TAMS 0x0000000090a00000, 0x0000000090a00000| Complete 
| 267|0x0000000090b00000, 0x0000000090c00000, 0x0000000090c00000|100%| E|CS|TAMS 0x0000000090b00000, 0x0000000090b00000| Complete 
| 268|0x0000000090c00000, 0x0000000090d00000, 0x0000000090d00000|100%| E|CS|TAMS 0x0000000090c00000, 0x0000000090c00000| Complete 
| 269|0x0000000090d00000, 0x0000000090e00000, 0x0000000090e00000|100%| E|CS|TAMS 0x0000000090d00000, 0x0000000090d00000| Complete 
| 270|0x0000000090e00000, 0x0000000090f00000, 0x0000000090f00000|100%| E|CS|TAMS 0x0000000090e00000, 0x0000000090e00000| Complete 
| 271|0x0000000090f00000, 0x0000000091000000, 0x0000000091000000|100%| E|CS|TAMS 0x0000000090f00000, 0x0000000090f00000| Complete 
| 272|0x0000000091000000, 0x0000000091100000, 0x0000000091100000|100%| E|CS|TAMS 0x0000000091000000, 0x0000000091000000| Complete 
| 273|0x0000000091100000, 0x0000000091200000, 0x0000000091200000|100%| E|CS|TAMS 0x0000000091100000, 0x0000000091100000| Complete 
| 274|0x0000000091200000, 0x0000000091300000, 0x0000000091300000|100%| E|CS|TAMS 0x0000000091200000, 0x0000000091200000| Complete 
| 275|0x0000000091300000, 0x0000000091400000, 0x0000000091400000|100%| E|CS|TAMS 0x0000000091300000, 0x0000000091300000| Complete 
| 276|0x0000000091400000, 0x0000000091500000, 0x0000000091500000|100%| E|CS|TAMS 0x0000000091400000, 0x0000000091400000| Complete 
| 277|0x0000000091500000, 0x0000000091600000, 0x0000000091600000|100%| E|CS|TAMS 0x0000000091500000, 0x0000000091500000| Complete 
| 278|0x0000000091600000, 0x0000000091700000, 0x0000000091700000|100%| E|CS|TAMS 0x0000000091600000, 0x0000000091600000| Complete 
| 279|0x0000000091700000, 0x0000000091800000, 0x0000000091800000|100%| E|CS|TAMS 0x0000000091700000, 0x0000000091700000| Complete 
| 280|0x0000000091800000, 0x0000000091900000, 0x0000000091900000|100%| E|CS|TAMS 0x0000000091800000, 0x0000000091800000| Complete 
| 281|0x0000000091900000, 0x0000000091a00000, 0x0000000091a00000|100%| E|CS|TAMS 0x0000000091900000, 0x0000000091900000| Complete 
| 282|0x0000000091a00000, 0x0000000091b00000, 0x0000000091b00000|100%| E|CS|TAMS 0x0000000091a00000, 0x0000000091a00000| Complete 
| 283|0x0000000091b00000, 0x0000000091c00000, 0x0000000091c00000|100%| E|CS|TAMS 0x0000000091b00000, 0x0000000091b00000| Complete 
| 284|0x0000000091c00000, 0x0000000091d00000, 0x0000000091d00000|100%| E|CS|TAMS 0x0000000091c00000, 0x0000000091c00000| Complete 
| 285|0x0000000091d00000, 0x0000000091e00000, 0x0000000091e00000|100%| E|CS|TAMS 0x0000000091d00000, 0x0000000091d00000| Complete 
| 286|0x0000000091e00000, 0x0000000091f00000, 0x0000000091f00000|100%| E|CS|TAMS 0x0000000091e00000, 0x0000000091e00000| Complete 
| 287|0x0000000091f00000, 0x0000000092000000, 0x0000000092000000|100%| E|CS|TAMS 0x0000000091f00000, 0x0000000091f00000| Complete 
| 288|0x0000000092000000, 0x0000000092100000, 0x0000000092100000|100%| E|CS|TAMS 0x0000000092000000, 0x0000000092000000| Complete 
| 289|0x0000000092100000, 0x0000000092200000, 0x0000000092200000|100%| E|CS|TAMS 0x0000000092100000, 0x0000000092100000| Complete 
| 290|0x0000000092200000, 0x0000000092300000, 0x0000000092300000|100%| E|CS|TAMS 0x0000000092200000, 0x0000000092200000| Complete 
| 291|0x0000000092300000, 0x0000000092400000, 0x0000000092400000|100%| E|CS|TAMS 0x0000000092300000, 0x0000000092300000| Complete 
| 292|0x0000000092400000, 0x0000000092500000, 0x0000000092500000|100%| E|CS|TAMS 0x0000000092400000, 0x0000000092400000| Complete 
| 293|0x0000000092500000, 0x0000000092600000, 0x0000000092600000|100%| E|CS|TAMS 0x0000000092500000, 0x0000000092500000| Complete 
| 294|0x0000000092600000, 0x0000000092700000, 0x0000000092700000|100%| E|CS|TAMS 0x0000000092600000, 0x0000000092600000| Complete 
| 295|0x0000000092700000, 0x0000000092800000, 0x0000000092800000|100%| E|CS|TAMS 0x0000000092700000, 0x0000000092700000| Complete 
| 296|0x0000000092800000, 0x0000000092900000, 0x0000000092900000|100%| E|CS|TAMS 0x0000000092800000, 0x0000000092800000| Complete 
| 297|0x0000000092900000, 0x0000000092a00000, 0x0000000092a00000|100%| E|CS|TAMS 0x0000000092900000, 0x0000000092900000| Complete 
| 298|0x0000000092a00000, 0x0000000092b00000, 0x0000000092b00000|100%| E|CS|TAMS 0x0000000092a00000, 0x0000000092a00000| Complete 
| 299|0x0000000092b00000, 0x0000000092c00000, 0x0000000092c00000|100%| E|CS|TAMS 0x0000000092b00000, 0x0000000092b00000| Complete 
| 300|0x0000000092c00000, 0x0000000092d00000, 0x0000000092d00000|100%| E|CS|TAMS 0x0000000092c00000, 0x0000000092c00000| Complete 
| 301|0x0000000092d00000, 0x0000000092e00000, 0x0000000092e00000|100%| E|CS|TAMS 0x0000000092d00000, 0x0000000092d00000| Complete 
| 302|0x0000000092e00000, 0x0000000092f00000, 0x0000000092f00000|100%| E|CS|TAMS 0x0000000092e00000, 0x0000000092e00000| Complete 
| 303|0x0000000092f00000, 0x0000000093000000, 0x0000000093000000|100%| E|CS|TAMS 0x0000000092f00000, 0x0000000092f00000| Complete 
| 304|0x0000000093000000, 0x0000000093100000, 0x0000000093100000|100%| E|CS|TAMS 0x0000000093000000, 0x0000000093000000| Complete 
| 305|0x0000000093100000, 0x0000000093200000, 0x0000000093200000|100%| E|CS|TAMS 0x0000000093100000, 0x0000000093100000| Complete 
| 306|0x0000000093200000, 0x0000000093300000, 0x0000000093300000|100%| E|CS|TAMS 0x0000000093200000, 0x0000000093200000| Complete 
| 307|0x0000000093300000, 0x0000000093400000, 0x0000000093400000|100%| E|CS|TAMS 0x0000000093300000, 0x0000000093300000| Complete 
| 308|0x0000000093400000, 0x0000000093500000, 0x0000000093500000|100%| E|CS|TAMS 0x0000000093400000, 0x0000000093400000| Complete 
| 309|0x0000000093500000, 0x0000000093600000, 0x0000000093600000|100%| E|CS|TAMS 0x0000000093500000, 0x0000000093500000| Complete 
| 310|0x0000000093600000, 0x0000000093700000, 0x0000000093700000|100%| E|CS|TAMS 0x0000000093600000, 0x0000000093600000| Complete 
| 311|0x0000000093700000, 0x0000000093800000, 0x0000000093800000|100%| E|CS|TAMS 0x0000000093700000, 0x0000000093700000| Complete 
| 312|0x0000000093800000, 0x0000000093900000, 0x0000000093900000|100%| E|CS|TAMS 0x0000000093800000, 0x0000000093800000| Complete 
| 313|0x0000000093900000, 0x0000000093a00000, 0x0000000093a00000|100%| E|CS|TAMS 0x0000000093900000, 0x0000000093900000| Complete 
| 314|0x0000000093a00000, 0x0000000093b00000, 0x0000000093b00000|100%| E|CS|TAMS 0x0000000093a00000, 0x0000000093a00000| Complete 
| 315|0x0000000093b00000, 0x0000000093c00000, 0x0000000093c00000|100%| E|CS|TAMS 0x0000000093b00000, 0x0000000093b00000| Complete 
| 316|0x0000000093c00000, 0x0000000093d00000, 0x0000000093d00000|100%| E|CS|TAMS 0x0000000093c00000, 0x0000000093c00000| Complete 
| 317|0x0000000093d00000, 0x0000000093e00000, 0x0000000093e00000|100%| E|CS|TAMS 0x0000000093d00000, 0x0000000093d00000| Complete 
| 318|0x0000000093e00000, 0x0000000093f00000, 0x0000000093f00000|100%| E|CS|TAMS 0x0000000093e00000, 0x0000000093e00000| Complete 
| 319|0x0000000093f00000, 0x0000000094000000, 0x0000000094000000|100%| E|CS|TAMS 0x0000000093f00000, 0x0000000093f00000| Complete 
| 320|0x0000000094000000, 0x0000000094100000, 0x0000000094100000|100%| E|CS|TAMS 0x0000000094000000, 0x0000000094000000| Complete 
| 321|0x0000000094100000, 0x0000000094200000, 0x0000000094200000|100%| E|CS|TAMS 0x0000000094100000, 0x0000000094100000| Complete 
| 322|0x0000000094200000, 0x0000000094300000, 0x0000000094300000|100%| E|CS|TAMS 0x0000000094200000, 0x0000000094200000| Complete 
| 323|0x0000000094300000, 0x0000000094400000, 0x0000000094400000|100%| E|CS|TAMS 0x0000000094300000, 0x0000000094300000| Complete 
| 324|0x0000000094400000, 0x0000000094500000, 0x0000000094500000|100%| E|CS|TAMS 0x0000000094400000, 0x0000000094400000| Complete 
| 325|0x0000000094500000, 0x0000000094600000, 0x0000000094600000|100%| E|CS|TAMS 0x0000000094500000, 0x0000000094500000| Complete 
| 326|0x0000000094600000, 0x0000000094700000, 0x0000000094700000|100%| E|CS|TAMS 0x0000000094600000, 0x0000000094600000| Complete 
| 327|0x0000000094700000, 0x0000000094800000, 0x0000000094800000|100%| E|CS|TAMS 0x0000000094700000, 0x0000000094700000| Complete 
| 328|0x0000000094800000, 0x0000000094900000, 0x0000000094900000|100%| E|CS|TAMS 0x0000000094800000, 0x0000000094800000| Complete 
| 329|0x0000000094900000, 0x0000000094a00000, 0x0000000094a00000|100%| E|CS|TAMS 0x0000000094900000, 0x0000000094900000| Complete 
| 330|0x0000000094a00000, 0x0000000094b00000, 0x0000000094b00000|100%| E|CS|TAMS 0x0000000094a00000, 0x0000000094a00000| Complete 
| 331|0x0000000094b00000, 0x0000000094c00000, 0x0000000094c00000|100%| E|CS|TAMS 0x0000000094b00000, 0x0000000094b00000| Complete 
| 332|0x0000000094c00000, 0x0000000094d00000, 0x0000000094d00000|100%| E|CS|TAMS 0x0000000094c00000, 0x0000000094c00000| Complete 
| 333|0x0000000094d00000, 0x0000000094e00000, 0x0000000094e00000|100%| E|CS|TAMS 0x0000000094d00000, 0x0000000094d00000| Complete 
| 334|0x0000000094e00000, 0x0000000094f00000, 0x0000000094f00000|100%| E|CS|TAMS 0x0000000094e00000, 0x0000000094e00000| Complete 
| 335|0x0000000094f00000, 0x0000000095000000, 0x0000000095000000|100%| E|CS|TAMS 0x0000000094f00000, 0x0000000094f00000| Complete 
| 336|0x0000000095000000, 0x0000000095100000, 0x0000000095100000|100%| E|CS|TAMS 0x0000000095000000, 0x0000000095000000| Complete 
| 337|0x0000000095100000, 0x0000000095200000, 0x0000000095200000|100%| E|CS|TAMS 0x0000000095100000, 0x0000000095100000| Complete 
| 338|0x0000000095200000, 0x0000000095300000, 0x0000000095300000|100%| E|CS|TAMS 0x0000000095200000, 0x0000000095200000| Complete 
| 339|0x0000000095300000, 0x0000000095400000, 0x0000000095400000|100%| E|CS|TAMS 0x0000000095300000, 0x0000000095300000| Complete 
| 340|0x0000000095400000, 0x0000000095500000, 0x0000000095500000|100%| E|CS|TAMS 0x0000000095400000, 0x0000000095400000| Complete 
| 341|0x0000000095500000, 0x0000000095600000, 0x0000000095600000|100%| E|CS|TAMS 0x0000000095500000, 0x0000000095500000| Complete 
| 342|0x0000000095600000, 0x0000000095700000, 0x0000000095700000|100%| E|CS|TAMS 0x0000000095600000, 0x0000000095600000| Complete 
| 343|0x0000000095700000, 0x0000000095800000, 0x0000000095800000|100%| E|CS|TAMS 0x0000000095700000, 0x0000000095700000| Complete 
| 344|0x0000000095800000, 0x0000000095900000, 0x0000000095900000|100%| E|CS|TAMS 0x0000000095800000, 0x0000000095800000| Complete 
| 345|0x0000000095900000, 0x0000000095a00000, 0x0000000095a00000|100%| E|CS|TAMS 0x0000000095900000, 0x0000000095900000| Complete 
| 346|0x0000000095a00000, 0x0000000095b00000, 0x0000000095b00000|100%| E|CS|TAMS 0x0000000095a00000, 0x0000000095a00000| Complete 
| 347|0x0000000095b00000, 0x0000000095c00000, 0x0000000095c00000|100%| E|CS|TAMS 0x0000000095b00000, 0x0000000095b00000| Complete 
| 348|0x0000000095c00000, 0x0000000095d00000, 0x0000000095d00000|100%| E|CS|TAMS 0x0000000095c00000, 0x0000000095c00000| Complete 
| 349|0x0000000095d00000, 0x0000000095e00000, 0x0000000095e00000|100%| E|CS|TAMS 0x0000000095d00000, 0x0000000095d00000| Complete 
| 350|0x0000000095e00000, 0x0000000095f00000, 0x0000000095f00000|100%| E|CS|TAMS 0x0000000095e00000, 0x0000000095e00000| Complete 
| 351|0x0000000095f00000, 0x0000000096000000, 0x0000000096000000|100%| E|CS|TAMS 0x0000000095f00000, 0x0000000095f00000| Complete 
| 352|0x0000000096000000, 0x0000000096100000, 0x0000000096100000|100%| E|CS|TAMS 0x0000000096000000, 0x0000000096000000| Complete 
| 353|0x0000000096100000, 0x0000000096200000, 0x0000000096200000|100%| E|CS|TAMS 0x0000000096100000, 0x0000000096100000| Complete 
| 354|0x0000000096200000, 0x0000000096300000, 0x0000000096300000|100%| E|CS|TAMS 0x0000000096200000, 0x0000000096200000| Complete 
| 355|0x0000000096300000, 0x0000000096400000, 0x0000000096400000|100%| E|CS|TAMS 0x0000000096300000, 0x0000000096300000| Complete 
| 356|0x0000000096400000, 0x0000000096500000, 0x0000000096500000|100%| E|CS|TAMS 0x0000000096400000, 0x0000000096400000| Complete 
| 357|0x0000000096500000, 0x0000000096600000, 0x0000000096600000|100%| E|CS|TAMS 0x0000000096500000, 0x0000000096500000| Complete 
| 358|0x0000000096600000, 0x0000000096700000, 0x0000000096700000|100%| E|CS|TAMS 0x0000000096600000, 0x0000000096600000| Complete 
| 359|0x0000000096700000, 0x0000000096800000, 0x0000000096800000|100%| E|CS|TAMS 0x0000000096700000, 0x0000000096700000| Complete 

Card table byte_map: [0x000001d3f30e0000,0x000001d3f34e0000] _byte_map_base: 0x000001d3f2ce0000

Marking Bits (Prev, Next): (CMBitMap*) 0x000001d3dff00cb0, (CMBitMap*) 0x000001d3dff00c78
 Prev Bits: [0x000001d3f58e0000, 0x000001d3f78e0000)
 Next Bits: [0x000001d3f38e0000, 0x000001d3f58e0000)

Polling page: 0x000001d3dde20000

Metaspace:

Usage:
  Non-class:     87.60 MB capacity,    86.02 MB ( 98%) used,     1.28 MB (  1%) free+waste,   309.19 KB ( <1%) overhead. 
      Class:     13.69 MB capacity,    12.73 MB ( 93%) used,   843.75 KB (  6%) free+waste,   140.19 KB ( <1%) overhead. 
       Both:    101.29 MB capacity,    98.75 MB ( 97%) used,     2.10 MB (  2%) free+waste,   449.38 KB ( <1%) overhead. 

Virtual space:
  Non-class space:       90.00 MB reserved,      88.20 MB ( 98%) committed 
      Class space:        1.00 GB reserved,      14.13 MB (  1%) committed 
             Both:        1.09 GB reserved,     102.32 MB (  9%) committed 

Chunk freelists:
   Non-Class:  485.00 KB
       Class:  348.00 KB
        Both:  833.00 KB

MaxMetaspaceSize: 17179869184.00 GB
CompressedClassSpaceSize: 1.00 GB

CodeHeap 'non-profiled nmethods': size=120000Kb used=8491Kb max_used=8491Kb free=111508Kb
 bounds [0x000001d3eb480000, 0x000001d3ebcd0000, 0x000001d3f29b0000]
CodeHeap 'profiled nmethods': size=120000Kb used=33743Kb max_used=33743Kb free=86257Kb
 bounds [0x000001d3e3f50000, 0x000001d3e6050000, 0x000001d3eb480000]
CodeHeap 'non-nmethods': size=5760Kb used=2322Kb max_used=2387Kb free=3438Kb
 bounds [0x000001d3e39b0000, 0x000001d3e3c20000, 0x000001d3e3f50000]
 total_blobs=14881 nmethods=13963 adapters=828
 compilation: enabled
              stopped_count=0, restarted_count=0
 full_count=0

Compilation events (20 events):
Event: 12.126 Thread 0x000001d3fabf5000 14336       1       com.android.tools.r8.internal.Fs::a2 (3 bytes)
Event: 12.126 Thread 0x000001d3fabf5000 nmethod 14336 0x000001d3ebcbb090 code [0x000001d3ebcbb240, 0x000001d3ebcbb2f8]
Event: 12.127 Thread 0x000001d3fabf5000 14337       2       com.android.tools.r8.internal.Fs::a (189 bytes)
Event: 12.128 Thread 0x000001d3fabf5000 nmethod 14337 0x000001d3e6037690 code [0x000001d3e6037920, 0x000001d3e6038228]
Event: 12.138 Thread 0x000001d3fabf5000 14338       2       com.android.tools.r8.internal.jt::a (212 bytes)
Event: 12.139 Thread 0x000001d3fabf5000 nmethod 14338 0x000001d3e6038710 code [0x000001d3e6038940, 0x000001d3e6038fd8]
Event: 12.139 Thread 0x000001d3fabf5000 14339       2       com.android.tools.r8.graph.N0::a (32 bytes)
Event: 12.140 Thread 0x000001d3fabf5000 nmethod 14339 0x000001d3e6039510 code [0x000001d3e60396c0, 0x000001d3e6039818]
Event: 12.154 Thread 0x000001d3fabf5000 14343 %     3       com.android.tools.r8.internal.gr::f @ 58 (97 bytes)
Event: 12.154 Thread 0x000001d3fabf5000 nmethod 14343% 0x000001d3e6039910 code [0x000001d3e6039b40, 0x000001d3e603a438]
Event: 12.169 Thread 0x000001d3fabf5000 14344       3       com.android.tools.r8.ir.regalloc.e::a (378 bytes)
Event: 12.170 Thread 0x000001d3fabf5000 nmethod 14344 0x000001d3e603a790 code [0x000001d3e603ab80, 0x000001d3e603c758]
Event: 12.170 Thread 0x000001d3fabf5000 14346       2       java.util.TimSort::minRunLength (43 bytes)
Event: 12.171 Thread 0x000001d3fabf5000 nmethod 14346 0x000001d3e603d110 code [0x000001d3e603d2c0, 0x000001d3e603d3f8]
Event: 12.171 Thread 0x000001d3fabf5000 14345       2       java.util.TimSort::<init> (181 bytes)
Event: 12.171 Thread 0x000001d3fabf5000 nmethod 14345 0x000001d3e603d490 code [0x000001d3e603d680, 0x000001d3e603dc58]
Event: 12.176 Thread 0x000001d3fabf5000 14348       2       java.util.LinkedList::unlinkLast (64 bytes)
Event: 12.176 Thread 0x000001d3fabf5000 nmethod 14348 0x000001d3e603de10 code [0x000001d3e603dfc0, 0x000001d3e603e218]
Event: 12.177 Thread 0x000001d3fabf5000 14349 %     3       com.android.tools.r8.internal.gr::a @ 10 (39 bytes)
Event: 12.178 Thread 0x000001d3fabf5000 nmethod 14349% 0x000001d3e603e310 code [0x000001d3e603e500, 0x000001d3e603ea98]

GC Heap History (20 events):
Event: 10.703 GC heap before
{Heap before GC invocations=25 (full 0):
 garbage-first heap   total 307200K, used 246760K [0x0000000080000000, 0x0000000100000000)
  region size 1024K, 109 young (111616K), 4 survivors (4096K)
 Metaspace       used 100754K, capacity 103354K, committed 104524K, reserved 1138688K
  class space    used 13020K, capacity 14010K, committed 14464K, reserved 1048576K
}
Event: 10.707 GC heap after
{Heap after GC invocations=26 (full 0):
 garbage-first heap   total 307200K, used 139752K [0x0000000080000000, 0x0000000100000000)
  region size 1024K, 5 young (5120K), 5 survivors (5120K)
 Metaspace       used 100754K, capacity 103354K, committed 104524K, reserved 1138688K
  class space    used 13020K, capacity 14010K, committed 14464K, reserved 1048576K
}
Event: 10.845 GC heap before
{Heap before GC invocations=26 (full 0):
 garbage-first heap   total 307200K, used 249320K [0x0000000080000000, 0x0000000100000000)
  region size 1024K, 112 young (114688K), 5 survivors (5120K)
 Metaspace       used 100889K, capacity 103512K, committed 104524K, reserved 1138688K
  class space    used 13026K, capacity 14016K, committed 14464K, reserved 1048576K
}
Event: 10.849 GC heap after
{Heap after GC invocations=27 (full 0):
 garbage-first heap   total 307200K, used 139691K [0x0000000080000000, 0x0000000100000000)
  region size 1024K, 5 young (5120K), 5 survivors (5120K)
 Metaspace       used 100889K, capacity 103512K, committed 104524K, reserved 1138688K
  class space    used 13026K, capacity 14016K, committed 14464K, reserved 1048576K
}
Event: 10.991 GC heap before
{Heap before GC invocations=27 (full 0):
 garbage-first heap   total 307200K, used 252331K [0x0000000080000000, 0x0000000100000000)
  region size 1024K, 116 young (118784K), 5 survivors (5120K)
 Metaspace       used 100921K, capacity 103516K, committed 104524K, reserved 1138688K
  class space    used 13026K, capacity 14016K, committed 14464K, reserved 1048576K
}
Event: 10.998 GC heap after
{Heap after GC invocations=28 (full 0):
 garbage-first heap   total 307200K, used 140525K [0x0000000080000000, 0x0000000100000000)
  region size 1024K, 5 young (5120K), 5 survivors (5120K)
 Metaspace       used 100921K, capacity 103516K, committed 104524K, reserved 1138688K
  class space    used 13026K, capacity 14016K, committed 14464K, reserved 1048576K
}
Event: 11.127 GC heap before
{Heap before GC invocations=28 (full 0):
 garbage-first heap   total 307200K, used 256237K [0x0000000080000000, 0x0000000100000000)
  region size 1024K, 118 young (120832K), 5 survivors (5120K)
 Metaspace       used 100975K, capacity 103581K, committed 104524K, reserved 1138688K
  class space    used 13026K, capacity 14016K, committed 14464K, reserved 1048576K
}
Event: 11.132 GC heap after
{Heap after GC invocations=29 (full 0):
 garbage-first heap   total 307200K, used 141182K [0x0000000080000000, 0x0000000100000000)
  region size 1024K, 6 young (6144K), 6 survivors (6144K)
 Metaspace       used 100975K, capacity 103581K, committed 104524K, reserved 1138688K
  class space    used 13026K, capacity 14016K, committed 14464K, reserved 1048576K
}
Event: 11.258 GC heap before
{Heap before GC invocations=29 (full 0):
 garbage-first heap   total 307200K, used 258942K [0x0000000080000000, 0x0000000100000000)
  region size 1024K, 121 young (123904K), 6 survivors (6144K)
 Metaspace       used 101036K, capacity 103581K, committed 104524K, reserved 1138688K
  class space    used 13033K, capacity 14016K, committed 14464K, reserved 1048576K
}
Event: 11.263 GC heap after
{Heap after GC invocations=30 (full 0):
 garbage-first heap   total 307200K, used 141376K [0x0000000080000000, 0x0000000100000000)
  region size 1024K, 6 young (6144K), 6 survivors (6144K)
 Metaspace       used 101036K, capacity 103581K, committed 104524K, reserved 1138688K
  class space    used 13033K, capacity 14016K, committed 14464K, reserved 1048576K
}
Event: 11.397 GC heap before
{Heap before GC invocations=30 (full 0):
 garbage-first heap   total 307200K, used 261184K [0x0000000080000000, 0x0000000100000000)
  region size 1024K, 123 young (125952K), 6 survivors (6144K)
 Metaspace       used 101055K, capacity 103646K, committed 104780K, reserved 1140736K
  class space    used 13033K, capacity 14016K, committed 14464K, reserved 1048576K
}
Event: 11.404 GC heap after
{Heap after GC invocations=31 (full 0):
 garbage-first heap   total 307200K, used 141906K [0x0000000080000000, 0x0000000100000000)
  region size 1024K, 7 young (7168K), 7 survivors (7168K)
 Metaspace       used 101055K, capacity 103646K, committed 104780K, reserved 1140736K
  class space    used 13033K, capacity 14016K, committed 14464K, reserved 1048576K
}
Event: 11.540 GC heap before
{Heap before GC invocations=31 (full 0):
 garbage-first heap   total 307200K, used 262738K [0x0000000080000000, 0x0000000100000000)
  region size 1024K, 125 young (128000K), 7 survivors (7168K)
 Metaspace       used 101073K, capacity 103646K, committed 104780K, reserved 1140736K
  class space    used 13033K, capacity 14016K, committed 14464K, reserved 1048576K
}
Event: 11.549 GC heap after
{Heap after GC invocations=32 (full 0):
 garbage-first heap   total 368640K, used 142373K [0x0000000080000000, 0x0000000100000000)
  region size 1024K, 7 young (7168K), 7 survivors (7168K)
 Metaspace       used 101073K, capacity 103646K, committed 104780K, reserved 1140736K
  class space    used 13033K, capacity 14016K, committed 14464K, reserved 1048576K
}
Event: 11.728 GC heap before
{Heap before GC invocations=32 (full 0):
 garbage-first heap   total 368640K, used 302117K [0x0000000080000000, 0x0000000100000000)
  region size 1024K, 163 young (166912K), 7 survivors (7168K)
 Metaspace       used 101086K, capacity 103651K, committed 104780K, reserved 1140736K
  class space    used 13034K, capacity 14017K, committed 14464K, reserved 1048576K
}
Event: 11.735 GC heap after
{Heap after GC invocations=33 (full 0):
 garbage-first heap   total 368640K, used 143462K [0x0000000080000000, 0x0000000100000000)
  region size 1024K, 8 young (8192K), 8 survivors (8192K)
 Metaspace       used 101086K, capacity 103651K, committed 104780K, reserved 1140736K
  class space    used 13034K, capacity 14017K, committed 14464K, reserved 1048576K
}
Event: 11.903 GC heap before
{Heap before GC invocations=33 (full 0):
 garbage-first heap   total 368640K, used 305254K [0x0000000080000000, 0x0000000100000000)
  region size 1024K, 166 young (169984K), 8 survivors (8192K)
 Metaspace       used 101092K, capacity 103651K, committed 104780K, reserved 1140736K
  class space    used 13034K, capacity 14017K, committed 14464K, reserved 1048576K
}
Event: 11.912 GC heap after
{Heap after GC invocations=34 (full 0):
 garbage-first heap   total 368640K, used 144229K [0x0000000080000000, 0x0000000100000000)
  region size 1024K, 9 young (9216K), 9 survivors (9216K)
 Metaspace       used 101092K, capacity 103651K, committed 104780K, reserved 1140736K
  class space    used 13034K, capacity 14017K, committed 14464K, reserved 1048576K
}
Event: 12.087 GC heap before
{Heap before GC invocations=34 (full 0):
 garbage-first heap   total 368640K, used 312165K [0x0000000080000000, 0x0000000100000000)
  region size 1024K, 173 young (177152K), 9 survivors (9216K)
 Metaspace       used 101109K, capacity 103651K, committed 104780K, reserved 1140736K
  class space    used 13034K, capacity 14017K, committed 14464K, reserved 1048576K
}
Event: 12.095 GC heap after
{Heap after GC invocations=35 (full 0):
 garbage-first heap   total 368640K, used 144846K [0x0000000080000000, 0x0000000100000000)
  region size 1024K, 9 young (9216K), 9 survivors (9216K)
 Metaspace       used 101109K, capacity 103651K, committed 104780K, reserved 1140736K
  class space    used 13034K, capacity 14017K, committed 14464K, reserved 1048576K
}

Deoptimization events (20 events):
Event: 11.815 Thread 0x000001d380aa4800 Uncommon trap: trap_request=0xffffffc6 fr.pc=0x000001d3ebbe93ac relative=0x000000000000134c
Event: 11.815 Thread 0x000001d380aa4800 Uncommon trap: reason=bimorphic_or_optimized_type_check action=maybe_recompile pc=0x000001d3ebbe93ac method=com.android.tools.r8.ir.regalloc.a.a(Lcom/android/tools/r8/internal/QG;Ljava/util/Collection;)Z @ 1 c2
Event: 11.815 Thread 0x000001d380aa4800 DEOPT PACKING pc=0x000001d3ebbe93ac sp=0x000000018dbf9040
Event: 11.815 Thread 0x000001d380aa4800 DEOPT UNPACKING pc=0x000001d3e39b83af sp=0x000000018dbf8f88 mode 2
Event: 11.815 Thread 0x000001d380aa4800 Uncommon trap: trap_request=0xffffffc6 fr.pc=0x000001d3ebbe93ac relative=0x000000000000134c
Event: 11.815 Thread 0x000001d380aa4800 Uncommon trap: reason=bimorphic_or_optimized_type_check action=maybe_recompile pc=0x000001d3ebbe93ac method=com.android.tools.r8.ir.regalloc.a.a(Lcom/android/tools/r8/internal/QG;Ljava/util/Collection;)Z @ 1 c2
Event: 11.815 Thread 0x000001d380aa4800 DEOPT PACKING pc=0x000001d3ebbe93ac sp=0x000000018dbf9040
Event: 11.815 Thread 0x000001d380aa4800 DEOPT UNPACKING pc=0x000001d3e39b83af sp=0x000000018dbf8f88 mode 2
Event: 11.863 Thread 0x000001d380aa5800 DEOPT PACKING pc=0x000001d3e57c9544 sp=0x000000018dff9580
Event: 11.863 Thread 0x000001d380aa5800 DEOPT UNPACKING pc=0x000001d3e39d8ede sp=0x000000018dff8ae0 mode 0
Event: 11.885 Thread 0x000001d380aa5800 DEOPT PACKING pc=0x000001d3e5c76138 sp=0x000000018dff95d0
Event: 11.885 Thread 0x000001d380aa5800 DEOPT UNPACKING pc=0x000001d3e39d8ede sp=0x000000018dff8b78 mode 0
Event: 11.924 Thread 0x000001d380351000 DEOPT PACKING pc=0x000001d3e5e7196d sp=0x000000018e2f8740
Event: 11.924 Thread 0x000001d380351000 DEOPT UNPACKING pc=0x000001d3e39d8ede sp=0x000000018e2f7c80 mode 0
Event: 12.112 Thread 0x000001d380351000 DEOPT PACKING pc=0x000001d3e59b1c3a sp=0x000000018e2f8c30
Event: 12.112 Thread 0x000001d380351000 DEOPT UNPACKING pc=0x000001d3e39d8ede sp=0x000000018e2f8400 mode 0
Event: 12.129 Thread 0x000001d380aa7000 DEOPT PACKING pc=0x000001d3e57c9544 sp=0x000000018e0f97a0
Event: 12.129 Thread 0x000001d380aa7000 DEOPT UNPACKING pc=0x000001d3e39d8ede sp=0x000000018e0f8d00 mode 0
Event: 12.178 Thread 0x000001d380aa4800 DEOPT PACKING pc=0x000001d3e59b1c3a sp=0x000000018dbf90c0
Event: 12.178 Thread 0x000001d380aa4800 DEOPT UNPACKING pc=0x000001d3e39d8ede sp=0x000000018dbf8890 mode 0

Classes redefined (0 events):
No events

Internal exceptions (20 events):
Event: 8.959 Thread 0x000001d380aa4800 Exception <a 'java/lang/IncompatibleClassChangeError'{0x000000008c9689c0}: Found class java.lang.Object, but interface was expected> (0x000000008c9689c0) thrown at [./src/hotspot/share/interpreter/linkResolver.cpp, line 839]
Event: 8.959 Thread 0x000001d380aa5800 Exception <a 'java/lang/IncompatibleClassChangeError'{0x000000008c8413b8}: Found class java.lang.Object, but interface was expected> (0x000000008c8413b8) thrown at [./src/hotspot/share/interpreter/linkResolver.cpp, line 839]
Event: 8.960 Thread 0x000001d380aa7000 Exception <a 'java/lang/IncompatibleClassChangeError'{0x000000008c83a7a8}: Found class java.lang.Object, but interface was expected> (0x000000008c83a7a8) thrown at [./src/hotspot/share/interpreter/linkResolver.cpp, line 839]
Event: 8.960 Thread 0x000001d380351000 Exception <a 'java/lang/IncompatibleClassChangeError'{0x000000008c9b5700}: Found class java.lang.Object, but interface was expected> (0x000000008c9b5700) thrown at [./src/hotspot/share/interpreter/linkResolver.cpp, line 839]
Event: 8.960 Thread 0x000001d380aa5800 Exception <a 'java/lang/IncompatibleClassChangeError'{0x000000008c844ac8}: Found class java.lang.Object, but interface was expected> (0x000000008c844ac8) thrown at [./src/hotspot/share/interpreter/linkResolver.cpp, line 839]
Event: 8.960 Thread 0x000001d380aa4800 Exception <a 'java/lang/IncompatibleClassChangeError'{0x000000008c96c0d0}: Found class java.lang.Object, but interface was expected> (0x000000008c96c0d0) thrown at [./src/hotspot/share/interpreter/linkResolver.cpp, line 839]
Event: 8.969 Thread 0x000001d380aa4800 Exception <a 'java/lang/NoSuchMethodError'{0x000000008c71e4c8}: 'void java.lang.invoke.DirectMethodHandle$Holder.invokeVirtual(java.lang.Object, java.lang.Object, int, java.lang.Object)'> (0x000000008c71e4c8) thrown at [./src/hotspot/share/interpreter/linkResolver.cpp, line 773]
Event: 8.969 Thread 0x000001d380351000 Exception <a 'java/lang/NoSuchMethodError'{0x000000008c7b4f20}: 'void java.lang.invoke.DirectMethodHandle$Holder.invokeVirtual(java.lang.Object, java.lang.Object, int, java.lang.Object)'> (0x000000008c7b4f20) thrown at [./src/hotspot/share/interpreter/linkResolver.cpp, line 773]
Event: 8.969 Thread 0x000001d380aa5800 Exception <a 'java/lang/NoSuchMethodError'{0x000000008c7dde40}: 'void java.lang.invoke.DirectMethodHandle$Holder.invokeVirtual(java.lang.Object, java.lang.Object, int, java.lang.Object)'> (0x000000008c7dde40) thrown at [./src/hotspot/share/interpreter/linkResolver.cpp, line 773]
Event: 9.007 Thread 0x000001d380aa4800 Exception <a 'java/lang/NoSuchMethodError'{0x000000008c31a1f8}: 'java.lang.Object java.lang.invoke.DirectMethodHandle$Holder.newInvokeSpecial(java.lang.Object, int)'> (0x000000008c31a1f8) thrown at [./src/hotspot/share/interpreter/linkResolver.cpp, line 773]
Event: 9.007 Thread 0x000001d380aa7000 Exception <a 'java/lang/NoSuchMethodError'{0x000000008c3b0a00}: 'java.lang.Object java.lang.invoke.DirectMethodHandle$Holder.newInvokeSpecial(java.lang.Object, int)'> (0x000000008c3b0a00) thrown at [./src/hotspot/share/interpreter/linkResolver.cpp, line 773]
Event: 9.007 Thread 0x000001d380351000 Exception <a 'java/lang/NoSuchMethodError'{0x000000008c236cb0}: 'java.lang.Object java.lang.invoke.DirectMethodHandle$Holder.newInvokeSpecial(java.lang.Object, int)'> (0x000000008c236cb0) thrown at [./src/hotspot/share/interpreter/linkResolver.cpp, line 773]
Event: 9.007 Thread 0x000001d380aa5800 Exception <a 'java/lang/NoSuchMethodError'{0x000000008c351db0}: 'java.lang.Object java.lang.invoke.DirectMethodHandle$Holder.newInvokeSpecial(java.lang.Object, int)'> (0x000000008c351db0) thrown at [./src/hotspot/share/interpreter/linkResolver.cpp, line 773]
Event: 9.148 Thread 0x000001d380aa4800 Exception <a 'java/lang/NoSuchMethodError'{0x000000008f170608}: 'java.lang.Object java.lang.invoke.DirectMethodHandle$Holder.invokeInterface(java.lang.Object, java.lang.Object, int)'> (0x000000008f170608) thrown at [./src/hotspot/share/interpreter/linkResolver.cpp, line 773]
Event: 9.724 Thread 0x000001d380aa4800 Exception <a 'java/lang/NoSuchMethodError'{0x000000008f5b9020}: 'int java.lang.invoke.DirectMethodHandle$Holder.invokeInterface(java.lang.Object, java.lang.Object, int)'> (0x000000008f5b9020) thrown at [./src/hotspot/share/interpreter/linkResolver.cpp, line 773]
Event: 10.640 Thread 0x000001d380351000 Exception <a 'java/lang/NoSuchMethodError'{0x000000008eea35d8}: 'java.lang.Object java.lang.invoke.DirectMethodHandle$Holder.invokeSpecial(java.lang.Object, java.lang.Object, java.lang.Object, java.lang.Object, java.lang.Object, java.lang.Object, java.lang.Object, java.lang.Object, java.lang.Object, java.lang.Object, java.lang.Object)'> (0x000000008eea35d8) thrown at [./src/hotspot/share/interpreter/linkResolver.cpp, line 773]
Event: 10.641 Thread 0x000001d380351000 Exception <a 'java/lang/NoSuchMethodError'{0x000000008eeaeff8}: 'java.lang.Object java.lang.invoke.Invokers$Holder.linkToTargetMethod(java.lang.Object, java.lang.Object, java.lang.Object, java.lang.Object, java.lang.Object, java.lang.Object, java.lang.Object, java.lang.Object, java.lang.Object, java.lang.Object)'> (0x000000008eeaeff8) thrown at [./src/hotspot/share/interpreter/linkResolver.cpp, line 773]
Event: 10.651 Thread 0x000001d380351000 Exception <a 'java/lang/IncompatibleClassChangeError'{0x000000008e604d50}: Found class java.lang.Object, but interface was expected> (0x000000008e604d50) thrown at [./src/hotspot/share/interpreter/linkResolver.cpp, line 839]
Event: 10.941 Thread 0x000001d380351000 Implicit null exception at 0x000001d3ebb2d66b to 0x000001d3ebb2d68c
Event: 11.254 Thread 0x000001d380aa5800 Implicit null exception at 0x000001d3ebc32aaf to 0x000001d3ebc3683c

Events (20 events):
Event: 11.647 loading class com/android/tools/r8/code/G0
Event: 11.647 loading class com/android/tools/r8/code/G0 done
Event: 11.728 Executing VM operation: G1CollectForAllocation
Event: 11.735 Executing VM operation: G1CollectForAllocation done
Event: 11.903 Executing VM operation: G1CollectForAllocation
Event: 11.912 Executing VM operation: G1CollectForAllocation done
Event: 12.087 Executing VM operation: G1CollectForAllocation
Event: 12.095 Executing VM operation: G1CollectForAllocation done
Event: 12.166 loading class com/android/tools/r8/internal/GE
Event: 12.166 loading class com/android/tools/r8/internal/GE done
Event: 12.166 loading class com/android/tools/r8/internal/GE
Event: 12.166 loading class com/android/tools/r8/internal/GE done
Event: 12.166 loading class com/android/tools/r8/internal/FE
Event: 12.166 loading class com/android/tools/r8/internal/FE done
Event: 12.166 loading class com/android/tools/r8/code/F0
Event: 12.166 loading class com/android/tools/r8/code/F0 done
Event: 12.166 loading class com/android/tools/r8/code/F0
Event: 12.166 loading class com/android/tools/r8/code/F0 done
Event: 12.167 loading class com/android/tools/r8/code/F0
Event: 12.167 loading class com/android/tools/r8/code/F0 done


Dynamic libraries:
0x00007ff61a110000 - 0x00007ff61a11a000 	C:\Program Files\Android\Android Studio\jre\bin\java.exe
0x00007ffcffcf0000 - 0x00007ffcffee5000 	C:\WINDOWS\SYSTEM32\ntdll.dll
0x00007ffcfdd30000 - 0x00007ffcfddee000 	C:\WINDOWS\System32\KERNEL32.DLL
0x00007ffcfd400000 - 0x00007ffcfd6c8000 	C:\WINDOWS\System32\KERNELBASE.dll
0x00007ffcfd7e0000 - 0x00007ffcfd8e0000 	C:\WINDOWS\System32\ucrtbase.dll
0x00007ffcd9da0000 - 0x00007ffcd9db7000 	C:\Program Files\Android\Android Studio\jre\bin\VCRUNTIME140.dll
0x00007ffce2ef0000 - 0x00007ffce2f09000 	C:\Program Files\Android\Android Studio\jre\bin\jli.dll
0x00007ffcfe650000 - 0x00007ffcfe7f1000 	C:\WINDOWS\System32\USER32.dll
0x00007ffcfda00000 - 0x00007ffcfda22000 	C:\WINDOWS\System32\win32u.dll
0x00007ffcdf4a0000 - 0x00007ffcdf73a000 	C:\WINDOWS\WinSxS\amd64_microsoft.windows.common-controls_6595b64144ccf1df_6.0.19041.1110_none_60b5254171f9507e\COMCTL32.dll
0x00007ffcffb30000 - 0x00007ffcffb5b000 	C:\WINDOWS\System32\GDI32.dll
0x00007ffcfe3f0000 - 0x00007ffcfe48e000 	C:\WINDOWS\System32\msvcrt.dll
0x00007ffcfd6d0000 - 0x00007ffcfd7dd000 	C:\WINDOWS\System32\gdi32full.dll
0x00007ffcfd910000 - 0x00007ffcfd9ad000 	C:\WINDOWS\System32\msvcp_win.dll
0x00007ffcfe2e0000 - 0x00007ffcfe310000 	C:\WINDOWS\System32\IMM32.DLL
0x00007ffcd4f60000 - 0x00007ffcd4ffd000 	C:\Program Files\Android\Android Studio\jre\bin\msvcp140.dll
0x00007ffc94440000 - 0x00007ffc94f0f000 	C:\Program Files\Android\Android Studio\jre\bin\server\jvm.dll
0x00007ffcffa80000 - 0x00007ffcffb2e000 	C:\WINDOWS\System32\ADVAPI32.dll
0x00007ffcff1e0000 - 0x00007ffcff27c000 	C:\WINDOWS\System32\sechost.dll
0x00007ffcfe520000 - 0x00007ffcfe645000 	C:\WINDOWS\System32\RPCRT4.dll
0x00007ffcfe120000 - 0x00007ffcfe128000 	C:\WINDOWS\System32\PSAPI.DLL
0x00007ffcf8e70000 - 0x00007ffcf8e79000 	C:\WINDOWS\SYSTEM32\WSOCK32.dll
0x00007ffcfc1f0000 - 0x00007ffcfc1fa000 	C:\WINDOWS\SYSTEM32\VERSION.dll
0x00007ffcd24e0000 - 0x00007ffcd2507000 	C:\WINDOWS\SYSTEM32\WINMM.dll
0x00007ffcfe4b0000 - 0x00007ffcfe51b000 	C:\WINDOWS\System32\WS2_32.dll
0x00007ffcfc1a0000 - 0x00007ffcfc1b2000 	C:\WINDOWS\SYSTEM32\kernel.appcore.dll
0x00007ffcd9a80000 - 0x00007ffcd9a91000 	C:\Program Files\Android\Android Studio\jre\bin\verify.dll
0x00007ffcf63d0000 - 0x00007ffcf65b4000 	C:\WINDOWS\SYSTEM32\DBGHELP.DLL
0x00007ffce2d70000 - 0x00007ffce2d9c000 	C:\WINDOWS\SYSTEM32\dbgcore.DLL
0x00007ffcfdca0000 - 0x00007ffcfdd22000 	C:\WINDOWS\System32\bcryptPrimitives.dll
0x00007ffcd54a0000 - 0x00007ffcd54c9000 	C:\Program Files\Android\Android Studio\jre\bin\java.dll
0x00007ffcf6000000 - 0x00007ffcf600b000 	C:\Program Files\Android\Android Studio\jre\bin\jimage.dll
0x00007ffcd9a60000 - 0x00007ffcd9a78000 	C:\Program Files\Android\Android Studio\jre\bin\zip.dll
0x00007ffcff280000 - 0x00007ffcff9c4000 	C:\WINDOWS\System32\SHELL32.dll
0x00007ffcfb310000 - 0x00007ffcfbaa5000 	C:\WINDOWS\SYSTEM32\windows.storage.dll
0x00007ffcfe980000 - 0x00007ffcfecd5000 	C:\WINDOWS\System32\combase.dll
0x00007ffcfcd80000 - 0x00007ffcfcdae000 	C:\WINDOWS\SYSTEM32\Wldp.dll
0x00007ffcff9d0000 - 0x00007ffcffa7d000 	C:\WINDOWS\System32\SHCORE.dll
0x00007ffcfe1f0000 - 0x00007ffcfe245000 	C:\WINDOWS\System32\shlwapi.dll
0x00007ffcfd340000 - 0x00007ffcfd35f000 	C:\WINDOWS\SYSTEM32\profapi.dll
0x00007ffcd5480000 - 0x00007ffcd549a000 	C:\Program Files\Android\Android Studio\jre\bin\net.dll
0x00007ffcf7d70000 - 0x00007ffcf7e7c000 	C:\WINDOWS\SYSTEM32\WINHTTP.dll
0x00007ffcfcae0000 - 0x00007ffcfcb4a000 	C:\WINDOWS\system32\mswsock.dll
0x00007ffcd51b0000 - 0x00007ffcd51c4000 	C:\Program Files\Android\Android Studio\jre\bin\nio.dll
0x00007ffcd4ad0000 - 0x00007ffcd4af7000 	C:\Users\Halcyon\.gradle\native\8bec1ad78214c89d9ad589b4d07fe93259594b29d510b10fafb7a158f7737e5d\windows-amd64\native-platform.dll
0x00007ffcc5af0000 - 0x00007ffcc5c2d000 	C:\Users\Halcyon\.gradle\native\53dbd7edfb1c66fb8903c78663c9afc45aea4f116125fa6feffd364cf09443e8\windows-amd64\native-platform-file-events.dll
0x00007ffce9530000 - 0x00007ffce953a000 	C:\Program Files\Android\Android Studio\jre\bin\management.dll
0x00007ffce8e90000 - 0x00007ffce8e9c000 	C:\Program Files\Android\Android Studio\jre\bin\management_ext.dll
0x00007ffcfccd0000 - 0x00007ffcfcce8000 	C:\WINDOWS\SYSTEM32\CRYPTSP.dll
0x00007ffcfc460000 - 0x00007ffcfc494000 	C:\WINDOWS\system32\rsaenh.dll
0x00007ffcfd8e0000 - 0x00007ffcfd907000 	C:\WINDOWS\System32\bcrypt.dll
0x00007ffcfd300000 - 0x00007ffcfd32e000 	C:\WINDOWS\SYSTEM32\USERENV.dll
0x00007ffcfccf0000 - 0x00007ffcfccfc000 	C:\WINDOWS\SYSTEM32\CRYPTBASE.dll
0x00007ffcfc7d0000 - 0x00007ffcfc80b000 	C:\WINDOWS\SYSTEM32\IPHLPAPI.DLL
0x00007ffcfe490000 - 0x00007ffcfe498000 	C:\WINDOWS\System32\NSI.dll
0x00007ffcf45a0000 - 0x00007ffcf45b7000 	C:\WINDOWS\SYSTEM32\dhcpcsvc6.DLL
0x00007ffcf51e0000 - 0x00007ffcf51fd000 	C:\WINDOWS\SYSTEM32\dhcpcsvc.DLL
0x00007ffcfc810000 - 0x00007ffcfc8db000 	C:\WINDOWS\SYSTEM32\DNSAPI.dll

dbghelp: loaded successfully - version: 4.0.5 - missing functions: none
symbol engine: initialized successfully - sym options: 0x614 - pdb path: .;C:\Program Files\Android\Android Studio\jre\bin;C:\WINDOWS\SYSTEM32;C:\WINDOWS\WinSxS\amd64_microsoft.windows.common-controls_6595b64144ccf1df_6.0.19041.1110_none_60b5254171f9507e;C:\Program Files\Android\Android Studio\jre\bin\server;C:\Users\Halcyon\.gradle\native\8bec1ad78214c89d9ad589b4d07fe93259594b29d510b10fafb7a158f7737e5d\windows-amd64;C:\Users\Halcyon\.gradle\native\53dbd7edfb1c66fb8903c78663c9afc45aea4f116125fa6feffd364cf09443e8\windows-amd64

VM Arguments:
jvm_args: --add-opens=java.base/java.util=ALL-UNNAMED --add-opens=java.base/java.lang=ALL-UNNAMED --add-opens=java.base/java.lang.invoke=ALL-UNNAMED --add-opens=java.base/java.util=ALL-UNNAMED --add-opens=java.prefs/java.util.prefs=ALL-UNNAMED --add-opens=java.prefs/java.util.prefs=ALL-UNNAMED --add-opens=java.base/java.nio.charset=ALL-UNNAMED --add-opens=java.base/java.net=ALL-UNNAMED --add-opens=java.base/java.util.concurrent.atomic=ALL-UNNAMED -Xmx2048m -Dfile.encoding=UTF-8 -Duser.country=US -Duser.language=en -Duser.variant 
java_command: org.gradle.launcher.daemon.bootstrap.GradleDaemon 7.0.2
java_class_path (initial): C:\Users\Halcyon\.gradle\wrapper\dists\gradle-7.0.2-bin\857tjihv64xamwrf0h14cai3r\gradle-7.0.2\lib\gradle-launcher-7.0.2.jar
Launcher Type: SUN_STANDARD

[Global flags]
     intx CICompilerCount                          = 4                                         {product} {ergonomic}
     uint ConcGCThreads                            = 2                                         {product} {ergonomic}
     uint G1ConcRefinementThreads                  = 8                                         {product} {ergonomic}
   size_t G1HeapRegionSize                         = 1048576                                   {product} {ergonomic}
    uintx GCDrainStackTargetSize                   = 64                                        {product} {ergonomic}
   size_t InitialHeapSize                          = 262144000                                 {product} {ergonomic}
   size_t MarkStackSize                            = 4194304                                   {product} {ergonomic}
   size_t MaxHeapSize                              = 2147483648                                {product} {command line}
   size_t MaxNewSize                               = 1287651328                                {product} {ergonomic}
   size_t MinHeapDeltaBytes                        = 1048576                                   {product} {ergonomic}
    uintx NonNMethodCodeHeapSize                   = 5836300                                {pd product} {ergonomic}
    uintx NonProfiledCodeHeapSize                  = 122910970                              {pd product} {ergonomic}
    uintx ProfiledCodeHeapSize                     = 122910970                              {pd product} {ergonomic}
    uintx ReservedCodeCacheSize                    = 251658240                              {pd product} {ergonomic}
     bool SegmentedCodeCache                       = true                                      {product} {ergonomic}
     bool UseCompressedClassPointers               = true                                 {lp64_product} {ergonomic}
     bool UseCompressedOops                        = true                                 {lp64_product} {ergonomic}
     bool UseG1GC                                  = true                                      {product} {ergonomic}
     bool UseLargePagesIndividualAllocation        = false                                  {pd product} {ergonomic}

Logging:
Log output configuration:
 #0: stdout all=warning uptime,level,tags
 #1: stderr all=off uptime,level,tags

Environment Variables:
PATH=C:\Program Files\Common Files\Oracle\Java\javapath;C:\Program Files\Eclipse Adoptium\jdk-17.0.1.12-hotspot\bin;C:\Program Files (x86)\Common Files\Oracle\Java\javapath;C:\WINDOWS\system32;C:\WINDOWS;C:\WINDOWS\System32\Wbem;C:\WINDOWS\System32\WindowsPowerShell\v1.0\;C:\WINDOWS\System32\OpenSSH\;C:\Program Files (x86)\IVI Foundation\VISA\WinNT\Bin\;C:\Program Files\IVI Foundation\VISA\Win64\Bin\;C:\Program Files\nodejs\;C:\Program Files (x86)\dotnet\;C:\Users\Halcyon\AppData\Local\Microsoft\WindowsApps;C:\Users\Halcyon\AppData\Local\Programs\Microsoft VS Code\bin;C:\Users\Halcyon\AppData\Local\Programs\Git\cmd;C:\Users\Halcyon\AppData\Roaming\npm
USERNAME=Halcyon
OS=Windows_NT
PROCESSOR_IDENTIFIER=Intel64 Family 6 Model 126 Stepping 5, GenuineIntel



---------------  S Y S T E M  ---------------

OS: Windows 10 , 64 bit Build 19041 (10.0.19041.1466)
OS uptime: 3 days 0:49 hours

CPU:total 8 (initial active 8) (4 cores per cpu, 2 threads per core) family 6 model 126 stepping 5 microcode 0xa6, cmov, cx8, fxsr, mmx, sse, sse2, sse3, ssse3, sse4.1, sse4.2, popcnt, avx, avx2, aes, clmul, erms, 3dnowpref, lzcnt, ht, tsc, tscinvbit, bmi1, bmi2, adx, evex, sha, fma

Memory: 4k page, system-wide physical 15970M (1566M free)
TotalPageFile size 20066M (AvailPageFile size 9M)
current process WorkingSet (physical memory assigned to process): 736M, peak: 739M
current process commit charge ("private bytes"): 810M, peak: 815M

vm_info: OpenJDK 64-Bit Server VM (11.0.10+0-b96-7249189) for windows-amd64 JRE (11.0.10+0-b96-7249189), built on Mar 31 2021 21:44:00 by "builder" with MS VC++ 14.0 (VS2015)

END.
