#
# There is insufficient memory for the Java Runtime Environment to continue.
# Native memory allocation (mmap) failed to map 62914560 bytes for Failed to commit area from 0x0000000092c00000 to 0x0000000096800000 of length 62914560.
# Possible reasons:
#   The system is out of physical RAM or swap space
#   The process is running with CompressedOops enabled, and the Java Heap may be blocking the growth of the native heap
# Possible solutions:
#   Reduce memory load on the system
#   Increase physical memory or swap space
#   Check if swap backing store is full
#   Decrease Java heap size (-Xmx/-Xms)
#   Decrease number of Java threads
#   Decrease Java thread stack sizes (-Xss)
#   Set larger code cache with -XX:ReservedCodeCacheSize=
#   JVM is running with Unscaled Compressed Oops mode in which the Java heap is
#     placed in the first 4GB address space. The Java Heap base address is the
#     maximum limit for the native heap growth. Please use -XX:HeapBaseMinAddress
#     to set the Java Heap base and to place the Java Heap above 4GB virtual address.
# This output file may be truncated or incomplete.
#
#  Out of Memory Error (./src/hotspot/os/windows/os_windows.cpp:3301), pid=20204, tid=17456
#
# JRE version: OpenJDK Runtime Environment (11.0.10) (build 11.0.10+0-b96-7249189)
# Java VM: OpenJDK 64-Bit Server VM (11.0.10+0-b96-7249189, mixed mode, tiered, compressed oops, g1 gc, windows-amd64)
# No core dump will be written. Minidumps are not enabled by default on client versions of Windows
#

---------------  S U M M A R Y ------------

Command Line: --add-opens=java.base/java.util=ALL-UNNAMED --add-opens=java.base/java.lang=ALL-UNNAMED --add-opens=java.base/java.lang.invoke=ALL-UNNAMED --add-opens=java.base/java.util=ALL-UNNAMED --add-opens=java.prefs/java.util.prefs=ALL-UNNAMED --add-opens=java.prefs/java.util.prefs=ALL-UNNAMED --add-opens=java.base/java.nio.charset=ALL-UNNAMED --add-opens=java.base/java.net=ALL-UNNAMED --add-opens=java.base/java.util.concurrent.atomic=ALL-UNNAMED -Xmx2048m -Dfile.encoding=UTF-8 -Duser.country=US -Duser.language=en -Duser.variant org.gradle.launcher.daemon.bootstrap.GradleDaemon 7.0.2

Host: Intel(R) Core(TM) i7-1065G7 CPU @ 1.30GHz, 8 cores, 15G,  Windows 10 , 64 bit Build 19041 (10.0.19041.1466)
Time: Fri Jan 28 13:06:59 2022 Pacific Standard Time elapsed time: 35.449941 seconds (0d 0h 0m 35s)

---------------  T H R E A D  ---------------

Current thread (0x000001dbdc3af000):  VMThread "VM Thread" [stack: 0x0000003534300000,0x0000003534400000] [id=17456]

Stack: [0x0000003534300000,0x0000003534400000]
[error occurred during error reporting (printing stack bounds), id 0xc0000005, EXCEPTION_ACCESS_VIOLATION (0xc0000005) at pc=0x000001dbc51c10e7]

Native frames: (J=compiled Java code, j=interpreted, Vv=VM code, C=native code)
V  [jvm.dll+0x5ecfaa]
V  [jvm.dll+0x722bd5]
V  [jvm.dll+0x72412d]
V  [jvm.dll+0x724745]
V  [jvm.dll+0x7246fb]
V  [jvm.dll+0x5ec348]
V  [jvm.dll+0x5ecad8]
C  [ntdll.dll+0xa20cf]
C  [ntdll.dll+0x51454]
C  [ntdll.dll+0xa0bfe]
C  0x000001dbc51c10e7

VM_Operation (0x00000035383f8b60): G1CollectForAllocation, mode: safepoint, requested by thread 0x000001dbe050b800


---------------  P R O C E S S  ---------------

Threads class SMR info:
_java_thread_list=0x000001dbdd762cd0, length=65, elements={
0x000001dbc16d5000, 0x000001dbdc3b5000, 0x000001dbdc3be800, 0x000001dbdc40e800,
0x000001dbdc410000, 0x000001dbdc411000, 0x000001dbdc415000, 0x000001dbdc416800,
0x000001dbdc423800, 0x000001dbdc584800, 0x000001dbddfb2000, 0x000001dbdd404000,
0x000001dbde6be000, 0x000001dbdd518800, 0x000001dbde761800, 0x000001dbdebe1000,
0x000001dbdebe1800, 0x000001dbdebe0000, 0x000001dbdebdc800, 0x000001dbdebe3800,
0x000001dbdebdd800, 0x000001dbdebdf000, 0x000001dbe050e000, 0x000001dbe050f000,
0x000001dbe0510000, 0x000001dbe050c800, 0x000001dbe0510800, 0x000001dbe050d800,
0x000001dbe0513000, 0x000001dbe0517000, 0x000001dbdc8ff800, 0x000001dbdc906800,
0x000001dbdc901000, 0x000001dbdc901800, 0x000001dbdc902800, 0x000001dbdc903800,
0x000001dbdc900000, 0x000001dbe039b800, 0x000001dbdc908800, 0x000001dbdc904000,
0x000001dbdc909000, 0x000001dbdc90a000, 0x000001dbdc90a800, 0x000001dbdc905000,
0x000001dbe764c800, 0x000001dbdc907800, 0x000001dbdc90e000, 0x000001dbdc90b800,
0x000001dbdc90c800, 0x000001dbdc90d000, 0x000001dbe0511800, 0x000001dbe050b800,
0x000001dbe0514800, 0x000001dbe0518000, 0x000001dbe0512000, 0x000001dbe0519000,
0x000001dbe0519800, 0x000001dbe0514000, 0x000001dbe051a800, 0x000001dbdebe2800,
0x000001dbdebde800, 0x000001dbe1c91000, 0x000001dbe1c90000, 0x000001dbe1c92800,
0x000001dbe1c91800
}

Java Threads: ( => current thread )
  0x000001dbc16d5000 JavaThread "main" [_thread_blocked, id=7916, stack(0x0000003533d00000,0x0000003533e00000)]
  0x000001dbdc3b5000 JavaThread "Reference Handler" daemon [_thread_blocked, id=4816, stack(0x0000003534400000,0x0000003534500000)]
  0x000001dbdc3be800 JavaThread "Finalizer" daemon [_thread_blocked, id=1788, stack(0x0000003534500000,0x0000003534600000)]
  0x000001dbdc40e800 JavaThread "Signal Dispatcher" daemon [_thread_blocked, id=21492, stack(0x0000003534600000,0x0000003534700000)]
  0x000001dbdc410000 JavaThread "Attach Listener" daemon [_thread_blocked, id=19580, stack(0x0000003534700000,0x0000003534800000)]
  0x000001dbdc411000 JavaThread "Service Thread" daemon [_thread_blocked, id=1752, stack(0x0000003534800000,0x0000003534900000)]
  0x000001dbdc415000 JavaThread "C2 CompilerThread0" daemon [_thread_blocked, id=2724, stack(0x0000003534900000,0x0000003534a00000)]
  0x000001dbdc416800 JavaThread "C1 CompilerThread0" daemon [_thread_blocked, id=7192, stack(0x0000003534a00000,0x0000003534b00000)]
  0x000001dbdc423800 JavaThread "Sweeper thread" daemon [_thread_blocked, id=5676, stack(0x0000003534b00000,0x0000003534c00000)]
  0x000001dbdc584800 JavaThread "Common-Cleaner" daemon [_thread_blocked, id=13436, stack(0x0000003534c00000,0x0000003534d00000)]
  0x000001dbddfb2000 JavaThread "Daemon health stats" [_thread_blocked, id=10584, stack(0x0000003535500000,0x0000003535600000)]
  0x000001dbdd404000 JavaThread "Incoming local TCP Connector on port 60427" [_thread_in_native, id=13012, stack(0x0000003535600000,0x0000003535700000)]
  0x000001dbde6be000 JavaThread "Daemon periodic checks" [_thread_blocked, id=7380, stack(0x0000003535700000,0x0000003535800000)]
  0x000001dbdd518800 JavaThread "Daemon" [_thread_blocked, id=616, stack(0x0000003535800000,0x0000003535900000)]
  0x000001dbde761800 JavaThread "Daemon worker" [_thread_blocked, id=16268, stack(0x0000003535b00000,0x0000003535c00000)]
  0x000001dbdebe1000 JavaThread "Cache worker for file hash cache (C:\Users\Halcyon\.gradle\caches\7.0.2\fileHashes)" [_thread_blocked, id=15160, stack(0x0000003535f00000,0x0000003536000000)]
  0x000001dbdebe1800 JavaThread "File lock request listener" [_thread_in_native, id=5040, stack(0x0000003536000000,0x0000003536100000)]
  0x000001dbdebe0000 JavaThread "Cache worker for journal cache (C:\Users\Halcyon\.gradle\caches\journal-1)" [_thread_blocked, id=16832, stack(0x0000003536400000,0x0000003536500000)]
  0x000001dbdebdc800 JavaThread "File watcher server" daemon [_thread_blocked, id=14356, stack(0x0000003536600000,0x0000003536700000)]
  0x000001dbdebe3800 JavaThread "File watcher consumer" daemon [_thread_blocked, id=13048, stack(0x0000003536700000,0x0000003536800000)]
  0x000001dbdebdd800 JavaThread "jar transforms" [_thread_blocked, id=9572, stack(0x0000003536800000,0x0000003536900000)]
  0x000001dbdebdf000 JavaThread "jar transforms Thread 2" [_thread_blocked, id=11308, stack(0x0000003536900000,0x0000003536a00000)]
  0x000001dbe050e000 JavaThread "jar transforms Thread 3" [_thread_blocked, id=9908, stack(0x0000003536a00000,0x0000003536b00000)]
  0x000001dbe050f000 JavaThread "jar transforms Thread 4" [_thread_blocked, id=8396, stack(0x0000003536b00000,0x0000003536c00000)]
  0x000001dbe0510000 JavaThread "jar transforms Thread 5" [_thread_blocked, id=16712, stack(0x0000003536c00000,0x0000003536d00000)]
  0x000001dbe050c800 JavaThread "jar transforms Thread 6" [_thread_blocked, id=19616, stack(0x0000003536d00000,0x0000003536e00000)]
  0x000001dbe0510800 JavaThread "jar transforms Thread 7" [_thread_blocked, id=18668, stack(0x0000003536e00000,0x0000003536f00000)]
  0x000001dbe050d800 JavaThread "jar transforms Thread 8" [_thread_blocked, id=21104, stack(0x0000003536f00000,0x0000003537000000)]
  0x000001dbe0513000 JavaThread "Cache worker for execution history cache (C:\Users\Halcyon\.gradle\caches\7.0.2\executionHistory)" [_thread_blocked, id=6752, stack(0x0000003537300000,0x0000003537400000)]
  0x000001dbe0517000 JavaThread "Cache worker for file content cache (C:\Users\Halcyon\.gradle\caches\7.0.2\fileContent)" [_thread_blocked, id=2184, stack(0x0000003537400000,0x0000003537500000)]
  0x000001dbdc8ff800 JavaThread "Memory manager" [_thread_blocked, id=8152, stack(0x0000003538000000,0x0000003538100000)]
  0x000001dbdc906800 JavaThread "pool-3-thread-1" [_thread_blocked, id=11172, stack(0x0000003538100000,0x0000003538200000)]
  0x000001dbdc901000 JavaThread "Handler for socket connection from /127.0.0.1:60427 to /127.0.0.1:60446" [_thread_in_native, id=1324, stack(0x0000003535900000,0x0000003535a00000)]
  0x000001dbdc901800 JavaThread "Cancel handler" [_thread_blocked, id=10528, stack(0x0000003535a00000,0x0000003535b00000)]
  0x000001dbdc902800 JavaThread "Asynchronous log dispatcher for DefaultDaemonConnection: socket connection from /127.0.0.1:60427 to /127.0.0.1:60446" [_thread_blocked, id=7764, stack(0x0000003535c00000,0x0000003535d00000)]
  0x000001dbdc903800 JavaThread "Stdin handler" [_thread_blocked, id=20876, stack(0x0000003535d00000,0x0000003535e00000)]
  0x000001dbdc900000 JavaThread "Daemon client event forwarder" [_thread_blocked, id=16356, stack(0x0000003535e00000,0x0000003535f00000)]
  0x000001dbe039b800 JavaThread "C2 CompilerThread1" daemon [_thread_in_native, id=15840, stack(0x0000003536500000,0x0000003536600000)]
  0x000001dbdc908800 JavaThread "Cache worker for file hash cache (C:\Users\Halcyon\Desktop\SP22\CS301\CrazyEights_lis24_millemal22_sakata24_uyechi23\.gradle\7.0.2\fileHashes)" [_thread_blocked, id=20488, stack(0x0000003537000000,0x0000003537100000)]
  0x000001dbdc904000 JavaThread "Cache worker for checksums cache (C:\Users\Halcyon\Desktop\SP22\CS301\CrazyEights_lis24_millemal22_sakata24_uyechi23\.gradle\checksums)" [_thread_blocked, id=21612, stack(0x0000003537100000,0x0000003537200000)]
  0x000001dbdc909000 JavaThread "Cache worker for cache directory md-supplier (C:\Users\Halcyon\.gradle\caches\7.0.2\md-supplier)" [_thread_blocked, id=16096, stack(0x0000003537200000,0x0000003537300000)]
  0x000001dbdc90a000 JavaThread "Cache worker for cache directory md-rule (C:\Users\Halcyon\.gradle\caches\7.0.2\md-rule)" [_thread_blocked, id=16108, stack(0x0000003537500000,0x0000003537600000)]
  0x000001dbdc90a800 JavaThread "Cache worker for dependencies-accessors (C:\Users\Halcyon\Desktop\SP22\CS301\CrazyEights_lis24_millemal22_sakata24_uyechi23\.gradle\7.0.2\dependencies-accessors)" [_thread_blocked, id=22304, stack(0x0000003537600000,0x0000003537700000)]
  0x000001dbdc905000 JavaThread "Cache worker for Build Output Cleanup Cache (C:\Users\Halcyon\Desktop\SP22\CS301\CrazyEights_lis24_millemal22_sakata24_uyechi23\.gradle\buildOutputCleanup)" [_thread_blocked, id=2644, stack(0x0000003537700000,0x0000003537800000)]
  0x000001dbe764c800 JavaThread "C2 CompilerThread2" daemon [_thread_in_native, id=7052, stack(0x0000003537800000,0x0000003537900000)]
  0x000001dbdc907800 JavaThread "Build operations" [_thread_blocked, id=17404, stack(0x0000003537900000,0x0000003537a00000)]
  0x000001dbdc90e000 JavaThread "Build operations Thread 2" [_thread_blocked, id=5788, stack(0x0000003537a00000,0x0000003537b00000)]
  0x000001dbdc90b800 JavaThread "Build operations Thread 3" [_thread_blocked, id=6452, stack(0x0000003537b00000,0x0000003537c00000)]
  0x000001dbdc90c800 JavaThread "Build operations Thread 4" [_thread_blocked, id=20228, stack(0x0000003537c00000,0x0000003537d00000)]
  0x000001dbdc90d000 JavaThread "Build operations Thread 5" [_thread_blocked, id=16496, stack(0x0000003537d00000,0x0000003537e00000)]
  0x000001dbe0511800 JavaThread "Build operations Thread 6" [_thread_blocked, id=15436, stack(0x0000003537e00000,0x0000003537f00000)]
  0x000001dbe050b800 JavaThread "Build operations Thread 7" [_thread_blocked, id=17156, stack(0x0000003538300000,0x0000003538400000)]
  0x000001dbe0514800 JavaThread "Build operations Thread 8" [_thread_blocked, id=20004, stack(0x0000003538400000,0x0000003538500000)]
  0x000001dbe0518000 JavaThread "build event listener" [_thread_blocked, id=16440, stack(0x0000003538500000,0x0000003538600000)]
  0x000001dbe0512000 JavaThread "pool-6-thread-1" [_thread_blocked, id=6948, stack(0x0000003538600000,0x0000003538700000)]
  0x000001dbe0519000 JavaThread "build event listener" [_thread_blocked, id=20848, stack(0x0000003538700000,0x0000003538800000)]
  0x000001dbe0519800 JavaThread "Execution worker for ':'" [_thread_blocked, id=8448, stack(0x0000003538800000,0x0000003538900000)]
  0x000001dbe0514000 JavaThread "Execution worker for ':' Thread 2" [_thread_blocked, id=19396, stack(0x0000003538900000,0x0000003538a00000)]
  0x000001dbe051a800 JavaThread "Execution worker for ':' Thread 3" [_thread_blocked, id=8744, stack(0x0000003538a00000,0x0000003538b00000)]
  0x000001dbdebe2800 JavaThread "Execution worker for ':' Thread 4" [_thread_blocked, id=12204, stack(0x0000003538b00000,0x0000003538c00000)]
  0x000001dbdebde800 JavaThread "Execution worker for ':' Thread 5" [_thread_blocked, id=19408, stack(0x0000003538c00000,0x0000003538d00000)]
  0x000001dbe1c91000 JavaThread "Execution worker for ':' Thread 6" [_thread_blocked, id=9192, stack(0x0000003538d00000,0x0000003538e00000)]
  0x000001dbe1c90000 JavaThread "Execution worker for ':' Thread 7" [_thread_blocked, id=19780, stack(0x0000003538e00000,0x0000003538f00000)]
  0x000001dbe1c92800 JavaThread "Cache worker for execution history cache (C:\Users\Halcyon\Desktop\SP22\CS301\CrazyEights_lis24_millemal22_sakata24_uyechi23\.gradle\7.0.2\executionHistory)" [_thread_blocked, id=7484, stack(0x0000003538f00000,0x0000003539000000)]
  0x000001dbe1c91800 JavaThread "WorkerExecutor Queue" [_thread_blocked, id=21132, stack(0x0000003539000000,0x0000003539100000)]

Other Threads:
=>0x000001dbdc3af000 VMThread "VM Thread" [stack: 0x0000003534300000,0x0000003534400000] [id=17456]
  0x000001dbdc5a5000 WatcherThread [stack: 0x0000003534d00000,0x0000003534e00000] [id=13440]
  0x000001dbc16e8800 GCTaskThread "GC Thread#0" [stack: 0x0000003533e00000,0x0000003533f00000] [id=13416]
  0x000001dbdcce9800 GCTaskThread "GC Thread#1" [stack: 0x0000003535000000,0x0000003535100000] [id=18608]
  0x000001dbdd45b800 GCTaskThread "GC Thread#2" [stack: 0x0000003535100000,0x0000003535200000] [id=13704]
  0x000001dbdd477000 GCTaskThread "GC Thread#3" [stack: 0x0000003535200000,0x0000003535300000] [id=9820]
  0x000001dbdcb13800 GCTaskThread "GC Thread#4" [stack: 0x0000003535300000,0x0000003535400000] [id=15356]
  0x000001dbdca69000 GCTaskThread "GC Thread#5" [stack: 0x0000003535400000,0x0000003535500000] [id=17240]
  0x000001dbdef4d800 GCTaskThread "GC Thread#6" [stack: 0x0000003536100000,0x0000003536200000] [id=4200]
  0x000001dbddec8800 GCTaskThread "GC Thread#7" [stack: 0x0000003536200000,0x0000003536300000] [id=17412]
  0x000001dbc171a800 ConcurrentGCThread "G1 Main Marker" [stack: 0x0000003533f00000,0x0000003534000000] [id=21480]
  0x000001dbc171b800 ConcurrentGCThread "G1 Conc#0" [stack: 0x0000003534000000,0x0000003534100000] [id=15740]
  0x000001dbdd21a800 ConcurrentGCThread "G1 Conc#1" [stack: 0x0000003536300000,0x0000003536400000] [id=13248]
  0x000001dbc17ae000 ConcurrentGCThread "G1 Refine#0" [stack: 0x0000003534100000,0x0000003534200000] [id=6828]
  0x000001dbe4a7c800 ConcurrentGCThread "G1 Refine#1" [stack: 0x0000003537f00000,0x0000003538000000] [id=17596]
  0x000001dbe21b8800 ConcurrentGCThread "G1 Refine#2" [stack: 0x0000003539100000,0x0000003539200000] [id=1156]
  0x000001dbe21b9800 ConcurrentGCThread "G1 Refine#3" [stack: 0x0000003539200000,0x0000003539300000] [id=10260]
  0x000001dbe21ba000 ConcurrentGCThread "G1 Refine#4" [stack: 0x0000003539300000,0x0000003539400000] [id=14000]
  0x000001dbe21b7000 ConcurrentGCThread "G1 Refine#5" [stack: 0x0000003539400000,0x0000003539500000] [id=16720]
  0x000001dbdb9fa800 ConcurrentGCThread "G1 Young RemSet Sampling" [stack: 0x0000003534200000,0x0000003534300000] [id=7432]

Threads with active compile tasks:
C2 CompilerThread0  35459 16474       4       com.android.tools.r8.internal.X4::a (1165 bytes)
C2 CompilerThread1  35459 15499 %     4       com.android.tools.r8.ir.regalloc.a::a @ 2204 (3985 bytes)
C2 CompilerThread2  35459 15189 %     4       com.android.tools.r8.ir.regalloc.a::a @ 1542 (1824 bytes)

VM state:at safepoint (normal execution)

VM Mutex/Monitor currently owned by a thread:  ([mutex/lock_event])
[0x000001dbc16d0cb0] Threads_lock - owner thread: 0x000001dbdc3af000
[0x000001dbc16d0950] Heap_lock - owner thread: 0x000001dbe050b800

Heap address: 0x0000000080000000, size: 2048 MB, Compressed Oops mode: 32-bit
Narrow klass base: 0x0000000000000000, Narrow klass shift: 3
Compressed class space size: 1073741824 Address: 0x0000000100000000

Heap:
 garbage-first heap   total 368640K, used 188189K [0x0000000080000000, 0x0000000100000000)
  region size 1024K, 4 young (4096K), 4 survivors (4096K)
 Metaspace       used 120636K, capacity 123914K, committed 124108K, reserved 1157120K
  class space    used 15271K, capacity 16454K, committed 16588K, reserved 1048576K
Heap Regions: E=young(eden), S=young(survivor), O=old, HS=humongous(starts), HC=humongous(continues), CS=collection set, F=free, A=archive, TAMS=top-at-mark-start (previous, next)
|   0|0x0000000080000000, 0x0000000080100000, 0x0000000080100000|100%| O|  |TAMS 0x0000000080100000, 0x0000000080000000| Untracked 
|   1|0x0000000080100000, 0x0000000080200000, 0x0000000080200000|100%| O|  |TAMS 0x0000000080200000, 0x0000000080100000| Untracked 
|   2|0x0000000080200000, 0x0000000080300000, 0x0000000080300000|100%| O|  |TAMS 0x0000000080300000, 0x0000000080200000| Untracked 
|   3|0x0000000080300000, 0x0000000080400000, 0x0000000080400000|100%|HS|  |TAMS 0x0000000080400000, 0x0000000080300000| Complete 
|   4|0x0000000080400000, 0x0000000080500000, 0x0000000080500000|100%|HC|  |TAMS 0x0000000080500000, 0x0000000080400000| Complete 
|   5|0x0000000080500000, 0x0000000080600000, 0x0000000080600000|100%|HC|  |TAMS 0x0000000080600000, 0x0000000080500000| Complete 
|   6|0x0000000080600000, 0x0000000080700000, 0x0000000080700000|100%| O|  |TAMS 0x0000000080700000, 0x0000000080600000| Untracked 
|   7|0x0000000080700000, 0x0000000080800000, 0x0000000080800000|100%| O|  |TAMS 0x0000000080800000, 0x0000000080700000| Untracked 
|   8|0x0000000080800000, 0x0000000080900000, 0x0000000080900000|100%| O|  |TAMS 0x0000000080900000, 0x0000000080800000| Untracked 
|   9|0x0000000080900000, 0x0000000080a00000, 0x0000000080a00000|100%| O|  |TAMS 0x0000000080a00000, 0x0000000080900000| Untracked 
|  10|0x0000000080a00000, 0x0000000080b00000, 0x0000000080b00000|100%| O|  |TAMS 0x0000000080b00000, 0x0000000080a00000| Untracked 
|  11|0x0000000080b00000, 0x0000000080c00000, 0x0000000080c00000|100%| O|  |TAMS 0x0000000080c00000, 0x0000000080b00000| Untracked 
|  12|0x0000000080c00000, 0x0000000080d00000, 0x0000000080d00000|100%| O|  |TAMS 0x0000000080d00000, 0x0000000080c00000| Untracked 
|  13|0x0000000080d00000, 0x0000000080e00000, 0x0000000080e00000|100%| O|  |TAMS 0x0000000080e00000, 0x0000000080d00000| Untracked 
|  14|0x0000000080e00000, 0x0000000080f00000, 0x0000000080f00000|100%| O|  |TAMS 0x0000000080f00000, 0x0000000080e00000| Untracked 
|  15|0x0000000080f00000, 0x0000000081000000, 0x0000000081000000|100%| O|  |TAMS 0x0000000081000000, 0x0000000080f00000| Untracked 
|  16|0x0000000081000000, 0x0000000081100000, 0x0000000081100000|100%| O|  |TAMS 0x0000000081100000, 0x0000000081000000| Untracked 
|  17|0x0000000081100000, 0x0000000081200000, 0x0000000081200000|100%|HS|  |TAMS 0x0000000081200000, 0x0000000081100000| Complete 
|  18|0x0000000081200000, 0x0000000081300000, 0x0000000081300000|100%|HC|  |TAMS 0x0000000081300000, 0x0000000081200000| Complete 
|  19|0x0000000081300000, 0x0000000081400000, 0x0000000081400000|100%|HS|  |TAMS 0x0000000081400000, 0x0000000081300000| Complete 
|  20|0x0000000081400000, 0x0000000081500000, 0x0000000081500000|100%|HC|  |TAMS 0x0000000081500000, 0x0000000081400000| Complete 
|  21|0x0000000081500000, 0x0000000081600000, 0x0000000081600000|100%|HC|  |TAMS 0x0000000081600000, 0x0000000081500000| Complete 
|  22|0x0000000081600000, 0x0000000081700000, 0x0000000081700000|100%|HS|  |TAMS 0x0000000081700000, 0x0000000081600000| Complete 
|  23|0x0000000081700000, 0x0000000081800000, 0x0000000081800000|100%|HC|  |TAMS 0x0000000081800000, 0x0000000081700000| Complete 
|  24|0x0000000081800000, 0x0000000081900000, 0x0000000081900000|100%|HC|  |TAMS 0x0000000081900000, 0x0000000081800000| Complete 
|  25|0x0000000081900000, 0x0000000081a00000, 0x0000000081a00000|100%|HC|  |TAMS 0x0000000081a00000, 0x0000000081900000| Complete 
|  26|0x0000000081a00000, 0x0000000081b00000, 0x0000000081b00000|100%|HC|  |TAMS 0x0000000081b00000, 0x0000000081a00000| Complete 
|  27|0x0000000081b00000, 0x0000000081c00000, 0x0000000081c00000|100%|HS|  |TAMS 0x0000000081c00000, 0x0000000081b00000| Complete 
|  28|0x0000000081c00000, 0x0000000081d00000, 0x0000000081d00000|100%|HS|  |TAMS 0x0000000081d00000, 0x0000000081c00000| Complete 
|  29|0x0000000081d00000, 0x0000000081e00000, 0x0000000081e00000|100%| O|  |TAMS 0x0000000081e00000, 0x0000000081d00000| Untracked 
|  30|0x0000000081e00000, 0x0000000081f00000, 0x0000000081f00000|100%|HS|  |TAMS 0x0000000081f00000, 0x0000000081e00000| Complete 
|  31|0x0000000081f00000, 0x0000000082000000, 0x0000000082000000|100%|HC|  |TAMS 0x0000000082000000, 0x0000000081f00000| Complete 
|  32|0x0000000082000000, 0x0000000082100000, 0x0000000082100000|100%|HC|  |TAMS 0x0000000082100000, 0x0000000082000000| Complete 
|  33|0x0000000082100000, 0x0000000082200000, 0x0000000082200000|100%|HC|  |TAMS 0x0000000082200000, 0x0000000082100000| Complete 
|  34|0x0000000082200000, 0x0000000082300000, 0x0000000082300000|100%|HC|  |TAMS 0x0000000082300000, 0x0000000082200000| Complete 
|  35|0x0000000082300000, 0x0000000082400000, 0x0000000082400000|100%|HS|  |TAMS 0x0000000082400000, 0x0000000082300000| Complete 
|  36|0x0000000082400000, 0x0000000082500000, 0x0000000082500000|100%|HC|  |TAMS 0x0000000082500000, 0x0000000082400000| Complete 
|  37|0x0000000082500000, 0x0000000082600000, 0x0000000082600000|100%|HC|  |TAMS 0x0000000082600000, 0x0000000082500000| Complete 
|  38|0x0000000082600000, 0x0000000082700000, 0x0000000082700000|100%| O|  |TAMS 0x0000000082700000, 0x0000000082600000| Untracked 
|  39|0x0000000082700000, 0x0000000082800000, 0x0000000082800000|100%| O|  |TAMS 0x0000000082800000, 0x0000000082700000| Untracked 
|  40|0x0000000082800000, 0x0000000082900000, 0x0000000082900000|100%| O|  |TAMS 0x0000000082900000, 0x0000000082800000| Untracked 
|  41|0x0000000082900000, 0x0000000082a00000, 0x0000000082a00000|100%|HS|  |TAMS 0x0000000082a00000, 0x0000000082900000| Complete 
|  42|0x0000000082a00000, 0x0000000082b00000, 0x0000000082b00000|100%|HC|  |TAMS 0x0000000082b00000, 0x0000000082a00000| Complete 
|  43|0x0000000082b00000, 0x0000000082c00000, 0x0000000082c00000|100%| O|  |TAMS 0x0000000082c00000, 0x0000000082b00000| Untracked 
|  44|0x0000000082c00000, 0x0000000082d00000, 0x0000000082d00000|100%| O|  |TAMS 0x0000000082d00000, 0x0000000082c00000| Untracked 
|  45|0x0000000082d00000, 0x0000000082e00000, 0x0000000082e00000|100%| O|  |TAMS 0x0000000082e00000, 0x0000000082d00000| Untracked 
|  46|0x0000000082e00000, 0x0000000082f00000, 0x0000000082f00000|100%| O|  |TAMS 0x0000000082f00000, 0x0000000082e00000| Untracked 
|  47|0x0000000082f00000, 0x0000000083000000, 0x0000000083000000|100%| O|  |TAMS 0x0000000083000000, 0x0000000082f00000| Untracked 
|  48|0x0000000083000000, 0x0000000083100000, 0x0000000083100000|100%| O|  |TAMS 0x0000000083100000, 0x0000000083000000| Untracked 
|  49|0x0000000083100000, 0x0000000083200000, 0x0000000083200000|100%| O|  |TAMS 0x0000000083200000, 0x0000000083100000| Untracked 
|  50|0x0000000083200000, 0x0000000083300000, 0x0000000083300000|100%| O|  |TAMS 0x0000000083300000, 0x0000000083200000| Untracked 
|  51|0x0000000083300000, 0x0000000083400000, 0x0000000083400000|100%| O|  |TAMS 0x0000000083400000, 0x0000000083300000| Untracked 
|  52|0x0000000083400000, 0x0000000083500000, 0x0000000083500000|100%| O|  |TAMS 0x0000000083500000, 0x0000000083400000| Untracked 
|  53|0x0000000083500000, 0x0000000083600000, 0x0000000083600000|100%| O|  |TAMS 0x0000000083600000, 0x0000000083500000| Untracked 
|  54|0x0000000083600000, 0x0000000083700000, 0x0000000083700000|100%| O|  |TAMS 0x0000000083700000, 0x0000000083600000| Untracked 
|  55|0x0000000083700000, 0x0000000083800000, 0x0000000083800000|100%| O|  |TAMS 0x0000000083800000, 0x0000000083700000| Untracked 
|  56|0x0000000083800000, 0x0000000083900000, 0x0000000083900000|100%| O|  |TAMS 0x0000000083900000, 0x0000000083800000| Untracked 
|  57|0x0000000083900000, 0x0000000083a00000, 0x0000000083a00000|100%| O|  |TAMS 0x0000000083a00000, 0x0000000083900000| Untracked 
|  58|0x0000000083a00000, 0x0000000083b00000, 0x0000000083b00000|100%| O|  |TAMS 0x0000000083b00000, 0x0000000083a00000| Untracked 
|  59|0x0000000083b00000, 0x0000000083c00000, 0x0000000083c00000|100%| O|  |TAMS 0x0000000083c00000, 0x0000000083b00000| Untracked 
|  60|0x0000000083c00000, 0x0000000083d00000, 0x0000000083d00000|100%| O|  |TAMS 0x0000000083d00000, 0x0000000083c00000| Untracked 
|  61|0x0000000083d00000, 0x0000000083e00000, 0x0000000083e00000|100%| O|  |TAMS 0x0000000083e00000, 0x0000000083d00000| Untracked 
|  62|0x0000000083e00000, 0x0000000083f00000, 0x0000000083f00000|100%| O|  |TAMS 0x0000000083f00000, 0x0000000083e00000| Untracked 
|  63|0x0000000083f00000, 0x0000000084000000, 0x0000000084000000|100%| O|  |TAMS 0x0000000084000000, 0x0000000083f00000| Untracked 
|  64|0x0000000084000000, 0x0000000084100000, 0x0000000084100000|100%| O|  |TAMS 0x0000000084100000, 0x0000000084000000| Untracked 
|  65|0x0000000084100000, 0x0000000084200000, 0x0000000084200000|100%| O|  |TAMS 0x0000000084200000, 0x0000000084100000| Untracked 
|  66|0x0000000084200000, 0x0000000084300000, 0x0000000084300000|100%| O|  |TAMS 0x0000000084300000, 0x0000000084200000| Untracked 
|  67|0x0000000084300000, 0x0000000084400000, 0x0000000084400000|100%| O|  |TAMS 0x0000000084400000, 0x0000000084300000| Untracked 
|  68|0x0000000084400000, 0x0000000084500000, 0x0000000084500000|100%| O|  |TAMS 0x0000000084500000, 0x0000000084400000| Untracked 
|  69|0x0000000084500000, 0x0000000084600000, 0x0000000084600000|100%| O|  |TAMS 0x0000000084600000, 0x0000000084500000| Untracked 
|  70|0x0000000084600000, 0x0000000084700000, 0x0000000084700000|100%| O|  |TAMS 0x0000000084700000, 0x0000000084600000| Untracked 
|  71|0x0000000084700000, 0x0000000084800000, 0x0000000084800000|100%| O|  |TAMS 0x0000000084800000, 0x0000000084700000| Untracked 
|  72|0x0000000084800000, 0x0000000084900000, 0x0000000084900000|100%| O|  |TAMS 0x0000000084900000, 0x0000000084800000| Untracked 
|  73|0x0000000084900000, 0x0000000084a00000, 0x0000000084a00000|100%| O|  |TAMS 0x0000000084a00000, 0x0000000084900000| Untracked 
|  74|0x0000000084a00000, 0x0000000084b00000, 0x0000000084b00000|100%| O|  |TAMS 0x0000000084b00000, 0x0000000084a00000| Untracked 
|  75|0x0000000084b00000, 0x0000000084c00000, 0x0000000084c00000|100%| O|  |TAMS 0x0000000084c00000, 0x0000000084b00000| Untracked 
|  76|0x0000000084c00000, 0x0000000084d00000, 0x0000000084d00000|100%| O|  |TAMS 0x0000000084d00000, 0x0000000084c00000| Untracked 
|  77|0x0000000084d00000, 0x0000000084e00000, 0x0000000084e00000|100%| O|  |TAMS 0x0000000084e00000, 0x0000000084d00000| Untracked 
|  78|0x0000000084e00000, 0x0000000084f00000, 0x0000000084f00000|100%| O|  |TAMS 0x0000000084f00000, 0x0000000084e00000| Untracked 
|  79|0x0000000084f00000, 0x0000000085000000, 0x0000000085000000|100%| O|  |TAMS 0x0000000085000000, 0x0000000084f00000| Untracked 
|  80|0x0000000085000000, 0x0000000085100000, 0x0000000085100000|100%| O|  |TAMS 0x0000000085100000, 0x0000000085000000| Untracked 
|  81|0x0000000085100000, 0x0000000085200000, 0x0000000085200000|100%| O|  |TAMS 0x0000000085200000, 0x0000000085100000| Untracked 
|  82|0x0000000085200000, 0x0000000085300000, 0x0000000085300000|100%| O|  |TAMS 0x0000000085300000, 0x0000000085200000| Untracked 
|  83|0x0000000085300000, 0x0000000085400000, 0x0000000085400000|100%| O|  |TAMS 0x0000000085400000, 0x0000000085300000| Untracked 
|  84|0x0000000085400000, 0x0000000085500000, 0x0000000085500000|100%| O|  |TAMS 0x0000000085500000, 0x0000000085400000| Untracked 
|  85|0x0000000085500000, 0x0000000085600000, 0x0000000085600000|100%| O|  |TAMS 0x0000000085600000, 0x0000000085500000| Untracked 
|  86|0x0000000085600000, 0x0000000085700000, 0x0000000085700000|100%| O|  |TAMS 0x0000000085700000, 0x0000000085600000| Untracked 
|  87|0x0000000085700000, 0x0000000085800000, 0x0000000085800000|100%| O|  |TAMS 0x0000000085800000, 0x0000000085700000| Untracked 
|  88|0x0000000085800000, 0x0000000085900000, 0x0000000085900000|100%| O|  |TAMS 0x0000000085900000, 0x0000000085800000| Untracked 
|  89|0x0000000085900000, 0x0000000085a00000, 0x0000000085a00000|100%| O|  |TAMS 0x0000000085a00000, 0x0000000085900000| Untracked 
|  90|0x0000000085a00000, 0x0000000085b00000, 0x0000000085b00000|100%| O|  |TAMS 0x0000000085b00000, 0x0000000085a00000| Untracked 
|  91|0x0000000085b00000, 0x0000000085c00000, 0x0000000085c00000|100%| O|  |TAMS 0x0000000085c00000, 0x0000000085b00000| Untracked 
|  92|0x0000000085c00000, 0x0000000085d00000, 0x0000000085d00000|100%| O|  |TAMS 0x0000000085d00000, 0x0000000085c00000| Untracked 
|  93|0x0000000085d00000, 0x0000000085e00000, 0x0000000085e00000|100%| O|  |TAMS 0x0000000085e00000, 0x0000000085d00000| Untracked 
|  94|0x0000000085e00000, 0x0000000085f00000, 0x0000000085f00000|100%| O|  |TAMS 0x0000000085f00000, 0x0000000085e00000| Untracked 
|  95|0x0000000085f00000, 0x0000000086000000, 0x0000000086000000|100%| O|  |TAMS 0x0000000086000000, 0x0000000085f00000| Untracked 
|  96|0x0000000086000000, 0x0000000086100000, 0x0000000086100000|100%| O|  |TAMS 0x0000000086100000, 0x0000000086000000| Untracked 
|  97|0x0000000086100000, 0x0000000086200000, 0x0000000086200000|100%| O|  |TAMS 0x0000000086200000, 0x0000000086100000| Untracked 
|  98|0x0000000086200000, 0x0000000086300000, 0x0000000086300000|100%| O|  |TAMS 0x0000000086300000, 0x0000000086200000| Untracked 
|  99|0x0000000086300000, 0x0000000086400000, 0x0000000086400000|100%| O|  |TAMS 0x0000000086400000, 0x0000000086300000| Untracked 
| 100|0x0000000086400000, 0x0000000086500000, 0x0000000086500000|100%| O|  |TAMS 0x0000000086500000, 0x0000000086400000| Untracked 
| 101|0x0000000086500000, 0x0000000086600000, 0x0000000086600000|100%| O|  |TAMS 0x0000000086600000, 0x0000000086500000| Untracked 
| 102|0x0000000086600000, 0x0000000086700000, 0x0000000086700000|100%| O|  |TAMS 0x0000000086700000, 0x0000000086600000| Untracked 
| 103|0x0000000086700000, 0x0000000086800000, 0x0000000086800000|100%| O|  |TAMS 0x0000000086800000, 0x0000000086700000| Untracked 
| 104|0x0000000086800000, 0x0000000086900000, 0x0000000086900000|100%| O|  |TAMS 0x0000000086900000, 0x0000000086800000| Untracked 
| 105|0x0000000086900000, 0x0000000086a00000, 0x0000000086a00000|100%| O|  |TAMS 0x0000000086a00000, 0x0000000086900000| Untracked 
| 106|0x0000000086a00000, 0x0000000086a00000, 0x0000000086b00000|  0%| F|  |TAMS 0x0000000086a00000, 0x0000000086a00000| Untracked 
| 107|0x0000000086b00000, 0x0000000086c00000, 0x0000000086c00000|100%| O|  |TAMS 0x0000000086c00000, 0x0000000086b00000| Untracked 
| 108|0x0000000086c00000, 0x0000000086d00000, 0x0000000086d00000|100%| O|  |TAMS 0x0000000086d00000, 0x0000000086c00000| Untracked 
| 109|0x0000000086d00000, 0x0000000086e00000, 0x0000000086e00000|100%| O|  |TAMS 0x0000000086e00000, 0x0000000086d00000| Untracked 
| 110|0x0000000086e00000, 0x0000000086f00000, 0x0000000086f00000|100%| O|  |TAMS 0x0000000086f00000, 0x0000000086e00000| Untracked 
| 111|0x0000000086f00000, 0x0000000086f86e00, 0x0000000087000000| 52%| O|  |TAMS 0x0000000086f86e00, 0x0000000086f00000| Untracked 
| 112|0x0000000087000000, 0x0000000087100000, 0x0000000087100000|100%| O|  |TAMS 0x0000000087100000, 0x0000000087000000| Untracked 
| 113|0x0000000087100000, 0x0000000087200000, 0x0000000087200000|100%| O|  |TAMS 0x0000000087200000, 0x0000000087100000| Untracked 
| 114|0x0000000087200000, 0x0000000087300000, 0x0000000087300000|100%| O|  |TAMS 0x0000000087300000, 0x0000000087200000| Untracked 
| 115|0x0000000087300000, 0x0000000087400000, 0x0000000087400000|100%| O|  |TAMS 0x0000000087400000, 0x0000000087300000| Untracked 
| 116|0x0000000087400000, 0x0000000087500000, 0x0000000087500000|100%| O|  |TAMS 0x0000000087500000, 0x0000000087400000| Untracked 
| 117|0x0000000087500000, 0x0000000087600000, 0x0000000087600000|100%| O|  |TAMS 0x0000000087600000, 0x0000000087500000| Untracked 
| 118|0x0000000087600000, 0x0000000087700000, 0x0000000087700000|100%| O|  |TAMS 0x0000000087700000, 0x0000000087600000| Untracked 
| 119|0x0000000087700000, 0x0000000087800000, 0x0000000087800000|100%| O|  |TAMS 0x0000000087800000, 0x0000000087700000| Untracked 
| 120|0x0000000087800000, 0x0000000087900000, 0x0000000087900000|100%| O|  |TAMS 0x0000000087900000, 0x0000000087800000| Untracked 
| 121|0x0000000087900000, 0x0000000087a00000, 0x0000000087a00000|100%| O|  |TAMS 0x0000000087a00000, 0x0000000087900000| Untracked 
| 122|0x0000000087a00000, 0x0000000087b00000, 0x0000000087b00000|100%| O|  |TAMS 0x0000000087b00000, 0x0000000087a00000| Untracked 
| 123|0x0000000087b00000, 0x0000000087b00000, 0x0000000087c00000|  0%| F|  |TAMS 0x0000000087b00000, 0x0000000087b00000| Untracked 
| 124|0x0000000087c00000, 0x0000000087d00000, 0x0000000087d00000|100%| O|  |TAMS 0x0000000087d00000, 0x0000000087c00000| Untracked 
| 125|0x0000000087d00000, 0x0000000087e00000, 0x0000000087e00000|100%| O|  |TAMS 0x0000000087e00000, 0x0000000087d00000| Untracked 
| 126|0x0000000087e00000, 0x0000000087f00000, 0x0000000087f00000|100%| O|  |TAMS 0x0000000087f00000, 0x0000000087e00000| Untracked 
| 127|0x0000000087f00000, 0x0000000088000000, 0x0000000088000000|100%| O|  |TAMS 0x0000000088000000, 0x0000000087f00000| Untracked 
| 128|0x0000000088000000, 0x0000000088100000, 0x0000000088100000|100%| O|  |TAMS 0x0000000088100000, 0x0000000088000000| Untracked 
| 129|0x0000000088100000, 0x0000000088200000, 0x0000000088200000|100%| O|  |TAMS 0x0000000088200000, 0x0000000088100000| Untracked 
| 130|0x0000000088200000, 0x0000000088300000, 0x0000000088300000|100%| O|  |TAMS 0x0000000088300000, 0x0000000088200000| Untracked 
| 131|0x0000000088300000, 0x0000000088400000, 0x0000000088400000|100%| O|  |TAMS 0x0000000088400000, 0x0000000088300000| Untracked 
| 132|0x0000000088400000, 0x0000000088500000, 0x0000000088500000|100%| O|  |TAMS 0x0000000088500000, 0x0000000088400000| Untracked 
| 133|0x0000000088500000, 0x0000000088500000, 0x0000000088600000|  0%| F|  |TAMS 0x0000000088500000, 0x0000000088500000| Untracked 
| 134|0x0000000088600000, 0x0000000088700000, 0x0000000088700000|100%| O|  |TAMS 0x0000000088700000, 0x0000000088600000| Untracked 
| 135|0x0000000088700000, 0x0000000088800000, 0x0000000088800000|100%| O|  |TAMS 0x0000000088800000, 0x0000000088700000| Untracked 
| 136|0x0000000088800000, 0x0000000088900000, 0x0000000088900000|100%| O|  |TAMS 0x0000000088900000, 0x0000000088800000| Untracked 
| 137|0x0000000088900000, 0x0000000088a00000, 0x0000000088a00000|100%| O|  |TAMS 0x0000000088a00000, 0x0000000088900000| Untracked 
| 138|0x0000000088a00000, 0x0000000088b00000, 0x0000000088b00000|100%| O|  |TAMS 0x0000000088b00000, 0x0000000088a00000| Untracked 
| 139|0x0000000088b00000, 0x0000000088c00000, 0x0000000088c00000|100%| O|  |TAMS 0x0000000088c00000, 0x0000000088b00000| Untracked 
| 140|0x0000000088c00000, 0x0000000088d00000, 0x0000000088d00000|100%| O|  |TAMS 0x0000000088d00000, 0x0000000088c00000| Untracked 
| 141|0x0000000088d00000, 0x0000000088e00000, 0x0000000088e00000|100%| O|  |TAMS 0x0000000088e00000, 0x0000000088d00000| Untracked 
| 142|0x0000000088e00000, 0x0000000088f00000, 0x0000000088f00000|100%| O|  |TAMS 0x0000000088f00000, 0x0000000088e00000| Untracked 
| 143|0x0000000088f00000, 0x0000000089000000, 0x0000000089000000|100%| O|  |TAMS 0x0000000089000000, 0x0000000088f00000| Untracked 
| 144|0x0000000089000000, 0x0000000089100000, 0x0000000089100000|100%| O|  |TAMS 0x0000000089100000, 0x0000000089000000| Untracked 
| 145|0x0000000089100000, 0x0000000089200000, 0x0000000089200000|100%| O|  |TAMS 0x0000000089200000, 0x0000000089100000| Untracked 
| 146|0x0000000089200000, 0x0000000089200000, 0x0000000089300000|  0%| F|  |TAMS 0x0000000089200000, 0x0000000089200000| Untracked 
| 147|0x0000000089300000, 0x0000000089400000, 0x0000000089400000|100%| O|  |TAMS 0x0000000089400000, 0x0000000089300000| Untracked 
| 148|0x0000000089400000, 0x0000000089500000, 0x0000000089500000|100%| O|  |TAMS 0x0000000089500000, 0x0000000089400000| Untracked 
| 149|0x0000000089500000, 0x0000000089600000, 0x0000000089600000|100%| O|  |TAMS 0x0000000089600000, 0x0000000089500000| Untracked 
| 150|0x0000000089600000, 0x0000000089700000, 0x0000000089700000|100%| O|  |TAMS 0x0000000089700000, 0x0000000089600000| Untracked 
| 151|0x0000000089700000, 0x0000000089800000, 0x0000000089800000|100%| O|  |TAMS 0x0000000089800000, 0x0000000089700000| Untracked 
| 152|0x0000000089800000, 0x0000000089900000, 0x0000000089900000|100%| O|  |TAMS 0x0000000089900000, 0x0000000089800000| Untracked 
| 153|0x0000000089900000, 0x0000000089a00000, 0x0000000089a00000|100%| O|  |TAMS 0x0000000089a00000, 0x0000000089900000| Untracked 
| 154|0x0000000089a00000, 0x0000000089b00000, 0x0000000089b00000|100%| O|  |TAMS 0x0000000089b00000, 0x0000000089a00000| Untracked 
| 155|0x0000000089b00000, 0x0000000089c00000, 0x0000000089c00000|100%| O|  |TAMS 0x0000000089c00000, 0x0000000089b00000| Untracked 
| 156|0x0000000089c00000, 0x0000000089d00000, 0x0000000089d00000|100%| O|  |TAMS 0x0000000089d00000, 0x0000000089c00000| Untracked 
| 157|0x0000000089d00000, 0x0000000089e00000, 0x0000000089e00000|100%| O|  |TAMS 0x0000000089e00000, 0x0000000089d00000| Untracked 
| 158|0x0000000089e00000, 0x0000000089e00000, 0x0000000089f00000|  0%| F|  |TAMS 0x0000000089e00000, 0x0000000089e00000| Untracked 
| 159|0x0000000089f00000, 0x000000008a000000, 0x000000008a000000|100%| O|  |TAMS 0x000000008a000000, 0x0000000089f00000| Untracked 
| 160|0x000000008a000000, 0x000000008a100000, 0x000000008a100000|100%| O|  |TAMS 0x000000008a100000, 0x000000008a000000| Untracked 
| 161|0x000000008a100000, 0x000000008a200000, 0x000000008a200000|100%| O|  |TAMS 0x000000008a200000, 0x000000008a100000| Untracked 
| 162|0x000000008a200000, 0x000000008a300000, 0x000000008a300000|100%| O|  |TAMS 0x000000008a300000, 0x000000008a200000| Untracked 
| 163|0x000000008a300000, 0x000000008a400000, 0x000000008a400000|100%| O|  |TAMS 0x000000008a400000, 0x000000008a300000| Untracked 
| 164|0x000000008a400000, 0x000000008a500000, 0x000000008a500000|100%| O|  |TAMS 0x000000008a500000, 0x000000008a400000| Untracked 
| 165|0x000000008a500000, 0x000000008a600000, 0x000000008a600000|100%| O|  |TAMS 0x000000008a600000, 0x000000008a500000| Untracked 
| 166|0x000000008a600000, 0x000000008a600000, 0x000000008a700000|  0%| F|  |TAMS 0x000000008a600000, 0x000000008a600000| Untracked 
| 167|0x000000008a700000, 0x000000008a800000, 0x000000008a800000|100%| O|  |TAMS 0x000000008a800000, 0x000000008a700000| Untracked 
| 168|0x000000008a800000, 0x000000008a900000, 0x000000008a900000|100%| O|  |TAMS 0x000000008a900000, 0x000000008a800000| Untracked 
| 169|0x000000008a900000, 0x000000008aa00000, 0x000000008aa00000|100%| O|  |TAMS 0x000000008aa00000, 0x000000008a900000| Untracked 
| 170|0x000000008aa00000, 0x000000008ab00000, 0x000000008ab00000|100%| O|  |TAMS 0x000000008ab00000, 0x000000008aa00000| Untracked 
| 171|0x000000008ab00000, 0x000000008ac00000, 0x000000008ac00000|100%| O|  |TAMS 0x000000008ac00000, 0x000000008ab00000| Untracked 
| 172|0x000000008ac00000, 0x000000008ad00000, 0x000000008ad00000|100%| O|  |TAMS 0x000000008ad00000, 0x000000008ac00000| Untracked 
| 173|0x000000008ad00000, 0x000000008ae00000, 0x000000008ae00000|100%| O|  |TAMS 0x000000008ae00000, 0x000000008ad00000| Untracked 
| 174|0x000000008ae00000, 0x000000008af00000, 0x000000008af00000|100%| O|  |TAMS 0x000000008af00000, 0x000000008ae00000| Untracked 
| 175|0x000000008af00000, 0x000000008b000000, 0x000000008b000000|100%| O|  |TAMS 0x000000008b000000, 0x000000008af00000| Untracked 
| 176|0x000000008b000000, 0x000000008b100000, 0x000000008b100000|100%| O|  |TAMS 0x000000008b100000, 0x000000008b000000| Untracked 
| 177|0x000000008b100000, 0x000000008b200000, 0x000000008b200000|100%| O|  |TAMS 0x000000008b200000, 0x000000008b100000| Untracked 
| 178|0x000000008b200000, 0x000000008b300000, 0x000000008b300000|100%| O|  |TAMS 0x000000008b300000, 0x000000008b200000| Untracked 
| 179|0x000000008b300000, 0x000000008b400000, 0x000000008b400000|100%| O|  |TAMS 0x000000008b400000, 0x000000008b300000| Untracked 
| 180|0x000000008b400000, 0x000000008b500000, 0x000000008b500000|100%| O|  |TAMS 0x000000008b500000, 0x000000008b400000| Untracked 
| 181|0x000000008b500000, 0x000000008b600000, 0x000000008b600000|100%| O|  |TAMS 0x000000008b600000, 0x000000008b500000| Untracked 
| 182|0x000000008b600000, 0x000000008b700000, 0x000000008b700000|100%| O|  |TAMS 0x000000008b700000, 0x000000008b600000| Untracked 
| 183|0x000000008b700000, 0x000000008b800000, 0x000000008b800000|100%| O|  |TAMS 0x000000008b800000, 0x000000008b700000| Untracked 
| 184|0x000000008b800000, 0x000000008b900000, 0x000000008b900000|100%| O|  |TAMS 0x000000008b900000, 0x000000008b800000| Untracked 
| 185|0x000000008b900000, 0x000000008ba00000, 0x000000008ba00000|100%| O|  |TAMS 0x000000008ba00000, 0x000000008b900000| Untracked 
| 186|0x000000008ba00000, 0x000000008bb00000, 0x000000008bb00000|100%| O|  |TAMS 0x000000008bb00000, 0x000000008ba00000| Untracked 
| 187|0x000000008bb00000, 0x000000008bb00000, 0x000000008bc00000|  0%| F|  |TAMS 0x000000008bb00000, 0x000000008bb00000| Untracked 
| 188|0x000000008bc00000, 0x000000008bc00000, 0x000000008bd00000|  0%| F|  |TAMS 0x000000008bc00000, 0x000000008bc00000| Untracked 
| 189|0x000000008bd00000, 0x000000008bd00000, 0x000000008be00000|  0%| F|  |TAMS 0x000000008bd00000, 0x000000008bd00000| Untracked 
| 190|0x000000008be00000, 0x000000008be00000, 0x000000008bf00000|  0%| F|  |TAMS 0x000000008be00000, 0x000000008be00000| Untracked 
| 191|0x000000008bf00000, 0x000000008bf00000, 0x000000008c000000|  0%| F|  |TAMS 0x000000008bf00000, 0x000000008bf00000| Untracked 
| 192|0x000000008c000000, 0x000000008c000000, 0x000000008c100000|  0%| F|  |TAMS 0x000000008c000000, 0x000000008c000000| Untracked 
| 193|0x000000008c100000, 0x000000008c100000, 0x000000008c200000|  0%| F|  |TAMS 0x000000008c100000, 0x000000008c100000| Untracked 
| 194|0x000000008c200000, 0x000000008c200000, 0x000000008c300000|  0%| F|  |TAMS 0x000000008c200000, 0x000000008c200000| Untracked 
| 195|0x000000008c300000, 0x000000008c300000, 0x000000008c400000|  0%| F|  |TAMS 0x000000008c300000, 0x000000008c300000| Untracked 
| 196|0x000000008c400000, 0x000000008c400000, 0x000000008c500000|  0%| F|  |TAMS 0x000000008c400000, 0x000000008c400000| Untracked 
| 197|0x000000008c500000, 0x000000008c500000, 0x000000008c600000|  0%| F|  |TAMS 0x000000008c500000, 0x000000008c500000| Untracked 
| 198|0x000000008c600000, 0x000000008c600000, 0x000000008c700000|  0%| F|  |TAMS 0x000000008c600000, 0x000000008c600000| Untracked 
| 199|0x000000008c700000, 0x000000008c700000, 0x000000008c800000|  0%| F|  |TAMS 0x000000008c700000, 0x000000008c700000| Untracked 
| 200|0x000000008c800000, 0x000000008c800000, 0x000000008c900000|  0%| F|  |TAMS 0x000000008c800000, 0x000000008c800000| Untracked 
| 201|0x000000008c900000, 0x000000008c900000, 0x000000008ca00000|  0%| F|  |TAMS 0x000000008c900000, 0x000000008c900000| Untracked 
| 202|0x000000008ca00000, 0x000000008ca00000, 0x000000008cb00000|  0%| F|  |TAMS 0x000000008ca00000, 0x000000008ca00000| Untracked 
| 203|0x000000008cb00000, 0x000000008cb00000, 0x000000008cc00000|  0%| F|  |TAMS 0x000000008cb00000, 0x000000008cb00000| Untracked 
| 204|0x000000008cc00000, 0x000000008cc00000, 0x000000008cd00000|  0%| F|  |TAMS 0x000000008cc00000, 0x000000008cc00000| Untracked 
| 205|0x000000008cd00000, 0x000000008cd00000, 0x000000008ce00000|  0%| F|  |TAMS 0x000000008cd00000, 0x000000008cd00000| Untracked 
| 206|0x000000008ce00000, 0x000000008ce00000, 0x000000008cf00000|  0%| F|  |TAMS 0x000000008ce00000, 0x000000008ce00000| Untracked 
| 207|0x000000008cf00000, 0x000000008cf00000, 0x000000008d000000|  0%| F|  |TAMS 0x000000008cf00000, 0x000000008cf00000| Untracked 
| 208|0x000000008d000000, 0x000000008d000000, 0x000000008d100000|  0%| F|  |TAMS 0x000000008d000000, 0x000000008d000000| Untracked 
| 209|0x000000008d100000, 0x000000008d100000, 0x000000008d200000|  0%| F|  |TAMS 0x000000008d100000, 0x000000008d100000| Untracked 
| 210|0x000000008d200000, 0x000000008d200000, 0x000000008d300000|  0%| F|  |TAMS 0x000000008d200000, 0x000000008d200000| Untracked 
| 211|0x000000008d300000, 0x000000008d300000, 0x000000008d400000|  0%| F|  |TAMS 0x000000008d300000, 0x000000008d300000| Untracked 
| 212|0x000000008d400000, 0x000000008d400000, 0x000000008d500000|  0%| F|  |TAMS 0x000000008d400000, 0x000000008d400000| Untracked 
| 213|0x000000008d500000, 0x000000008d500000, 0x000000008d600000|  0%| F|  |TAMS 0x000000008d500000, 0x000000008d500000| Untracked 
| 214|0x000000008d600000, 0x000000008d600000, 0x000000008d700000|  0%| F|  |TAMS 0x000000008d600000, 0x000000008d600000| Untracked 
| 215|0x000000008d700000, 0x000000008d700000, 0x000000008d800000|  0%| F|  |TAMS 0x000000008d700000, 0x000000008d700000| Untracked 
| 216|0x000000008d800000, 0x000000008d800000, 0x000000008d900000|  0%| F|  |TAMS 0x000000008d800000, 0x000000008d800000| Untracked 
| 217|0x000000008d900000, 0x000000008d900000, 0x000000008da00000|  0%| F|  |TAMS 0x000000008d900000, 0x000000008d900000| Untracked 
| 218|0x000000008da00000, 0x000000008da00000, 0x000000008db00000|  0%| F|  |TAMS 0x000000008da00000, 0x000000008da00000| Untracked 
| 219|0x000000008db00000, 0x000000008db00000, 0x000000008dc00000|  0%| F|  |TAMS 0x000000008db00000, 0x000000008db00000| Untracked 
| 220|0x000000008dc00000, 0x000000008dc00000, 0x000000008dd00000|  0%| F|  |TAMS 0x000000008dc00000, 0x000000008dc00000| Untracked 
| 221|0x000000008dd00000, 0x000000008dd40878, 0x000000008de00000| 25%| S|CS|TAMS 0x000000008dd00000, 0x000000008dd00000| Complete 
| 222|0x000000008de00000, 0x000000008de00000, 0x000000008df00000|  0%| F|  |TAMS 0x000000008de00000, 0x000000008de00000| Untracked 
| 223|0x000000008df00000, 0x000000008df00000, 0x000000008e000000|  0%| F|  |TAMS 0x000000008df00000, 0x000000008df00000| Untracked 
| 224|0x000000008e000000, 0x000000008e100000, 0x000000008e100000|100%| S|CS|TAMS 0x000000008e000000, 0x000000008e000000| Complete 
| 225|0x000000008e100000, 0x000000008e200000, 0x000000008e200000|100%| S|CS|TAMS 0x000000008e100000, 0x000000008e100000| Complete 
| 226|0x000000008e200000, 0x000000008e300000, 0x000000008e300000|100%| S|CS|TAMS 0x000000008e200000, 0x000000008e200000| Complete 
| 227|0x000000008e300000, 0x000000008e300000, 0x000000008e400000|  0%| F|  |TAMS 0x000000008e300000, 0x000000008e300000| Untracked 
| 228|0x000000008e400000, 0x000000008e400000, 0x000000008e500000|  0%| F|  |TAMS 0x000000008e400000, 0x000000008e400000| Untracked 
| 229|0x000000008e500000, 0x000000008e500000, 0x000000008e600000|  0%| F|  |TAMS 0x000000008e500000, 0x000000008e500000| Untracked 
| 230|0x000000008e600000, 0x000000008e600000, 0x000000008e700000|  0%| F|  |TAMS 0x000000008e600000, 0x000000008e600000| Untracked 
| 231|0x000000008e700000, 0x000000008e700000, 0x000000008e800000|  0%| F|  |TAMS 0x000000008e700000, 0x000000008e700000| Untracked 
| 232|0x000000008e800000, 0x000000008e800000, 0x000000008e900000|  0%| F|  |TAMS 0x000000008e800000, 0x000000008e800000| Untracked 
| 233|0x000000008e900000, 0x000000008e900000, 0x000000008ea00000|  0%| F|  |TAMS 0x000000008e900000, 0x000000008e900000| Untracked 
| 234|0x000000008ea00000, 0x000000008ea00000, 0x000000008eb00000|  0%| F|  |TAMS 0x000000008ea00000, 0x000000008ea00000| Untracked 
| 235|0x000000008eb00000, 0x000000008eb00000, 0x000000008ec00000|  0%| F|  |TAMS 0x000000008eb00000, 0x000000008eb00000| Untracked 
| 236|0x000000008ec00000, 0x000000008ec00000, 0x000000008ed00000|  0%| F|  |TAMS 0x000000008ec00000, 0x000000008ec00000| Untracked 
| 237|0x000000008ed00000, 0x000000008ed00000, 0x000000008ee00000|  0%| F|  |TAMS 0x000000008ed00000, 0x000000008ed00000| Untracked 
| 238|0x000000008ee00000, 0x000000008ee00000, 0x000000008ef00000|  0%| F|  |TAMS 0x000000008ee00000, 0x000000008ee00000| Untracked 
| 239|0x000000008ef00000, 0x000000008ef00000, 0x000000008f000000|  0%| F|  |TAMS 0x000000008ef00000, 0x000000008ef00000| Untracked 
| 240|0x000000008f000000, 0x000000008f000000, 0x000000008f100000|  0%| F|  |TAMS 0x000000008f000000, 0x000000008f000000| Untracked 
| 241|0x000000008f100000, 0x000000008f100000, 0x000000008f200000|  0%| F|  |TAMS 0x000000008f100000, 0x000000008f100000| Untracked 
| 242|0x000000008f200000, 0x000000008f200000, 0x000000008f300000|  0%| F|  |TAMS 0x000000008f200000, 0x000000008f200000| Untracked 
| 243|0x000000008f300000, 0x000000008f300000, 0x000000008f400000|  0%| F|  |TAMS 0x000000008f300000, 0x000000008f300000| Untracked 
| 244|0x000000008f400000, 0x000000008f400000, 0x000000008f500000|  0%| F|  |TAMS 0x000000008f400000, 0x000000008f400000| Untracked 
| 245|0x000000008f500000, 0x000000008f500000, 0x000000008f600000|  0%| F|  |TAMS 0x000000008f500000, 0x000000008f500000| Untracked 
| 246|0x000000008f600000, 0x000000008f600000, 0x000000008f700000|  0%| F|  |TAMS 0x000000008f600000, 0x000000008f600000| Untracked 
| 247|0x000000008f700000, 0x000000008f700000, 0x000000008f800000|  0%| F|  |TAMS 0x000000008f700000, 0x000000008f700000| Untracked 
| 248|0x000000008f800000, 0x000000008f800000, 0x000000008f900000|  0%| F|  |TAMS 0x000000008f800000, 0x000000008f800000| Untracked 
| 249|0x000000008f900000, 0x000000008f900000, 0x000000008fa00000|  0%| F|  |TAMS 0x000000008f900000, 0x000000008f900000| Untracked 
| 250|0x000000008fa00000, 0x000000008fa00000, 0x000000008fb00000|  0%| F|  |TAMS 0x000000008fa00000, 0x000000008fa00000| Untracked 
| 251|0x000000008fb00000, 0x000000008fb00000, 0x000000008fc00000|  0%| F|  |TAMS 0x000000008fb00000, 0x000000008fb00000| Untracked 
| 252|0x000000008fc00000, 0x000000008fc00000, 0x000000008fd00000|  0%| F|  |TAMS 0x000000008fc00000, 0x000000008fc00000| Untracked 
| 253|0x000000008fd00000, 0x000000008fd00000, 0x000000008fe00000|  0%| F|  |TAMS 0x000000008fd00000, 0x000000008fd00000| Untracked 
| 254|0x000000008fe00000, 0x000000008fe00000, 0x000000008ff00000|  0%| F|  |TAMS 0x000000008fe00000, 0x000000008fe00000| Untracked 
| 255|0x000000008ff00000, 0x000000008ff00000, 0x0000000090000000|  0%| F|  |TAMS 0x000000008ff00000, 0x000000008ff00000| Untracked 
| 256|0x0000000090000000, 0x0000000090000000, 0x0000000090100000|  0%| F|  |TAMS 0x0000000090000000, 0x0000000090000000| Untracked 
| 257|0x0000000090100000, 0x0000000090100000, 0x0000000090200000|  0%| F|  |TAMS 0x0000000090100000, 0x0000000090100000| Untracked 
| 258|0x0000000090200000, 0x0000000090200000, 0x0000000090300000|  0%| F|  |TAMS 0x0000000090200000, 0x0000000090200000| Untracked 
| 259|0x0000000090300000, 0x0000000090300000, 0x0000000090400000|  0%| F|  |TAMS 0x0000000090300000, 0x0000000090300000| Untracked 
| 260|0x0000000090400000, 0x0000000090400000, 0x0000000090500000|  0%| F|  |TAMS 0x0000000090400000, 0x0000000090400000| Untracked 
| 261|0x0000000090500000, 0x0000000090500000, 0x0000000090600000|  0%| F|  |TAMS 0x0000000090500000, 0x0000000090500000| Untracked 
| 262|0x0000000090600000, 0x0000000090600000, 0x0000000090700000|  0%| F|  |TAMS 0x0000000090600000, 0x0000000090600000| Untracked 
| 263|0x0000000090700000, 0x0000000090700000, 0x0000000090800000|  0%| F|  |TAMS 0x0000000090700000, 0x0000000090700000| Untracked 
| 264|0x0000000090800000, 0x0000000090800000, 0x0000000090900000|  0%| F|  |TAMS 0x0000000090800000, 0x0000000090800000| Untracked 
| 265|0x0000000090900000, 0x0000000090900000, 0x0000000090a00000|  0%| F|  |TAMS 0x0000000090900000, 0x0000000090900000| Untracked 
| 266|0x0000000090a00000, 0x0000000090a00000, 0x0000000090b00000|  0%| F|  |TAMS 0x0000000090a00000, 0x0000000090a00000| Untracked 
| 267|0x0000000090b00000, 0x0000000090b00000, 0x0000000090c00000|  0%| F|  |TAMS 0x0000000090b00000, 0x0000000090b00000| Untracked 
| 268|0x0000000090c00000, 0x0000000090c00000, 0x0000000090d00000|  0%| F|  |TAMS 0x0000000090c00000, 0x0000000090c00000| Untracked 
| 269|0x0000000090d00000, 0x0000000090d00000, 0x0000000090e00000|  0%| F|  |TAMS 0x0000000090d00000, 0x0000000090d00000| Untracked 
| 270|0x0000000090e00000, 0x0000000090e00000, 0x0000000090f00000|  0%| F|  |TAMS 0x0000000090e00000, 0x0000000090e00000| Untracked 
| 271|0x0000000090f00000, 0x0000000090f00000, 0x0000000091000000|  0%| F|  |TAMS 0x0000000090f00000, 0x0000000090f00000| Untracked 
| 272|0x0000000091000000, 0x0000000091000000, 0x0000000091100000|  0%| F|  |TAMS 0x0000000091000000, 0x0000000091000000| Untracked 
| 273|0x0000000091100000, 0x0000000091100000, 0x0000000091200000|  0%| F|  |TAMS 0x0000000091100000, 0x0000000091100000| Untracked 
| 274|0x0000000091200000, 0x0000000091200000, 0x0000000091300000|  0%| F|  |TAMS 0x0000000091200000, 0x0000000091200000| Untracked 
| 275|0x0000000091300000, 0x0000000091300000, 0x0000000091400000|  0%| F|  |TAMS 0x0000000091300000, 0x0000000091300000| Untracked 
| 276|0x0000000091400000, 0x0000000091400000, 0x0000000091500000|  0%| F|  |TAMS 0x0000000091400000, 0x0000000091400000| Untracked 
| 277|0x0000000091500000, 0x0000000091500000, 0x0000000091600000|  0%| F|  |TAMS 0x0000000091500000, 0x0000000091500000| Untracked 
| 278|0x0000000091600000, 0x0000000091600000, 0x0000000091700000|  0%| F|  |TAMS 0x0000000091600000, 0x0000000091600000| Untracked 
| 279|0x0000000091700000, 0x0000000091700000, 0x0000000091800000|  0%| F|  |TAMS 0x0000000091700000, 0x0000000091700000| Untracked 
| 280|0x0000000091800000, 0x0000000091800000, 0x0000000091900000|  0%| F|  |TAMS 0x0000000091800000, 0x0000000091800000| Untracked 
| 281|0x0000000091900000, 0x0000000091900000, 0x0000000091a00000|  0%| F|  |TAMS 0x0000000091900000, 0x0000000091900000| Untracked 
| 282|0x0000000091a00000, 0x0000000091a00000, 0x0000000091b00000|  0%| F|  |TAMS 0x0000000091a00000, 0x0000000091a00000| Untracked 
| 283|0x0000000091b00000, 0x0000000091b00000, 0x0000000091c00000|  0%| F|  |TAMS 0x0000000091b00000, 0x0000000091b00000| Untracked 
| 284|0x0000000091c00000, 0x0000000091c00000, 0x0000000091d00000|  0%| F|  |TAMS 0x0000000091c00000, 0x0000000091c00000| Untracked 
| 285|0x0000000091d00000, 0x0000000091d00000, 0x0000000091e00000|  0%| F|  |TAMS 0x0000000091d00000, 0x0000000091d00000| Untracked 
| 286|0x0000000091e00000, 0x0000000091e00000, 0x0000000091f00000|  0%| F|  |TAMS 0x0000000091e00000, 0x0000000091e00000| Untracked 
| 287|0x0000000091f00000, 0x0000000091f00000, 0x0000000092000000|  0%| F|  |TAMS 0x0000000091f00000, 0x0000000091f00000| Untracked 
| 288|0x0000000092000000, 0x0000000092000000, 0x0000000092100000|  0%| F|  |TAMS 0x0000000092000000, 0x0000000092000000| Untracked 
| 289|0x0000000092100000, 0x0000000092100000, 0x0000000092200000|  0%| F|  |TAMS 0x0000000092100000, 0x0000000092100000| Untracked 
| 290|0x0000000092200000, 0x0000000092200000, 0x0000000092300000|  0%| F|  |TAMS 0x0000000092200000, 0x0000000092200000| Untracked 
| 291|0x0000000092300000, 0x0000000092300000, 0x0000000092400000|  0%| F|  |TAMS 0x0000000092300000, 0x0000000092300000| Untracked 
| 292|0x0000000092400000, 0x0000000092400000, 0x0000000092500000|  0%| F|  |TAMS 0x0000000092400000, 0x0000000092400000| Untracked 
| 293|0x0000000092500000, 0x0000000092500000, 0x0000000092600000|  0%| F|  |TAMS 0x0000000092500000, 0x0000000092500000| Untracked 
| 294|0x0000000092600000, 0x0000000092600000, 0x0000000092700000|  0%| F|  |TAMS 0x0000000092600000, 0x0000000092600000| Untracked 
| 295|0x0000000092700000, 0x0000000092700000, 0x0000000092800000|  0%| F|  |TAMS 0x0000000092700000, 0x0000000092700000| Untracked 
| 296|0x0000000092800000, 0x0000000092800000, 0x0000000092900000|  0%| F|  |TAMS 0x0000000092800000, 0x0000000092800000| Untracked 
| 297|0x0000000092900000, 0x0000000092900000, 0x0000000092a00000|  0%| F|  |TAMS 0x0000000092900000, 0x0000000092900000| Untracked 
| 298|0x0000000092a00000, 0x0000000092a00000, 0x0000000092b00000|  0%| F|  |TAMS 0x0000000092a00000, 0x0000000092a00000| Untracked 
| 299|0x0000000092b00000, 0x0000000092b00000, 0x0000000092c00000|  0%| F|  |TAMS 0x0000000092b00000, 0x0000000092b00000| Untracked 

Card table byte_map: [0x000001dbd48f0000,0x000001dbd4cf0000] _byte_map_base: 0x000001dbd44f0000

Marking Bits (Prev, Next): (CMBitMap*) 0x000001dbc1711af0, (CMBitMap*) 0x000001dbc1711ab8
 Prev Bits: [0x000001dbd70f0000, 0x000001dbd90f0000)
 Next Bits: [0x000001dbd50f0000, 0x000001dbd70f0000)

Polling page: 0x000001dbbf530000

Metaspace:

Usage:
  Non-class:    104.94 MB capacity,   102.90 MB ( 98%) used,     1.69 MB (  2%) free+waste,   366.00 KB ( <1%) overhead. 
      Class:     16.07 MB capacity,    14.91 MB ( 93%) used,  1018.39 KB (  6%) free+waste,   163.69 KB ( <1%) overhead. 
       Both:    121.01 MB capacity,   117.81 MB ( 97%) used,     2.68 MB (  2%) free+waste,   529.69 KB ( <1%) overhead. 

Virtual space:
  Non-class space:      106.00 MB reserved,     105.00 MB (>99%) committed 
      Class space:        1.00 GB reserved,      16.20 MB (  2%) committed 
             Both:        1.10 GB reserved,     121.20 MB ( 11%) committed 

Chunk freelists:
   Non-Class:  0 bytes
       Class:  90.00 KB
        Both:  90.00 KB

MaxMetaspaceSize: 17179869184.00 GB
CompressedClassSpaceSize: 1.00 GB

CodeHeap 'non-profiled nmethods': size=120000Kb used=10006Kb max_used=10006Kb free=109993Kb
 bounds [0x000001dbccc90000, 0x000001dbcd660000, 0x000001dbd41c0000]
CodeHeap 'profiled nmethods': size=120000Kb used=38133Kb max_used=38133Kb free=81867Kb
 bounds [0x000001dbc5760000, 0x000001dbc7ca0000, 0x000001dbccc90000]
CodeHeap 'non-nmethods': size=5760Kb used=2364Kb max_used=2425Kb free=3395Kb
 bounds [0x000001dbc51c0000, 0x000001dbc5430000, 0x000001dbc5760000]
 total_blobs=17273 nmethods=16296 adapters=887
 compilation: enabled
              stopped_count=0, restarted_count=0
 full_count=0

Compilation events (20 events):
Event: 35.424 Thread 0x000001dbdc416800 16528       2       com.android.tools.r8.code.A1::<init> (7 bytes)
Event: 35.424 Thread 0x000001dbdc416800 nmethod 16528 0x000001dbc7c98610 code [0x000001dbc7c987c0, 0x000001dbc7c988c8]
Event: 35.424 Thread 0x000001dbdc416800 16529       2       com.android.tools.r8.internal.j2::a (291 bytes)
Event: 35.425 Thread 0x000001dbdc416800 nmethod 16529 0x000001dbc7c98990 code [0x000001dbc7c98ca0, 0x000001dbc7c99788]
Event: 35.425 Thread 0x000001dbdc416800 16531       1       com.android.tools.r8.internal.d4::n (2 bytes)
Event: 35.425 Thread 0x000001dbdc416800 nmethod 16531 0x000001dbcd653e10 code [0x000001dbcd653fc0, 0x000001dbcd654078]
Event: 35.428 Thread 0x000001dbdc416800 16532       2       com.android.tools.r8.internal.z1::a (389 bytes)
Event: 35.429 Thread 0x000001dbdc416800 nmethod 16532 0x000001dbc7c99d90 code [0x000001dbc7c9a120, 0x000001dbc7c9b0f8]
Event: 35.430 Thread 0x000001dbdc416800 16534       2       com.android.tools.r8.ir.regalloc.b::a (12 bytes)
Event: 35.430 Thread 0x000001dbdc416800 nmethod 16534 0x000001dbc7c9bb10 code [0x000001dbc7c9bcc0, 0x000001dbc7c9bdf8]
Event: 35.433 Thread 0x000001dbdc416800 16535       2       com.android.tools.r8.internal.qr::b (23 bytes)
Event: 35.433 Thread 0x000001dbdc416800 nmethod 16535 0x000001dbc7c9be90 code [0x000001dbc7c9c060, 0x000001dbc7c9c328]
Event: 35.435 Thread 0x000001dbdc416800 16537       2       com.android.tools.r8.internal.QG::a (19 bytes)
Event: 35.436 Thread 0x000001dbdc416800 nmethod 16537 0x000001dbc7c9c510 code [0x000001dbc7c9c700, 0x000001dbc7c9cad8]
Event: 35.436 Thread 0x000001dbdc416800 16538       2       com.android.tools.r8.internal.QG$$Lambda$1710/0x0000000100f1c440::get$Lambda (9 bytes)
Event: 35.436 Thread 0x000001dbdc416800 nmethod 16538 0x000001dbc7c9cc90 code [0x000001dbc7c9ce40, 0x000001dbc7c9cfb8]
Event: 35.436 Thread 0x000001dbdc416800 16539       2       com.android.tools.r8.internal.QG$$Lambda$1710/0x0000000100f1c440::<init> (10 bytes)
Event: 35.436 Thread 0x000001dbdc416800 nmethod 16539 0x000001dbc7c9d090 code [0x000001dbc7c9d240, 0x000001dbc7c9d378]
Event: 35.442 Thread 0x000001dbdc415000 nmethod 16055 0x000001dbcd654110 code [0x000001dbcd654340, 0x000001dbcd655188]
Event: 35.442 Thread 0x000001dbdc415000 16474       4       com.android.tools.r8.internal.X4::a (1165 bytes)

GC Heap History (20 events):
Event: 34.323 GC heap after
{Heap after GC invocations=33 (full 0):
 garbage-first heap   total 256000K, used 186930K [0x0000000080000000, 0x0000000100000000)
  region size 1024K, 3 young (3072K), 3 survivors (3072K)
 Metaspace       used 119637K, capacity 122910K, committed 123340K, reserved 1157120K
  class space    used 15236K, capacity 16434K, committed 16588K, reserved 1048576K
}
Event: 34.347 GC heap before
{Heap before GC invocations=33 (full 0):
 garbage-first heap   total 256000K, used 196146K [0x0000000080000000, 0x0000000100000000)
  region size 1024K, 12 young (12288K), 3 survivors (3072K)
 Metaspace       used 119638K, capacity 122910K, committed 123340K, reserved 1157120K
  class space    used 15236K, capacity 16434K, committed 16588K, reserved 1048576K
}
Event: 34.351 GC heap after
{Heap after GC invocations=34 (full 0):
 garbage-first heap   total 307200K, used 186061K [0x0000000080000000, 0x0000000100000000)
  region size 1024K, 2 young (2048K), 2 survivors (2048K)
 Metaspace       used 119638K, capacity 122910K, committed 123340K, reserved 1157120K
  class space    used 15236K, capacity 16434K, committed 16588K, reserved 1048576K
}
Event: 34.486 GC heap before
{Heap before GC invocations=34 (full 0):
 garbage-first heap   total 307200K, used 241357K [0x0000000080000000, 0x0000000100000000)
  region size 1024K, 56 young (57344K), 2 survivors (2048K)
 Metaspace       used 119717K, capacity 122982K, committed 123340K, reserved 1157120K
  class space    used 15258K, capacity 16437K, committed 16588K, reserved 1048576K
}
Event: 34.491 GC heap after
{Heap after GC invocations=35 (full 0):
 garbage-first heap   total 307200K, used 185848K [0x0000000080000000, 0x0000000100000000)
  region size 1024K, 1 young (1024K), 1 survivors (1024K)
 Metaspace       used 119717K, capacity 122982K, committed 123340K, reserved 1157120K
  class space    used 15258K, capacity 16437K, committed 16588K, reserved 1048576K
}
Event: 34.793 GC heap before
{Heap before GC invocations=36 (full 0):
 garbage-first heap   total 307200K, used 245240K [0x0000000080000000, 0x0000000100000000)
  region size 1024K, 59 young (60416K), 1 survivors (1024K)
 Metaspace       used 120153K, capacity 123422K, committed 123596K, reserved 1157120K
  class space    used 15266K, capacity 16449K, committed 16588K, reserved 1048576K
}
Event: 34.795 GC heap after
{Heap after GC invocations=37 (full 0):
 garbage-first heap   total 307200K, used 185907K [0x0000000080000000, 0x0000000100000000)
  region size 1024K, 2 young (2048K), 2 survivors (2048K)
 Metaspace       used 120153K, capacity 123422K, committed 123596K, reserved 1157120K
  class space    used 15266K, capacity 16449K, committed 16588K, reserved 1048576K
}
Event: 34.890 GC heap before
{Heap before GC invocations=37 (full 0):
 garbage-first heap   total 307200K, used 247347K [0x0000000080000000, 0x0000000100000000)
  region size 1024K, 62 young (63488K), 2 survivors (2048K)
 Metaspace       used 120191K, capacity 123489K, committed 123852K, reserved 1157120K
  class space    used 15269K, capacity 16449K, committed 16588K, reserved 1048576K
}
Event: 34.891 GC heap after
{Heap after GC invocations=38 (full 0):
 garbage-first heap   total 307200K, used 186548K [0x0000000080000000, 0x0000000100000000)
  region size 1024K, 2 young (2048K), 2 survivors (2048K)
 Metaspace       used 120191K, capacity 123489K, committed 123852K, reserved 1157120K
  class space    used 15269K, capacity 16449K, committed 16588K, reserved 1048576K
}
Event: 34.990 GC heap before
{Heap before GC invocations=38 (full 0):
 garbage-first heap   total 307200K, used 251060K [0x0000000080000000, 0x0000000100000000)
  region size 1024K, 65 young (66560K), 2 survivors (2048K)
 Metaspace       used 120214K, capacity 123501K, committed 123852K, reserved 1157120K
  class space    used 15271K, capacity 16453K, committed 16588K, reserved 1048576K
}
Event: 34.992 GC heap after
{Heap after GC invocations=39 (full 0):
 garbage-first heap   total 307200K, used 186694K [0x0000000080000000, 0x0000000100000000)
  region size 1024K, 2 young (2048K), 2 survivors (2048K)
 Metaspace       used 120214K, capacity 123501K, committed 123852K, reserved 1157120K
  class space    used 15271K, capacity 16453K, committed 16588K, reserved 1048576K
}
Event: 35.090 GC heap before
{Heap before GC invocations=39 (full 0):
 garbage-first heap   total 307200K, used 254278K [0x0000000080000000, 0x0000000100000000)
  region size 1024K, 68 young (69632K), 2 survivors (2048K)
 Metaspace       used 120324K, capacity 123576K, committed 123852K, reserved 1157120K
  class space    used 15271K, capacity 16454K, committed 16588K, reserved 1048576K
}
Event: 35.093 GC heap after
{Heap after GC invocations=40 (full 0):
 garbage-first heap   total 307200K, used 186858K [0x0000000080000000, 0x0000000100000000)
  region size 1024K, 2 young (2048K), 2 survivors (2048K)
 Metaspace       used 120324K, capacity 123576K, committed 123852K, reserved 1157120K
  class space    used 15271K, capacity 16454K, committed 16588K, reserved 1048576K
}
Event: 35.176 GC heap before
{Heap before GC invocations=40 (full 0):
 garbage-first heap   total 307200K, used 256490K [0x0000000080000000, 0x0000000100000000)
  region size 1024K, 70 young (71680K), 2 survivors (2048K)
 Metaspace       used 120399K, capacity 123705K, committed 123852K, reserved 1157120K
  class space    used 15271K, capacity 16454K, committed 16588K, reserved 1048576K
}
Event: 35.179 GC heap after
{Heap after GC invocations=41 (full 0):
 garbage-first heap   total 307200K, used 187223K [0x0000000080000000, 0x0000000100000000)
  region size 1024K, 3 young (3072K), 3 survivors (3072K)
 Metaspace       used 120399K, capacity 123705K, committed 123852K, reserved 1157120K
  class space    used 15271K, capacity 16454K, committed 16588K, reserved 1048576K
}
Event: 35.281 GC heap before
{Heap before GC invocations=41 (full 0):
 garbage-first heap   total 307200K, used 257879K [0x0000000080000000, 0x0000000100000000)
  region size 1024K, 72 young (73728K), 3 survivors (3072K)
 Metaspace       used 120506K, capacity 123839K, committed 124108K, reserved 1157120K
  class space    used 15271K, capacity 16454K, committed 16588K, reserved 1048576K
}
Event: 35.284 GC heap after
{Heap after GC invocations=42 (full 0):
 garbage-first heap   total 307200K, used 188192K [0x0000000080000000, 0x0000000100000000)
  region size 1024K, 4 young (4096K), 4 survivors (4096K)
 Metaspace       used 120506K, capacity 123839K, committed 124108K, reserved 1157120K
  class space    used 15271K, capacity 16454K, committed 16588K, reserved 1048576K
}
Event: 35.362 GC heap before
{Heap before GC invocations=42 (full 0):
 garbage-first heap   total 307200K, used 259872K [0x0000000080000000, 0x0000000100000000)
  region size 1024K, 74 young (75776K), 4 survivors (4096K)
 Metaspace       used 120577K, capacity 123910K, committed 124108K, reserved 1157120K
  class space    used 15271K, capacity 16454K, committed 16588K, reserved 1048576K
}
Event: 35.366 GC heap after
{Heap after GC invocations=43 (full 0):
 garbage-first heap   total 307200K, used 188702K [0x0000000080000000, 0x0000000100000000)
  region size 1024K, 4 young (4096K), 4 survivors (4096K)
 Metaspace       used 120577K, capacity 123910K, committed 124108K, reserved 1157120K
  class space    used 15271K, capacity 16454K, committed 16588K, reserved 1048576K
}
Event: 35.443 GC heap before
{Heap before GC invocations=43 (full 0):
 garbage-first heap   total 307200K, used 261406K [0x0000000080000000, 0x0000000100000000)
  region size 1024K, 75 young (76800K), 4 survivors (4096K)
 Metaspace       used 120636K, capacity 123914K, committed 124108K, reserved 1157120K
  class space    used 15271K, capacity 16454K, committed 16588K, reserved 1048576K
}

Deoptimization events (20 events):
Event: 35.172 Thread 0x000001dbe050b800 DEOPT PACKING pc=0x000001dbc775f218 sp=0x00000035383f9af0
Event: 35.172 Thread 0x000001dbe050b800 DEOPT UNPACKING pc=0x000001dbc51e8ede sp=0x00000035383f9108 mode 0
Event: 35.190 Thread 0x000001dbdc90b800 Uncommon trap: trap_request=0xffffff4d fr.pc=0x000001dbcd617de4 relative=0x0000000000000fc4
Event: 35.190 Thread 0x000001dbdc90b800 Uncommon trap: reason=unstable_if action=reinterpret pc=0x000001dbcd617de4 method=java.util.HashMap.computeIfAbsent(Ljava/lang/Object;Ljava/util/function/Function;)Ljava/lang/Object; @ 89 c2
Event: 35.190 Thread 0x000001dbdc90b800 DEOPT PACKING pc=0x000001dbcd617de4 sp=0x0000003537bf8cb0
Event: 35.190 Thread 0x000001dbdc90b800 DEOPT UNPACKING pc=0x000001dbc51c83af sp=0x0000003537bf8c68 mode 2
Event: 35.200 Thread 0x000001dbdc90e000 DEOPT PACKING pc=0x000001dbc775f218 sp=0x0000003537af9900
Event: 35.200 Thread 0x000001dbdc90e000 DEOPT UNPACKING pc=0x000001dbc51e8ede sp=0x0000003537af8f18 mode 0
Event: 35.238 Thread 0x000001dbdc90d000 DEOPT PACKING pc=0x000001dbc775f218 sp=0x0000003537df9700
Event: 35.238 Thread 0x000001dbdc90d000 DEOPT UNPACKING pc=0x000001dbc51e8ede sp=0x0000003537df8d18 mode 0
Event: 35.270 Thread 0x000001dbdc90c800 DEOPT PACKING pc=0x000001dbc775f218 sp=0x0000003537cf9820
Event: 35.270 Thread 0x000001dbdc90c800 DEOPT UNPACKING pc=0x000001dbc51e8ede sp=0x0000003537cf8e38 mode 0
Event: 35.271 Thread 0x000001dbdc90d000 DEOPT PACKING pc=0x000001dbc7af66b1 sp=0x0000003537df9480
Event: 35.271 Thread 0x000001dbdc90d000 DEOPT UNPACKING pc=0x000001dbc51e8ede sp=0x0000003537df8a08 mode 0
Event: 35.344 Thread 0x000001dbdc90d000 DEOPT PACKING pc=0x000001dbc775f218 sp=0x0000003537df9600
Event: 35.344 Thread 0x000001dbdc90d000 DEOPT UNPACKING pc=0x000001dbc51e8ede sp=0x0000003537df8c18 mode 0
Event: 35.383 Thread 0x000001dbdc90e000 DEOPT PACKING pc=0x000001dbc79221ff sp=0x0000003537af9690
Event: 35.383 Thread 0x000001dbdc90e000 DEOPT UNPACKING pc=0x000001dbc51e8ede sp=0x0000003537af8d18 mode 0
Event: 35.396 Thread 0x000001dbdc90b800 DEOPT PACKING pc=0x000001dbc775f218 sp=0x0000003537bf9240
Event: 35.396 Thread 0x000001dbdc90b800 DEOPT UNPACKING pc=0x000001dbc51e8ede sp=0x0000003537bf8858 mode 0

Classes redefined (0 events):
No events

Internal exceptions (20 events):
Event: 32.921 Thread 0x000001dbdc90e000 Exception <a 'java/lang/IncompatibleClassChangeError'{0x000000008ccd5ac0}: Found class java.lang.Object, but interface was expected> (0x000000008ccd5ac0) thrown at [./src/hotspot/share/interpreter/linkResolver.cpp, line 839]
Event: 32.921 Thread 0x000001dbdc90d000 Exception <a 'java/lang/IncompatibleClassChangeError'{0x000000008c631870}: Found class java.lang.Object, but interface was expected> (0x000000008c631870) thrown at [./src/hotspot/share/interpreter/linkResolver.cpp, line 839]
Event: 32.933 Thread 0x000001dbdc90c800 Exception <a 'sun/nio/fs/WindowsException'{0x000000008c085950}> (0x000000008c085950) thrown at [./src/hotspot/share/prims/jni.cpp, line 615]
Event: 32.937 Thread 0x000001dbdc90b800 Exception <a 'java/lang/NoSuchMethodError'{0x000000008bf28aa0}: 'long java.lang.invoke.DirectMethodHandle$Holder.invokeStatic(java.lang.Object, long, java.lang.Object)'> (0x000000008bf28aa0) thrown at [./src/hotspot/share/interpreter/linkResolver.cpp, line 773]
Event: 32.937 Thread 0x000001dbdc90e000 Exception <a 'java/lang/NoSuchMethodError'{0x000000008c2d7da8}: 'long java.lang.invoke.DirectMethodHandle$Holder.invokeStatic(java.lang.Object, long, java.lang.Object)'> (0x000000008c2d7da8) thrown at [./src/hotspot/share/interpreter/linkResolver.cpp, line 773]
Event: 32.938 Thread 0x000001dbdc90d000 Exception <a 'java/lang/NoSuchMethodError'{0x000000008bf2f468}: 'java.lang.Object java.lang.invoke.DirectMethodHandle$Holder.invokeStatic(java.lang.Object, long)'> (0x000000008bf2f468) thrown at [./src/hotspot/share/interpreter/linkResolver.cpp, line 773]
Event: 32.938 Thread 0x000001dbdc90b800 Exception <a 'java/lang/NoSuchMethodError'{0x000000008bf3f260}: 'java.lang.Object java.lang.invoke.DirectMethodHandle$Holder.invokeStatic(java.lang.Object, long)'> (0x000000008bf3f260) thrown at [./src/hotspot/share/interpreter/linkResolver.cpp, line 773]
Event: 32.939 Thread 0x000001dbe050b800 Exception <a 'java/lang/NoSuchMethodError'{0x000000008bf50c58}: 'java.lang.Object java.lang.invoke.Invokers$Holder.linkToTargetMethod(long, java.lang.Object)'> (0x000000008bf50c58) thrown at [./src/hotspot/share/interpreter/linkResolver.cpp, line 773]
Event: 32.939 Thread 0x000001dbdc90e000 Exception <a 'java/lang/NoSuchMethodError'{0x000000008c2e0410}: 'java.lang.Object java.lang.invoke.Invokers$Holder.linkToTargetMethod(long, java.lang.Object)'> (0x000000008c2e0410) thrown at [./src/hotspot/share/interpreter/linkResolver.cpp, line 773]
Event: 33.052 Thread 0x000001dbdc90e000 Exception <a 'java/lang/NoSuchMethodError'{0x000000008f88a6d0}: 'void java.lang.invoke.DirectMethodHandle$Holder.invokeStatic(java.lang.Object, java.lang.Object, java.lang.Object, int)'> (0x000000008f88a6d0) thrown at [./src/hotspot/share/interpreter/linkResolver.cpp, line 773]
Event: 33.053 Thread 0x000001dbdc90e000 Exception <a 'java/lang/IncompatibleClassChangeError'{0x000000008f7364e0}: Found class java.lang.Object, but interface was expected> (0x000000008f7364e0) thrown at [./src/hotspot/share/interpreter/linkResolver.cpp, line 839]
Event: 33.560 Thread 0x000001dbdc90e000 Exception <a 'java/lang/NoSuchMethodError'{0x000000008eea5008}: 'java.lang.Object java.lang.invoke.DirectMethodHandle$Holder.invokeVirtual(java.lang.Object, java.lang.Object, int, java.lang.Object)'> (0x000000008eea5008) thrown at [./src/hotspot/share/interpreter/linkResolver.cpp, line 773]
Event: 33.561 Thread 0x000001dbdc90b800 Exception <a 'java/lang/NoSuchMethodError'{0x000000008f2b1a10}: 'java.lang.Object java.lang.invoke.DirectMethodHandle$Holder.invokeVirtual(java.lang.Object, java.lang.Object, int, java.lang.Object)'> (0x000000008f2b1a10) thrown at [./src/hotspot/share/interpreter/linkResolver.cpp, line 773]
Event: 33.587 Thread 0x000001dbdc90d000 Exception <a 'java/lang/IncompatibleClassChangeError'{0x000000008e74e738}: Found class java.lang.Object, but interface was expected> (0x000000008e74e738) thrown at [./src/hotspot/share/interpreter/linkResolver.cpp, line 839]
Event: 33.587 Thread 0x000001dbdc90d000 Exception <a 'java/lang/IncompatibleClassChangeError'{0x000000008e759208}: Found class java.lang.Object, but interface was expected> (0x000000008e759208) thrown at [./src/hotspot/share/interpreter/linkResolver.cpp, line 839]
Event: 33.603 Thread 0x000001dbdc90e000 Exception <a 'java/lang/NoSuchMethodError'{0x000000008e5aeb18}: 'void java.lang.invoke.DirectMethodHandle$Holder.invokeVirtual(java.lang.Object, java.lang.Object, int, java.lang.Object)'> (0x000000008e5aeb18) thrown at [./src/hotspot/share/interpreter/linkResolver.cpp, line 773]
Event: 33.629 Thread 0x000001dbe050b800 Exception <a 'java/lang/NoSuchMethodError'{0x000000008e6a70a0}: 'void java.lang.invoke.DirectMethodHandle$Holder.invokeVirtual(java.lang.Object, java.lang.Object, int, java.lang.Object)'> (0x000000008e6a70a0) thrown at [./src/hotspot/share/interpreter/linkResolver.cpp, line 773]
Event: 33.709 Thread 0x000001dbdc90e000 Exception <a 'java/lang/NoSuchMethodError'{0x000000008f2bf298}: 'java.lang.Object java.lang.invoke.DirectMethodHandle$Holder.newInvokeSpecial(java.lang.Object, int)'> (0x000000008f2bf298) thrown at [./src/hotspot/share/interpreter/linkResolver.cpp, line 773]
Event: 33.828 Thread 0x000001dbdc90b800 Exception <a 'java/lang/NoSuchMethodError'{0x000000008e10e008}: 'java.lang.Object java.lang.invoke.DirectMethodHandle$Holder.invokeInterface(java.lang.Object, java.lang.Object, int)'> (0x000000008e10e008) thrown at [./src/hotspot/share/interpreter/linkResolver.cpp, line 773]
Event: 34.280 Thread 0x000001dbdc90b800 Exception <a 'java/lang/NoSuchMethodError'{0x000000008e82d200}: 'int java.lang.invoke.DirectMethodHandle$Holder.invokeInterface(java.lang.Object, java.lang.Object, int)'> (0x000000008e82d200) thrown at [./src/hotspot/share/interpreter/linkResolver.cpp, line 773]

Events (20 events):
Event: 34.909 loading class com/android/tools/r8/code/G0 done
Event: 34.909 loading class com/android/tools/r8/code/G0
Event: 34.909 loading class com/android/tools/r8/code/G0 done
Event: 34.909 loading class com/android/tools/r8/code/G0
Event: 34.909 loading class com/android/tools/r8/code/G0 done
Event: 34.990 Executing VM operation: G1CollectForAllocation
Event: 34.993 Executing VM operation: G1CollectForAllocation done
Event: 35.067 loading class com/android/tools/r8/code/G0
Event: 35.067 loading class com/android/tools/r8/code/G0 done
Event: 35.067 loading class com/android/tools/r8/code/G0
Event: 35.067 loading class com/android/tools/r8/code/G0 done
Event: 35.090 Executing VM operation: G1CollectForAllocation
Event: 35.093 Executing VM operation: G1CollectForAllocation done
Event: 35.176 Executing VM operation: G1CollectForAllocation
Event: 35.179 Executing VM operation: G1CollectForAllocation done
Event: 35.281 Executing VM operation: G1CollectForAllocation
Event: 35.284 Executing VM operation: G1CollectForAllocation done
Event: 35.362 Executing VM operation: G1CollectForAllocation
Event: 35.366 Executing VM operation: G1CollectForAllocation done
Event: 35.443 Executing VM operation: G1CollectForAllocation


Dynamic libraries:
0x00007ff61a110000 - 0x00007ff61a11a000 	C:\Program Files\Android\Android Studio\jre\bin\java.exe
0x00007ffcffcf0000 - 0x00007ffcffee5000 	C:\WINDOWS\SYSTEM32\ntdll.dll
0x00007ffcfdd30000 - 0x00007ffcfddee000 	C:\WINDOWS\System32\KERNEL32.DLL
0x00007ffcfd400000 - 0x00007ffcfd6c8000 	C:\WINDOWS\System32\KERNELBASE.dll
0x00007ffcfd7e0000 - 0x00007ffcfd8e0000 	C:\WINDOWS\System32\ucrtbase.dll
0x00007ffce8e40000 - 0x00007ffce8e59000 	C:\Program Files\Android\Android Studio\jre\bin\jli.dll
0x00007ffce8e20000 - 0x00007ffce8e37000 	C:\Program Files\Android\Android Studio\jre\bin\VCRUNTIME140.dll
0x00007ffcfe650000 - 0x00007ffcfe7f1000 	C:\WINDOWS\System32\USER32.dll
0x00007ffcfda00000 - 0x00007ffcfda22000 	C:\WINDOWS\System32\win32u.dll
0x00007ffcdf4a0000 - 0x00007ffcdf73a000 	C:\WINDOWS\WinSxS\amd64_microsoft.windows.common-controls_6595b64144ccf1df_6.0.19041.1110_none_60b5254171f9507e\COMCTL32.dll
0x00007ffcffb30000 - 0x00007ffcffb5b000 	C:\WINDOWS\System32\GDI32.dll
0x00007ffcfe3f0000 - 0x00007ffcfe48e000 	C:\WINDOWS\System32\msvcrt.dll
0x00007ffcfd6d0000 - 0x00007ffcfd7dd000 	C:\WINDOWS\System32\gdi32full.dll
0x00007ffcfd910000 - 0x00007ffcfd9ad000 	C:\WINDOWS\System32\msvcp_win.dll
0x00007ffcfe2e0000 - 0x00007ffcfe310000 	C:\WINDOWS\System32\IMM32.DLL
0x00007ffcd4f60000 - 0x00007ffcd4ffd000 	C:\Program Files\Android\Android Studio\jre\bin\msvcp140.dll
0x00007ffc94440000 - 0x00007ffc94f0f000 	C:\Program Files\Android\Android Studio\jre\bin\server\jvm.dll
0x00007ffcffa80000 - 0x00007ffcffb2e000 	C:\WINDOWS\System32\ADVAPI32.dll
0x00007ffcff1e0000 - 0x00007ffcff27c000 	C:\WINDOWS\System32\sechost.dll
0x00007ffcfe520000 - 0x00007ffcfe645000 	C:\WINDOWS\System32\RPCRT4.dll
0x00007ffcfe120000 - 0x00007ffcfe128000 	C:\WINDOWS\System32\PSAPI.DLL
0x00007ffcfc1f0000 - 0x00007ffcfc1fa000 	C:\WINDOWS\SYSTEM32\VERSION.dll
0x00007ffcd24e0000 - 0x00007ffcd2507000 	C:\WINDOWS\SYSTEM32\WINMM.dll
0x00007ffcf8e70000 - 0x00007ffcf8e79000 	C:\WINDOWS\SYSTEM32\WSOCK32.dll
0x00007ffcfe4b0000 - 0x00007ffcfe51b000 	C:\WINDOWS\System32\WS2_32.dll
0x00007ffcfc1a0000 - 0x00007ffcfc1b2000 	C:\WINDOWS\SYSTEM32\kernel.appcore.dll
0x00007ffcd9a80000 - 0x00007ffcd9a91000 	C:\Program Files\Android\Android Studio\jre\bin\verify.dll
0x00007ffcf63d0000 - 0x00007ffcf65b4000 	C:\WINDOWS\SYSTEM32\DBGHELP.DLL
0x00007ffce2d70000 - 0x00007ffce2d9c000 	C:\WINDOWS\SYSTEM32\dbgcore.DLL
0x00007ffcfdca0000 - 0x00007ffcfdd22000 	C:\WINDOWS\System32\bcryptPrimitives.dll
0x00007ffcd54a0000 - 0x00007ffcd54c9000 	C:\Program Files\Android\Android Studio\jre\bin\java.dll
0x00007ffcf6000000 - 0x00007ffcf600b000 	C:\Program Files\Android\Android Studio\jre\bin\jimage.dll
0x00007ffcd9a60000 - 0x00007ffcd9a78000 	C:\Program Files\Android\Android Studio\jre\bin\zip.dll
0x00007ffcff280000 - 0x00007ffcff9c4000 	C:\WINDOWS\System32\SHELL32.dll
0x00007ffcfb310000 - 0x00007ffcfbaa5000 	C:\WINDOWS\SYSTEM32\windows.storage.dll
0x00007ffcfe980000 - 0x00007ffcfecd5000 	C:\WINDOWS\System32\combase.dll
0x00007ffcfcd80000 - 0x00007ffcfcdae000 	C:\WINDOWS\SYSTEM32\Wldp.dll
0x00007ffcff9d0000 - 0x00007ffcffa7d000 	C:\WINDOWS\System32\SHCORE.dll
0x00007ffcfe1f0000 - 0x00007ffcfe245000 	C:\WINDOWS\System32\shlwapi.dll
0x00007ffcfd340000 - 0x00007ffcfd35f000 	C:\WINDOWS\SYSTEM32\profapi.dll
0x00007ffcd5480000 - 0x00007ffcd549a000 	C:\Program Files\Android\Android Studio\jre\bin\net.dll
0x00007ffcf7d70000 - 0x00007ffcf7e7c000 	C:\WINDOWS\SYSTEM32\WINHTTP.dll
0x00007ffcfcae0000 - 0x00007ffcfcb4a000 	C:\WINDOWS\system32\mswsock.dll
0x00007ffcd51b0000 - 0x00007ffcd51c4000 	C:\Program Files\Android\Android Studio\jre\bin\nio.dll
0x00007ffcd4ad0000 - 0x00007ffcd4af7000 	C:\Users\Halcyon\.gradle\native\8bec1ad78214c89d9ad589b4d07fe93259594b29d510b10fafb7a158f7737e5d\windows-amd64\native-platform.dll
0x00007ffcc5af0000 - 0x00007ffcc5c2d000 	C:\Users\Halcyon\.gradle\native\53dbd7edfb1c66fb8903c78663c9afc45aea4f116125fa6feffd364cf09443e8\windows-amd64\native-platform-file-events.dll
0x00007ffce9530000 - 0x00007ffce953a000 	C:\Program Files\Android\Android Studio\jre\bin\management.dll
0x00007ffce8e90000 - 0x00007ffce8e9c000 	C:\Program Files\Android\Android Studio\jre\bin\management_ext.dll
0x00007ffcfccd0000 - 0x00007ffcfcce8000 	C:\WINDOWS\SYSTEM32\CRYPTSP.dll
0x00007ffcfc460000 - 0x00007ffcfc494000 	C:\WINDOWS\system32\rsaenh.dll
0x00007ffcfd8e0000 - 0x00007ffcfd907000 	C:\WINDOWS\System32\bcrypt.dll
0x00007ffcfd300000 - 0x00007ffcfd32e000 	C:\WINDOWS\SYSTEM32\USERENV.dll
0x00007ffcfccf0000 - 0x00007ffcfccfc000 	C:\WINDOWS\SYSTEM32\CRYPTBASE.dll
0x00007ffcfc7d0000 - 0x00007ffcfc80b000 	C:\WINDOWS\SYSTEM32\IPHLPAPI.DLL
0x00007ffcfe490000 - 0x00007ffcfe498000 	C:\WINDOWS\System32\NSI.dll
0x00007ffcf45a0000 - 0x00007ffcf45b7000 	C:\WINDOWS\SYSTEM32\dhcpcsvc6.DLL
0x00007ffcf51e0000 - 0x00007ffcf51fd000 	C:\WINDOWS\SYSTEM32\dhcpcsvc.DLL
0x00007ffcfc810000 - 0x00007ffcfc8db000 	C:\WINDOWS\SYSTEM32\DNSAPI.dll
0x00007ffcd4d20000 - 0x00007ffcd4d47000 	C:\Program Files\Android\Android Studio\jre\bin\sunec.dll
0x00007ffcf44e0000 - 0x00007ffcf44ea000 	C:\Windows\System32\rasadhlp.dll
0x00007ffcf35c0000 - 0x00007ffcf363f000 	C:\WINDOWS\System32\fwpuclnt.dll

dbghelp: loaded successfully - version: 4.0.5 - missing functions: none
symbol engine: initialized successfully - sym options: 0x614 - pdb path: .;C:\Program Files\Android\Android Studio\jre\bin;C:\WINDOWS\SYSTEM32;C:\WINDOWS\WinSxS\amd64_microsoft.windows.common-controls_6595b64144ccf1df_6.0.19041.1110_none_60b5254171f9507e;C:\Program Files\Android\Android Studio\jre\bin\server;C:\Users\Halcyon\.gradle\native\8bec1ad78214c89d9ad589b4d07fe93259594b29d510b10fafb7a158f7737e5d\windows-amd64;C:\Users\Halcyon\.gradle\native\53dbd7edfb1c66fb8903c78663c9afc45aea4f116125fa6feffd364cf09443e8\windows-amd64

VM Arguments:
jvm_args: --add-opens=java.base/java.util=ALL-UNNAMED --add-opens=java.base/java.lang=ALL-UNNAMED --add-opens=java.base/java.lang.invoke=ALL-UNNAMED --add-opens=java.base/java.util=ALL-UNNAMED --add-opens=java.prefs/java.util.prefs=ALL-UNNAMED --add-opens=java.prefs/java.util.prefs=ALL-UNNAMED --add-opens=java.base/java.nio.charset=ALL-UNNAMED --add-opens=java.base/java.net=ALL-UNNAMED --add-opens=java.base/java.util.concurrent.atomic=ALL-UNNAMED -Xmx2048m -Dfile.encoding=UTF-8 -Duser.country=US -Duser.language=en -Duser.variant 
java_command: org.gradle.launcher.daemon.bootstrap.GradleDaemon 7.0.2
java_class_path (initial): C:\Users\Halcyon\.gradle\wrapper\dists\gradle-7.0.2-bin\857tjihv64xamwrf0h14cai3r\gradle-7.0.2\lib\gradle-launcher-7.0.2.jar
Launcher Type: SUN_STANDARD

[Global flags]
     intx CICompilerCount                          = 4                                         {product} {ergonomic}
     uint ConcGCThreads                            = 2                                         {product} {ergonomic}
     uint G1ConcRefinementThreads                  = 8                                         {product} {ergonomic}
   size_t G1HeapRegionSize                         = 1048576                                   {product} {ergonomic}
    uintx GCDrainStackTargetSize                   = 64                                        {product} {ergonomic}
   size_t InitialHeapSize                          = 262144000                                 {product} {ergonomic}
   size_t MarkStackSize                            = 4194304                                   {product} {ergonomic}
   size_t MaxHeapSize                              = 2147483648                                {product} {command line}
   size_t MaxNewSize                               = 1287651328                                {product} {ergonomic}
   size_t MinHeapDeltaBytes                        = 1048576                                   {product} {ergonomic}
    uintx NonNMethodCodeHeapSize                   = 5836300                                {pd product} {ergonomic}
    uintx NonProfiledCodeHeapSize                  = 122910970                              {pd product} {ergonomic}
    uintx ProfiledCodeHeapSize                     = 122910970                              {pd product} {ergonomic}
    uintx ReservedCodeCacheSize                    = 251658240                              {pd product} {ergonomic}
     bool SegmentedCodeCache                       = true                                      {product} {ergonomic}
     bool UseCompressedClassPointers               = true                                 {lp64_product} {ergonomic}
     bool UseCompressedOops                        = true                                 {lp64_product} {ergonomic}
     bool UseG1GC                                  = true                                      {product} {ergonomic}
     bool UseLargePagesIndividualAllocation        = false                                  {pd product} {ergonomic}

Logging:
Log output configuration:
 #0: stdout all=warning uptime,level,tags
 #1: stderr all=off uptime,level,tags

Environment Variables:
PATH=C:\Program Files\Common Files\Oracle\Java\javapath;C:\Program Files\Eclipse Adoptium\jdk-17.0.1.12-hotspot\bin;C:\Program Files (x86)\Common Files\Oracle\Java\javapath;C:\WINDOWS\system32;C:\WINDOWS;C:\WINDOWS\System32\Wbem;C:\WINDOWS\System32\WindowsPowerShell\v1.0\;C:\WINDOWS\System32\OpenSSH\;C:\Program Files (x86)\IVI Foundation\VISA\WinNT\Bin\;C:\Program Files\IVI Foundation\VISA\Win64\Bin\;C:\Program Files\nodejs\;C:\Program Files (x86)\dotnet\;C:\Users\Halcyon\AppData\Local\Microsoft\WindowsApps;C:\Users\Halcyon\AppData\Local\Programs\Microsoft VS Code\bin;C:\Users\Halcyon\AppData\Local\Programs\Git\cmd;C:\Users\Halcyon\AppData\Roaming\npm
USERNAME=Halcyon
OS=Windows_NT
PROCESSOR_IDENTIFIER=Intel64 Family 6 Model 126 Stepping 5, GenuineIntel



---------------  S Y S T E M  ---------------

OS: Windows 10 , 64 bit Build 19041 (10.0.19041.1466)
OS uptime: 3 days 0:47 hours

CPU:total 8 (initial active 8) (4 cores per cpu, 2 threads per core) family 6 model 126 stepping 5 microcode 0xa6, cmov, cx8, fxsr, mmx, sse, sse2, sse3, ssse3, sse4.1, sse4.2, popcnt, avx, avx2, aes, clmul, erms, 3dnowpref, lzcnt, ht, tsc, tscinvbit, bmi1, bmi2, adx, evex, sha, fma

Memory: 4k page, system-wide physical 15970M (1611M free)
TotalPageFile size 20058M (AvailPageFile size 45M)
current process WorkingSet (physical memory assigned to process): 691M, peak: 709M
current process commit charge ("private bytes"): 769M, peak: 827M

vm_info: OpenJDK 64-Bit Server VM (11.0.10+0-b96-7249189) for windows-amd64 JRE (11.0.10+0-b96-7249189), built on Mar 31 2021 21:44:00 by "builder" with MS VC++ 14.0 (VS2015)

END.
